Watching for file changes with StatReloader
Watching for file changes with StatReloader
Watching for file changes with StatReloader
Watching for file changes with StatReloader
Watching for file changes with StatReloader
Watching for file changes with StatReloader
Watching for file changes with StatReloader
Watching for file changes with StatReloader
Watching for file changes with StatReloader
Not Found: /
"GET / HTTP/1.1" 404 5165
Not Found: /
"GET / HTTP/1.1" 404 5165
Not Found: /
"GET / HTTP/1.1" 404 5165
C:\Users\ADMIN\placement_portal\portal\urls.py changed, reloading.
Watching for file changes with StatReloader
C:\Users\ADMIN\placement_portal\portal\urls.py changed, reloading.
Watching for file changes with StatReloader
"GET / HTTP/1.1" 302 0
"GET /admin/ HTTP/1.1" 302 0
Internal Server Error: /admin/login/
Traceback (most recent call last):
  File "C:\Users\ADMIN\placement_portal\.venv\Lib\site-packages\django\core\handlers\exception.py", line 55, in inner
    response = get_response(request)
  File "C:\Users\ADMIN\placement_portal\.venv\Lib\site-packages\django\core\handlers\base.py", line 197, in _get_response
    response = wrapped_callback(request, *callback_args, **callback_kwargs)
  File "C:\Users\ADMIN\placement_portal\.venv\Lib\site-packages\django\utils\decorators.py", line 48, in _wrapper
    return bound_method(*args, **kwargs)
  File "C:\Users\ADMIN\placement_portal\.venv\Lib\site-packages\django\views\decorators\cache.py", line 80, in _view_wrapper
    response = view_func(request, *args, **kwargs)
  File "C:\Users\ADMIN\placement_portal\.venv\Lib\site-packages\django\contrib\admin\sites.py", line 425, in login
    **self.each_context(request),
      ~~~~~~~~~~~~~~~~~^^^^^^^^^
  File "C:\Users\ADMIN\placement_portal\.venv\Lib\site-packages\django\contrib\admin\sites.py", line 338, in each_context
    "available_apps": self.get_app_list(request),
                      ~~~~~~~~~~~~~~~~~^^^^^^^^^
  File "C:\Users\ADMIN\placement_portal\.venv\Lib\site-packages\django\contrib\admin\sites.py", line 541, in get_app_list
    app_dict = self._build_app_dict(request, app_label)
  File "C:\Users\ADMIN\placement_portal\.venv\Lib\site-packages\django\contrib\admin\sites.py", line 483, in _build_app_dict
    has_module_perms = model_admin.has_module_permission(request)
  File "C:\Users\ADMIN\placement_portal\.venv\Lib\site-packages\django\contrib\admin\options.py", line 640, in has_module_permission
    return request.user.has_module_perms(self.opts.app_label)
           ~~~~~~~~~~~~~~~~~~~~~~~~~~~~~^^^^^^^^^^^^^^^^^^^^^
  File "C:\Users\ADMIN\placement_portal\.venv\Lib\site-packages\django\contrib\auth\models.py", line 489, in has_module_perms
    return _user_has_module_perms(self, module)
  File "C:\Users\ADMIN\placement_portal\.venv\Lib\site-packages\django\contrib\auth\models.py", line 232, in _user_has_module_perms
    for backend in auth.get_backends():
                   ~~~~~~~~~~~~~~~~~^^
  File "C:\Users\ADMIN\placement_portal\.venv\Lib\site-packages\django\contrib\auth\__init__.py", line 40, in get_backends
    return _get_backends(return_tuples=False)
  File "C:\Users\ADMIN\placement_portal\.venv\Lib\site-packages\django\contrib\auth\__init__.py", line 29, in _get_backends
    backend = load_backend(backend_path)
  File "C:\Users\ADMIN\placement_portal\.venv\Lib\site-packages\django\contrib\auth\__init__.py", line 23, in load_backend
    return import_string(path)()
           ~~~~~~~~~~~~~^^^^^^
  File "C:\Users\ADMIN\placement_portal\.venv\Lib\site-packages\django\utils\module_loading.py", line 30, in import_string
    return cached_import(module_path, class_name)
  File "C:\Users\ADMIN\placement_portal\.venv\Lib\site-packages\django\utils\module_loading.py", line 15, in cached_import
    module = import_module(module_path)
  File "C:\Users\ADMIN\AppData\Local\Programs\Python\Python313\Lib\importlib\__init__.py", line 88, in import_module
    return _bootstrap._gcd_import(name[level:], package, level)
           ~~~~~~~~~~~~~~~~~~~~~~^^^^^^^^^^^^^^^^^^^^^^^^^^^^^^
  File "<frozen importlib._bootstrap>", line 1387, in _gcd_import
  File "<frozen importlib._bootstrap>", line 1360, in _find_and_load
  File "<frozen importlib._bootstrap>", line 1324, in _find_and_load_unlocked
ModuleNotFoundError: No module named 'portal.backends'
"GET /admin/login/?next=/admin/ HTTP/1.1" 500 133168
"GET / HTTP/1.1" 302 0
"GET /admin/ HTTP/1.1" 302 0
Internal Server Error: /admin/login/
Traceback (most recent call last):
  File "C:\Users\ADMIN\placement_portal\.venv\Lib\site-packages\django\core\handlers\exception.py", line 55, in inner
    response = get_response(request)
  File "C:\Users\ADMIN\placement_portal\.venv\Lib\site-packages\django\core\handlers\base.py", line 197, in _get_response
    response = wrapped_callback(request, *callback_args, **callback_kwargs)
  File "C:\Users\ADMIN\placement_portal\.venv\Lib\site-packages\django\utils\decorators.py", line 48, in _wrapper
    return bound_method(*args, **kwargs)
  File "C:\Users\ADMIN\placement_portal\.venv\Lib\site-packages\django\views\decorators\cache.py", line 80, in _view_wrapper
    response = view_func(request, *args, **kwargs)
  File "C:\Users\ADMIN\placement_portal\.venv\Lib\site-packages\django\contrib\admin\sites.py", line 425, in login
    **self.each_context(request),
      ~~~~~~~~~~~~~~~~~^^^^^^^^^
  File "C:\Users\ADMIN\placement_portal\.venv\Lib\site-packages\django\contrib\admin\sites.py", line 338, in each_context
    "available_apps": self.get_app_list(request),
                      ~~~~~~~~~~~~~~~~~^^^^^^^^^
  File "C:\Users\ADMIN\placement_portal\.venv\Lib\site-packages\django\contrib\admin\sites.py", line 541, in get_app_list
    app_dict = self._build_app_dict(request, app_label)
  File "C:\Users\ADMIN\placement_portal\.venv\Lib\site-packages\django\contrib\admin\sites.py", line 483, in _build_app_dict
    has_module_perms = model_admin.has_module_permission(request)
  File "C:\Users\ADMIN\placement_portal\.venv\Lib\site-packages\django\contrib\admin\options.py", line 640, in has_module_permission
    return request.user.has_module_perms(self.opts.app_label)
           ~~~~~~~~~~~~~~~~~~~~~~~~~~~~~^^^^^^^^^^^^^^^^^^^^^
  File "C:\Users\ADMIN\placement_portal\.venv\Lib\site-packages\django\contrib\auth\models.py", line 489, in has_module_perms
    return _user_has_module_perms(self, module)
  File "C:\Users\ADMIN\placement_portal\.venv\Lib\site-packages\django\contrib\auth\models.py", line 232, in _user_has_module_perms
    for backend in auth.get_backends():
                   ~~~~~~~~~~~~~~~~~^^
  File "C:\Users\ADMIN\placement_portal\.venv\Lib\site-packages\django\contrib\auth\__init__.py", line 40, in get_backends
    return _get_backends(return_tuples=False)
  File "C:\Users\ADMIN\placement_portal\.venv\Lib\site-packages\django\contrib\auth\__init__.py", line 29, in _get_backends
    backend = load_backend(backend_path)
  File "C:\Users\ADMIN\placement_portal\.venv\Lib\site-packages\django\contrib\auth\__init__.py", line 23, in load_backend
    return import_string(path)()
           ~~~~~~~~~~~~~^^^^^^
  File "C:\Users\ADMIN\placement_portal\.venv\Lib\site-packages\django\utils\module_loading.py", line 30, in import_string
    return cached_import(module_path, class_name)
  File "C:\Users\ADMIN\placement_portal\.venv\Lib\site-packages\django\utils\module_loading.py", line 15, in cached_import
    module = import_module(module_path)
  File "C:\Users\ADMIN\AppData\Local\Programs\Python\Python313\Lib\importlib\__init__.py", line 88, in import_module
    return _bootstrap._gcd_import(name[level:], package, level)
           ~~~~~~~~~~~~~~~~~~~~~~^^^^^^^^^^^^^^^^^^^^^^^^^^^^^^
  File "<frozen importlib._bootstrap>", line 1387, in _gcd_import
  File "<frozen importlib._bootstrap>", line 1360, in _find_and_load
  File "<frozen importlib._bootstrap>", line 1324, in _find_and_load_unlocked
ModuleNotFoundError: No module named 'portal.backends'
"GET /admin/login/?next=/admin/ HTTP/1.1" 500 133031
Watching for file changes with StatReloader
"GET /admin/login/?next=/admin/ HTTP/1.1" 200 4160
"GET /static/admin/css/base.css HTTP/1.1" 304 0
"GET /static/admin/css/dark_mode.css HTTP/1.1" 304 0
"GET /static/admin/css/nav_sidebar.css HTTP/1.1" 304 0
"GET /static/admin/css/login.css HTTP/1.1" 304 0
"GET /static/admin/css/responsive.css HTTP/1.1" 304 0
"GET /static/admin/js/theme.js HTTP/1.1" 304 0
"GET /static/admin/js/nav_sidebar.js HTTP/1.1" 304 0
"GET / HTTP/1.1" 302 0
"GET /admin/ HTTP/1.1" 302 0
"GET /admin/login/?next=/admin/ HTTP/1.1" 200 4160
"POST /admin/login/?next=/admin/ HTTP/1.1" 200 4322
"POST /admin/login/?next=/admin/ HTTP/1.1" 302 0
"GET /admin/ HTTP/1.1" 200 9803
"GET /static/admin/css/dashboard.css HTTP/1.1" 304 0
"GET /static/admin/img/icon-addlink.svg HTTP/1.1" 304 0
"GET /static/admin/img/icon-changelink.svg HTTP/1.1" 304 0
Internal Server Error: /admin/portal/application/
Traceback (most recent call last):
  File "C:\Users\ADMIN\placement_portal\.venv\Lib\site-packages\django\db\backends\utils.py", line 105, in _execute
    return self.cursor.execute(sql, params)
           ~~~~~~~~~~~~~~~~~~~^^^^^^^^^^^^^
  File "C:\Users\ADMIN\placement_portal\.venv\Lib\site-packages\django\db\backends\sqlite3\base.py", line 354, in execute
    return super().execute(query, params)
           ~~~~~~~~~~~~~~~^^^^^^^^^^^^^^^
sqlite3.OperationalError: no such column: portal_application.status

The above exception was the direct cause of the following exception:

Traceback (most recent call last):
  File "C:\Users\ADMIN\placement_portal\.venv\Lib\site-packages\django\core\handlers\exception.py", line 55, in inner
    response = get_response(request)
  File "C:\Users\ADMIN\placement_portal\.venv\Lib\site-packages\django\core\handlers\base.py", line 197, in _get_response
    response = wrapped_callback(request, *callback_args, **callback_kwargs)
  File "C:\Users\ADMIN\placement_portal\.venv\Lib\site-packages\django\contrib\admin\options.py", line 718, in wrapper
    return self.admin_site.admin_view(view)(*args, **kwargs)
           ~~~~~~~~~~~~~~~~~~~~~~~~~~~~~~~~^^^^^^^^^^^^^^^^^
  File "C:\Users\ADMIN\placement_portal\.venv\Lib\site-packages\django\utils\decorators.py", line 188, in _view_wrapper
    result = _process_exception(request, e)
  File "C:\Users\ADMIN\placement_portal\.venv\Lib\site-packages\django\utils\decorators.py", line 186, in _view_wrapper
    response = view_func(request, *args, **kwargs)
  File "C:\Users\ADMIN\placement_portal\.venv\Lib\site-packages\django\views\decorators\cache.py", line 80, in _view_wrapper
    response = view_func(request, *args, **kwargs)
  File "C:\Users\ADMIN\placement_portal\.venv\Lib\site-packages\django\contrib\admin\sites.py", line 241, in inner
    return view(request, *args, **kwargs)
  File "C:\Users\ADMIN\placement_portal\.venv\Lib\site-packages\django\utils\decorators.py", line 48, in _wrapper
    return bound_method(*args, **kwargs)
  File "C:\Users\ADMIN\placement_portal\.venv\Lib\site-packages\django\utils\decorators.py", line 188, in _view_wrapper
    result = _process_exception(request, e)
  File "C:\Users\ADMIN\placement_portal\.venv\Lib\site-packages\django\utils\decorators.py", line 186, in _view_wrapper
    response = view_func(request, *args, **kwargs)
  File "C:\Users\ADMIN\placement_portal\.venv\Lib\site-packages\django\contrib\admin\options.py", line 2140, in changelist_view
    "selection_note": _("0 of %(cnt)s selected") % {"cnt": len(cl.result_list)},
                                                           ~~~^^^^^^^^^^^^^^^^
  File "C:\Users\ADMIN\placement_portal\.venv\Lib\site-packages\django\db\models\query.py", line 382, in __len__
    self._fetch_all()
    ~~~~~~~~~~~~~~~^^
  File "C:\Users\ADMIN\placement_portal\.venv\Lib\site-packages\django\db\models\query.py", line 1928, in _fetch_all
    self._result_cache = list(self._iterable_class(self))
                         ~~~~^^^^^^^^^^^^^^^^^^^^^^^^^^^^
  File "C:\Users\ADMIN\placement_portal\.venv\Lib\site-packages\django\db\models\query.py", line 91, in __iter__
    results = compiler.execute_sql(
        chunked_fetch=self.chunked_fetch, chunk_size=self.chunk_size
    )
  File "C:\Users\ADMIN\placement_portal\.venv\Lib\site-packages\django\db\models\sql\compiler.py", line 1574, in execute_sql
    cursor.execute(sql, params)
    ~~~~~~~~~~~~~~^^^^^^^^^^^^^
  File "C:\Users\ADMIN\placement_portal\.venv\Lib\site-packages\django\db\backends\utils.py", line 122, in execute
    return super().execute(sql, params)
           ~~~~~~~~~~~~~~~^^^^^^^^^^^^^
  File "C:\Users\ADMIN\placement_portal\.venv\Lib\site-packages\django\db\backends\utils.py", line 79, in execute
    return self._execute_with_wrappers(
           ~~~~~~~~~~~~~~~~~~~~~~~~~~~^
        sql, params, many=False, executor=self._execute
        ^^^^^^^^^^^^^^^^^^^^^^^^^^^^^^^^^^^^^^^^^^^^^^^
    )
    ^
  File "C:\Users\ADMIN\placement_portal\.venv\Lib\site-packages\django\db\backends\utils.py", line 92, in _execute_with_wrappers
    return executor(sql, params, many, context)
  File "C:\Users\ADMIN\placement_portal\.venv\Lib\site-packages\django\db\backends\utils.py", line 100, in _execute
    with self.db.wrap_database_errors:
         ^^^^^^^^^^^^^^^^^^^^^^^^^^^^
  File "C:\Users\ADMIN\placement_portal\.venv\Lib\site-packages\django\db\utils.py", line 91, in __exit__
    raise dj_exc_value.with_traceback(traceback) from exc_value
  File "C:\Users\ADMIN\placement_portal\.venv\Lib\site-packages\django\db\backends\utils.py", line 105, in _execute
    return self.cursor.execute(sql, params)
           ~~~~~~~~~~~~~~~~~~~^^^^^^^^^^^^^
  File "C:\Users\ADMIN\placement_portal\.venv\Lib\site-packages\django\db\backends\sqlite3\base.py", line 354, in execute
    return super().execute(query, params)
           ~~~~~~~~~~~~~~~^^^^^^^^^^^^^^^
django.db.utils.OperationalError: no such column: portal_application.status
"GET /admin/portal/application/ HTTP/1.1" 500 173143
"GET /admin/ HTTP/1.1" 200 9803
"GET /admin/auth/user/4/change/ HTTP/1.1" 200 24665
"GET /static/admin/css/forms.css HTTP/1.1" 304 0
"GET /static/admin/js/vendor/jquery/jquery.js HTTP/1.1" 304 0
"GET /static/admin/js/jquery.init.js HTTP/1.1" 304 0
"GET /static/admin/js/core.js HTTP/1.1" 304 0
"GET /static/admin/js/admin/RelatedObjectLookups.js HTTP/1.1" 304 0
"GET /static/admin/js/actions.js HTTP/1.1" 304 0
"GET /static/admin/js/prepopulate.js HTTP/1.1" 304 0
"GET /static/admin/js/urlify.js HTTP/1.1" 304 0
"GET /static/admin/js/admin/DateTimeShortcuts.js HTTP/1.1" 304 0
"GET /static/admin/js/SelectFilter2.js HTTP/1.1" 304 0
"GET /static/admin/css/widgets.css HTTP/1.1" 304 0
"GET /static/admin/js/SelectBox.js HTTP/1.1" 304 0
"GET /static/admin/js/vendor/xregexp/xregexp.js HTTP/1.1" 304 0
"GET /static/admin/js/calendar.js HTTP/1.1" 304 0
"GET /admin/jsi18n/ HTTP/1.1" 200 5754
"GET /static/admin/js/prepopulate_init.js HTTP/1.1" 304 0
"GET /static/admin/js/change_form.js HTTP/1.1" 304 0
"GET /static/admin/img/search.svg HTTP/1.1" 304 0
"GET /static/admin/img/selector-icons.svg HTTP/1.1" 304 0
"GET /static/admin/img/icon-calendar.svg HTTP/1.1" 304 0
"GET /static/admin/img/icon-clock.svg HTTP/1.1" 304 0
Internal Server Error: /admin/portal/student/
Traceback (most recent call last):
  File "C:\Users\ADMIN\placement_portal\.venv\Lib\site-packages\django\db\backends\utils.py", line 105, in _execute
    return self.cursor.execute(sql, params)
           ~~~~~~~~~~~~~~~~~~~^^^^^^^^^^^^^
  File "C:\Users\ADMIN\placement_portal\.venv\Lib\site-packages\django\db\backends\sqlite3\base.py", line 354, in execute
    return super().execute(query, params)
           ~~~~~~~~~~~~~~~^^^^^^^^^^^^^^^
sqlite3.OperationalError: no such column: portal_student.user_id

The above exception was the direct cause of the following exception:

Traceback (most recent call last):
  File "C:\Users\ADMIN\placement_portal\.venv\Lib\site-packages\django\core\handlers\exception.py", line 55, in inner
    response = get_response(request)
  File "C:\Users\ADMIN\placement_portal\.venv\Lib\site-packages\django\core\handlers\base.py", line 197, in _get_response
    response = wrapped_callback(request, *callback_args, **callback_kwargs)
  File "C:\Users\ADMIN\placement_portal\.venv\Lib\site-packages\django\contrib\admin\options.py", line 718, in wrapper
    return self.admin_site.admin_view(view)(*args, **kwargs)
           ~~~~~~~~~~~~~~~~~~~~~~~~~~~~~~~~^^^^^^^^^^^^^^^^^
  File "C:\Users\ADMIN\placement_portal\.venv\Lib\site-packages\django\utils\decorators.py", line 188, in _view_wrapper
    result = _process_exception(request, e)
  File "C:\Users\ADMIN\placement_portal\.venv\Lib\site-packages\django\utils\decorators.py", line 186, in _view_wrapper
    response = view_func(request, *args, **kwargs)
  File "C:\Users\ADMIN\placement_portal\.venv\Lib\site-packages\django\views\decorators\cache.py", line 80, in _view_wrapper
    response = view_func(request, *args, **kwargs)
  File "C:\Users\ADMIN\placement_portal\.venv\Lib\site-packages\django\contrib\admin\sites.py", line 241, in inner
    return view(request, *args, **kwargs)
  File "C:\Users\ADMIN\placement_portal\.venv\Lib\site-packages\django\utils\decorators.py", line 48, in _wrapper
    return bound_method(*args, **kwargs)
  File "C:\Users\ADMIN\placement_portal\.venv\Lib\site-packages\django\utils\decorators.py", line 188, in _view_wrapper
    result = _process_exception(request, e)
  File "C:\Users\ADMIN\placement_portal\.venv\Lib\site-packages\django\utils\decorators.py", line 186, in _view_wrapper
    response = view_func(request, *args, **kwargs)
  File "C:\Users\ADMIN\placement_portal\.venv\Lib\site-packages\django\contrib\admin\options.py", line 2140, in changelist_view
    "selection_note": _("0 of %(cnt)s selected") % {"cnt": len(cl.result_list)},
                                                           ~~~^^^^^^^^^^^^^^^^
  File "C:\Users\ADMIN\placement_portal\.venv\Lib\site-packages\django\db\models\query.py", line 382, in __len__
    self._fetch_all()
    ~~~~~~~~~~~~~~~^^
  File "C:\Users\ADMIN\placement_portal\.venv\Lib\site-packages\django\db\models\query.py", line 1928, in _fetch_all
    self._result_cache = list(self._iterable_class(self))
                         ~~~~^^^^^^^^^^^^^^^^^^^^^^^^^^^^
  File "C:\Users\ADMIN\placement_portal\.venv\Lib\site-packages\django\db\models\query.py", line 91, in __iter__
    results = compiler.execute_sql(
        chunked_fetch=self.chunked_fetch, chunk_size=self.chunk_size
    )
  File "C:\Users\ADMIN\placement_portal\.venv\Lib\site-packages\django\db\models\sql\compiler.py", line 1574, in execute_sql
    cursor.execute(sql, params)
    ~~~~~~~~~~~~~~^^^^^^^^^^^^^
  File "C:\Users\ADMIN\placement_portal\.venv\Lib\site-packages\django\db\backends\utils.py", line 122, in execute
    return super().execute(sql, params)
           ~~~~~~~~~~~~~~~^^^^^^^^^^^^^
  File "C:\Users\ADMIN\placement_portal\.venv\Lib\site-packages\django\db\backends\utils.py", line 79, in execute
    return self._execute_with_wrappers(
           ~~~~~~~~~~~~~~~~~~~~~~~~~~~^
        sql, params, many=False, executor=self._execute
        ^^^^^^^^^^^^^^^^^^^^^^^^^^^^^^^^^^^^^^^^^^^^^^^
    )
    ^
  File "C:\Users\ADMIN\placement_portal\.venv\Lib\site-packages\django\db\backends\utils.py", line 92, in _execute_with_wrappers
    return executor(sql, params, many, context)
  File "C:\Users\ADMIN\placement_portal\.venv\Lib\site-packages\django\db\backends\utils.py", line 100, in _execute
    with self.db.wrap_database_errors:
         ^^^^^^^^^^^^^^^^^^^^^^^^^^^^
  File "C:\Users\ADMIN\placement_portal\.venv\Lib\site-packages\django\db\utils.py", line 91, in __exit__
    raise dj_exc_value.with_traceback(traceback) from exc_value
  File "C:\Users\ADMIN\placement_portal\.venv\Lib\site-packages\django\db\backends\utils.py", line 105, in _execute
    return self.cursor.execute(sql, params)
           ~~~~~~~~~~~~~~~~~~~^^^^^^^^^^^^^
  File "C:\Users\ADMIN\placement_portal\.venv\Lib\site-packages\django\db\backends\sqlite3\base.py", line 354, in execute
    return super().execute(query, params)
           ~~~~~~~~~~~~~~~^^^^^^^^^^^^^^^
django.db.utils.OperationalError: no such column: portal_student.user_id
"GET /admin/portal/student/ HTTP/1.1" 500 173197
"GET /admin/auth/user/4/change/ HTTP/1.1" 200 24665
Internal Server Error: /admin/portal/job/
Traceback (most recent call last):
  File "C:\Users\ADMIN\placement_portal\.venv\Lib\site-packages\django\db\backends\utils.py", line 105, in _execute
    return self.cursor.execute(sql, params)
           ~~~~~~~~~~~~~~~~~~~^^^^^^^^^^^^^
  File "C:\Users\ADMIN\placement_portal\.venv\Lib\site-packages\django\db\backends\sqlite3\base.py", line 354, in execute
    return super().execute(query, params)
           ~~~~~~~~~~~~~~~^^^^^^^^^^^^^^^
sqlite3.OperationalError: no such column: portal_job.salary

The above exception was the direct cause of the following exception:

Traceback (most recent call last):
  File "C:\Users\ADMIN\placement_portal\.venv\Lib\site-packages\django\core\handlers\exception.py", line 55, in inner
    response = get_response(request)
  File "C:\Users\ADMIN\placement_portal\.venv\Lib\site-packages\django\core\handlers\base.py", line 197, in _get_response
    response = wrapped_callback(request, *callback_args, **callback_kwargs)
  File "C:\Users\ADMIN\placement_portal\.venv\Lib\site-packages\django\contrib\admin\options.py", line 718, in wrapper
    return self.admin_site.admin_view(view)(*args, **kwargs)
           ~~~~~~~~~~~~~~~~~~~~~~~~~~~~~~~~^^^^^^^^^^^^^^^^^
  File "C:\Users\ADMIN\placement_portal\.venv\Lib\site-packages\django\utils\decorators.py", line 188, in _view_wrapper
    result = _process_exception(request, e)
  File "C:\Users\ADMIN\placement_portal\.venv\Lib\site-packages\django\utils\decorators.py", line 186, in _view_wrapper
    response = view_func(request, *args, **kwargs)
  File "C:\Users\ADMIN\placement_portal\.venv\Lib\site-packages\django\views\decorators\cache.py", line 80, in _view_wrapper
    response = view_func(request, *args, **kwargs)
  File "C:\Users\ADMIN\placement_portal\.venv\Lib\site-packages\django\contrib\admin\sites.py", line 241, in inner
    return view(request, *args, **kwargs)
  File "C:\Users\ADMIN\placement_portal\.venv\Lib\site-packages\django\utils\decorators.py", line 48, in _wrapper
    return bound_method(*args, **kwargs)
  File "C:\Users\ADMIN\placement_portal\.venv\Lib\site-packages\django\utils\decorators.py", line 188, in _view_wrapper
    result = _process_exception(request, e)
  File "C:\Users\ADMIN\placement_portal\.venv\Lib\site-packages\django\utils\decorators.py", line 186, in _view_wrapper
    response = view_func(request, *args, **kwargs)
  File "C:\Users\ADMIN\placement_portal\.venv\Lib\site-packages\django\contrib\admin\options.py", line 2140, in changelist_view
    "selection_note": _("0 of %(cnt)s selected") % {"cnt": len(cl.result_list)},
                                                           ~~~^^^^^^^^^^^^^^^^
  File "C:\Users\ADMIN\placement_portal\.venv\Lib\site-packages\django\db\models\query.py", line 382, in __len__
    self._fetch_all()
    ~~~~~~~~~~~~~~~^^
  File "C:\Users\ADMIN\placement_portal\.venv\Lib\site-packages\django\db\models\query.py", line 1928, in _fetch_all
    self._result_cache = list(self._iterable_class(self))
                         ~~~~^^^^^^^^^^^^^^^^^^^^^^^^^^^^
  File "C:\Users\ADMIN\placement_portal\.venv\Lib\site-packages\django\db\models\query.py", line 91, in __iter__
    results = compiler.execute_sql(
        chunked_fetch=self.chunked_fetch, chunk_size=self.chunk_size
    )
  File "C:\Users\ADMIN\placement_portal\.venv\Lib\site-packages\django\db\models\sql\compiler.py", line 1574, in execute_sql
    cursor.execute(sql, params)
    ~~~~~~~~~~~~~~^^^^^^^^^^^^^
  File "C:\Users\ADMIN\placement_portal\.venv\Lib\site-packages\django\db\backends\utils.py", line 122, in execute
    return super().execute(sql, params)
           ~~~~~~~~~~~~~~~^^^^^^^^^^^^^
  File "C:\Users\ADMIN\placement_portal\.venv\Lib\site-packages\django\db\backends\utils.py", line 79, in execute
    return self._execute_with_wrappers(
           ~~~~~~~~~~~~~~~~~~~~~~~~~~~^
        sql, params, many=False, executor=self._execute
        ^^^^^^^^^^^^^^^^^^^^^^^^^^^^^^^^^^^^^^^^^^^^^^^
    )
    ^
  File "C:\Users\ADMIN\placement_portal\.venv\Lib\site-packages\django\db\backends\utils.py", line 92, in _execute_with_wrappers
    return executor(sql, params, many, context)
  File "C:\Users\ADMIN\placement_portal\.venv\Lib\site-packages\django\db\backends\utils.py", line 100, in _execute
    with self.db.wrap_database_errors:
         ^^^^^^^^^^^^^^^^^^^^^^^^^^^^
  File "C:\Users\ADMIN\placement_portal\.venv\Lib\site-packages\django\db\utils.py", line 91, in __exit__
    raise dj_exc_value.with_traceback(traceback) from exc_value
  File "C:\Users\ADMIN\placement_portal\.venv\Lib\site-packages\django\db\backends\utils.py", line 105, in _execute
    return self.cursor.execute(sql, params)
           ~~~~~~~~~~~~~~~~~~~^^^^^^^^^^^^^
  File "C:\Users\ADMIN\placement_portal\.venv\Lib\site-packages\django\db\backends\sqlite3\base.py", line 354, in execute
    return super().execute(query, params)
           ~~~~~~~~~~~~~~~^^^^^^^^^^^^^^^
django.db.utils.OperationalError: no such column: portal_job.salary
"GET /admin/portal/job/ HTTP/1.1" 500 183355
"GET /admin/auth/user/4/change/ HTTP/1.1" 200 24665
Watching for file changes with StatReloader
Watching for file changes with StatReloader
"GET /admin/auth/user/4/change/ HTTP/1.1" 200 25405
"GET /admin/jsi18n/ HTTP/1.1" 200 5754
"GET /admin/portal/student/ HTTP/1.1" 200 9521
"GET /static/admin/css/changelists.css HTTP/1.1" 304 0
"GET /static/admin/js/filters.js HTTP/1.1" 304 0
"GET /admin/jsi18n/ HTTP/1.1" 200 5754
"GET /static/admin/img/tooltag-add.svg HTTP/1.1" 304 0
"GET /admin/portal/recruiter/ HTTP/1.1" 200 9535
"GET /admin/jsi18n/ HTTP/1.1" 200 5754
"GET /admin/portal/student/ HTTP/1.1" 200 9521
"GET /admin/jsi18n/ HTTP/1.1" 200 5754
"GET /admin/portal/job/ HTTP/1.1" 200 10382
"GET /admin/jsi18n/ HTTP/1.1" 200 5754
"GET /static/admin/img/icon-viewlink.svg HTTP/1.1" 304 0
"GET /admin/portal/student/ HTTP/1.1" 200 9521
"GET /admin/jsi18n/ HTTP/1.1" 200 5754
"GET /admin/portal/student/add/ HTTP/1.1" 200 13878
"GET /admin/jsi18n/ HTTP/1.1" 200 5754
"POST /admin/portal/student/add/ HTTP/1.1" 302 0
"GET /admin/portal/student/ HTTP/1.1" 200 11035
"GET /admin/jsi18n/ HTTP/1.1" 200 5754
"GET /static/admin/img/icon-yes.svg HTTP/1.1" 304 0
"GET /admin/portal/student/ HTTP/1.1" 200 10823
"GET /admin/jsi18n/ HTTP/1.1" 200 5754
"GET /admin/portal/student/1/change/ HTTP/1.1" 200 14221
"GET /admin/jsi18n/ HTTP/1.1" 200 5754
"POST /admin/portal/student/1/change/ HTTP/1.1" 302 0
"GET /admin/portal/student/add/ HTTP/1.1" 200 14127
"GET /admin/jsi18n/ HTTP/1.1" 200 5754
"POST /admin/portal/student/add/ HTTP/1.1" 302 0
"GET /admin/portal/student/ HTTP/1.1" 200 11322
"GET /admin/jsi18n/ HTTP/1.1" 200 5754
"GET /admin/portal/student/2/change/ HTTP/1.1" 200 14208
"GET /admin/jsi18n/ HTTP/1.1" 200 5754
"GET /admin/auth/user/3/change/?_to_field=id&_popup=1 HTTP/1.1" 200 19271
"GET /admin/jsi18n/ HTTP/1.1" 200 5754
"POST /admin/auth/user/3/change/?_to_field=id&_popup=1 HTTP/1.1" 200 403
"GET /static/admin/js/popup_response.js HTTP/1.1" 200 532
"GET /admin/auth/user/3/change/?_to_field=id HTTP/1.1" 200 25475
"GET /admin/jsi18n/ HTTP/1.1" 200 5754
"GET /admin/portal/student/ HTTP/1.1" 200 11110
"GET /admin/jsi18n/ HTTP/1.1" 200 5754
"GET /admin/portal/student/2/change/ HTTP/1.1" 200 14208
"GET /admin/jsi18n/ HTTP/1.1" 200 5754
"POST /admin/portal/student/2/change/ HTTP/1.1" 302 0
"GET /admin/portal/student/ HTTP/1.1" 200 11324
"GET /admin/jsi18n/ HTTP/1.1" 200 5754
"GET /admin/portal/job/ HTTP/1.1" 200 10382
"GET /admin/jsi18n/ HTTP/1.1" 200 5754
"GET /admin/portal/job/add/ HTTP/1.1" 200 14596
"GET /admin/jsi18n/ HTTP/1.1" 200 5754
"GET /admin/portal/recruiter/ HTTP/1.1" 200 9535
"GET /admin/jsi18n/ HTTP/1.1" 200 5754
"GET /admin/portal/recruiter/add/ HTTP/1.1" 200 12594
"GET /admin/jsi18n/ HTTP/1.1" 200 5754
"POST /admin/portal/recruiter/add/ HTTP/1.1" 302 0
"GET /admin/portal/recruiter/1/change/ HTTP/1.1" 200 13143
"GET /admin/jsi18n/ HTTP/1.1" 200 5754
"GET /admin/portal/job/ HTTP/1.1" 200 10382
"GET /admin/jsi18n/ HTTP/1.1" 200 5754
"GET /admin/portal/job/add/ HTTP/1.1" 200 14647
"GET /admin/jsi18n/ HTTP/1.1" 200 5754
Internal Server Error: /admin/portal/job/add/
Traceback (most recent call last):
  File "C:\Users\ADMIN\placement_portal\.venv\Lib\site-packages\django\core\handlers\exception.py", line 55, in inner
    response = get_response(request)
  File "C:\Users\ADMIN\placement_portal\.venv\Lib\site-packages\django\core\handlers\base.py", line 197, in _get_response
    response = wrapped_callback(request, *callback_args, **callback_kwargs)
  File "C:\Users\ADMIN\placement_portal\.venv\Lib\site-packages\django\contrib\admin\options.py", line 718, in wrapper
    return self.admin_site.admin_view(view)(*args, **kwargs)
           ~~~~~~~~~~~~~~~~~~~~~~~~~~~~~~~~^^^^^^^^^^^^^^^^^
  File "C:\Users\ADMIN\placement_portal\.venv\Lib\site-packages\django\utils\decorators.py", line 188, in _view_wrapper
    result = _process_exception(request, e)
  File "C:\Users\ADMIN\placement_portal\.venv\Lib\site-packages\django\utils\decorators.py", line 186, in _view_wrapper
    response = view_func(request, *args, **kwargs)
  File "C:\Users\ADMIN\placement_portal\.venv\Lib\site-packages\django\views\decorators\cache.py", line 80, in _view_wrapper
    response = view_func(request, *args, **kwargs)
  File "C:\Users\ADMIN\placement_portal\.venv\Lib\site-packages\django\contrib\admin\sites.py", line 241, in inner
    return view(request, *args, **kwargs)
  File "C:\Users\ADMIN\placement_portal\.venv\Lib\site-packages\django\contrib\admin\options.py", line 1961, in add_view
    return self.changeform_view(request, None, form_url, extra_context)
           ~~~~~~~~~~~~~~~~~~~~^^^^^^^^^^^^^^^^^^^^^^^^^^^^^^^^^^^^^^^^
  File "C:\Users\ADMIN\placement_portal\.venv\Lib\site-packages\django\utils\decorators.py", line 48, in _wrapper
    return bound_method(*args, **kwargs)
  File "C:\Users\ADMIN\placement_portal\.venv\Lib\site-packages\django\utils\decorators.py", line 188, in _view_wrapper
    result = _process_exception(request, e)
  File "C:\Users\ADMIN\placement_portal\.venv\Lib\site-packages\django\utils\decorators.py", line 186, in _view_wrapper
    response = view_func(request, *args, **kwargs)
  File "C:\Users\ADMIN\placement_portal\.venv\Lib\site-packages\django\contrib\admin\options.py", line 1820, in changeform_view
    return self._changeform_view(request, object_id, form_url, extra_context)
           ~~~~~~~~~~~~~~~~~~~~~^^^^^^^^^^^^^^^^^^^^^^^^^^^^^^^^^^^^^^^^^^^^^
  File "C:\Users\ADMIN\placement_portal\.venv\Lib\site-packages\django\contrib\admin\options.py", line 1871, in _changeform_view
    self.save_model(request, new_object, form, not add)
    ~~~~~~~~~~~~~~~^^^^^^^^^^^^^^^^^^^^^^^^^^^^^^^^^^^^
  File "C:\Users\ADMIN\placement_portal\.venv\Lib\site-packages\django\contrib\admin\options.py", line 1294, in save_model
    obj.save()
    ~~~~~~~~^^
  File "C:\Users\ADMIN\placement_portal\.venv\Lib\site-packages\django\db\models\base.py", line 891, in save
    self.save_base(
    ~~~~~~~~~~~~~~^
        using=using,
        ^^^^^^^^^^^^
    ...<2 lines>...
        update_fields=update_fields,
        ^^^^^^^^^^^^^^^^^^^^^^^^^^^^
    )
    ^
  File "C:\Users\ADMIN\placement_portal\.venv\Lib\site-packages\django\db\models\base.py", line 1012, in save_base
    post_save.send(
    ~~~~~~~~~~~~~~^
        sender=origin,
        ^^^^^^^^^^^^^^
    ...<4 lines>...
        using=using,
        ^^^^^^^^^^^^
    )
    ^
  File "C:\Users\ADMIN\placement_portal\.venv\Lib\site-packages\django\dispatch\dispatcher.py", line 189, in send
    response = receiver(signal=self, sender=sender, **named)
  File "C:\Users\ADMIN\placement_portal\portal\views.py", line 243, in notify_students
    send_mail(
    ~~~~~~~~~^
        'New Job Posted',
        ^^^^^^^^^^^^^^^^^
    ...<3 lines>...
        fail_silently=False,
        ^^^^^^^^^^^^^^^^^^^^
    )
    ^
  File "C:\Users\ADMIN\placement_portal\.venv\Lib\site-packages\django\core\mail\__init__.py", line 88, in send_mail
    return mail.send()
           ~~~~~~~~~^^
  File "C:\Users\ADMIN\placement_portal\.venv\Lib\site-packages\django\core\mail\message.py", line 301, in send
    return self.get_connection(fail_silently).send_messages([self])
           ~~~~~~~~~~~~~~~~~~~~~~~~~~~~~~~~~~~~~~~~~~~~~~~~^^^^^^^^
  File "C:\Users\ADMIN\placement_portal\.venv\Lib\site-packages\django\core\mail\backends\smtp.py", line 136, in send_messages
    sent = self._send(message)
  File "C:\Users\ADMIN\placement_portal\.venv\Lib\site-packages\django\core\mail\backends\smtp.py", line 155, in _send
    self.connection.sendmail(
    ~~~~~~~~~~~~~~~~~~~~~~~~^
        from_email, recipients, message.as_bytes(linesep="\r\n")
        ^^^^^^^^^^^^^^^^^^^^^^^^^^^^^^^^^^^^^^^^^^^^^^^^^^^^^^^^
    )
    ^
  File "C:\Users\ADMIN\AppData\Local\Programs\Python\Python313\Lib\smtplib.py", line 876, in sendmail
    raise SMTPSenderRefused(code, resp, from_addr)
smtplib.SMTPSenderRefused: (530, b'5.7.0 Authentication Required. For more information, go to\n5.7.0  https://support.google.com/mail/?p=WantAuthError 98e67ed59e1d1-2ee58edd888sm8378650a91.25 - gsmtp', 'from@example.com')
"POST /admin/portal/job/add/ HTTP/1.1" 500 170904
Watching for file changes with StatReloader
"GET /admin/portal/job/add/ HTTP/1.1" 200 14647
Internal Server Error: /admin/portal/job/add/
Traceback (most recent call last):
  File "C:\Users\ADMIN\placement_portal\.venv\Lib\site-packages\django\core\handlers\exception.py", line 55, in inner
    response = get_response(request)
  File "C:\Users\ADMIN\placement_portal\.venv\Lib\site-packages\django\core\handlers\base.py", line 197, in _get_response
    response = wrapped_callback(request, *callback_args, **callback_kwargs)
  File "C:\Users\ADMIN\placement_portal\.venv\Lib\site-packages\django\contrib\admin\options.py", line 718, in wrapper
    return self.admin_site.admin_view(view)(*args, **kwargs)
           ~~~~~~~~~~~~~~~~~~~~~~~~~~~~~~~~^^^^^^^^^^^^^^^^^
  File "C:\Users\ADMIN\placement_portal\.venv\Lib\site-packages\django\utils\decorators.py", line 188, in _view_wrapper
    result = _process_exception(request, e)
  File "C:\Users\ADMIN\placement_portal\.venv\Lib\site-packages\django\utils\decorators.py", line 186, in _view_wrapper
    response = view_func(request, *args, **kwargs)
  File "C:\Users\ADMIN\placement_portal\.venv\Lib\site-packages\django\views\decorators\cache.py", line 80, in _view_wrapper
    response = view_func(request, *args, **kwargs)
  File "C:\Users\ADMIN\placement_portal\.venv\Lib\site-packages\django\contrib\admin\sites.py", line 241, in inner
    return view(request, *args, **kwargs)
  File "C:\Users\ADMIN\placement_portal\.venv\Lib\site-packages\django\contrib\admin\options.py", line 1961, in add_view
    return self.changeform_view(request, None, form_url, extra_context)
           ~~~~~~~~~~~~~~~~~~~~^^^^^^^^^^^^^^^^^^^^^^^^^^^^^^^^^^^^^^^^
  File "C:\Users\ADMIN\placement_portal\.venv\Lib\site-packages\django\utils\decorators.py", line 48, in _wrapper
    return bound_method(*args, **kwargs)
  File "C:\Users\ADMIN\placement_portal\.venv\Lib\site-packages\django\utils\decorators.py", line 188, in _view_wrapper
    result = _process_exception(request, e)
  File "C:\Users\ADMIN\placement_portal\.venv\Lib\site-packages\django\utils\decorators.py", line 186, in _view_wrapper
    response = view_func(request, *args, **kwargs)
  File "C:\Users\ADMIN\placement_portal\.venv\Lib\site-packages\django\contrib\admin\options.py", line 1820, in changeform_view
    return self._changeform_view(request, object_id, form_url, extra_context)
           ~~~~~~~~~~~~~~~~~~~~~^^^^^^^^^^^^^^^^^^^^^^^^^^^^^^^^^^^^^^^^^^^^^
  File "C:\Users\ADMIN\placement_portal\.venv\Lib\site-packages\django\contrib\admin\options.py", line 1871, in _changeform_view
    self.save_model(request, new_object, form, not add)
    ~~~~~~~~~~~~~~~^^^^^^^^^^^^^^^^^^^^^^^^^^^^^^^^^^^^
  File "C:\Users\ADMIN\placement_portal\.venv\Lib\site-packages\django\contrib\admin\options.py", line 1294, in save_model
    obj.save()
    ~~~~~~~~^^
  File "C:\Users\ADMIN\placement_portal\.venv\Lib\site-packages\django\db\models\base.py", line 891, in save
    self.save_base(
    ~~~~~~~~~~~~~~^
        using=using,
        ^^^^^^^^^^^^
    ...<2 lines>...
        update_fields=update_fields,
        ^^^^^^^^^^^^^^^^^^^^^^^^^^^^
    )
    ^
  File "C:\Users\ADMIN\placement_portal\.venv\Lib\site-packages\django\db\models\base.py", line 1012, in save_base
    post_save.send(
    ~~~~~~~~~~~~~~^
        sender=origin,
        ^^^^^^^^^^^^^^
    ...<4 lines>...
        using=using,
        ^^^^^^^^^^^^
    )
    ^
  File "C:\Users\ADMIN\placement_portal\.venv\Lib\site-packages\django\dispatch\dispatcher.py", line 189, in send
    response = receiver(signal=self, sender=sender, **named)
  File "C:\Users\ADMIN\placement_portal\portal\views.py", line 243, in notify_students
    send_mail(
    ~~~~~~~~~^
        'New Job Posted',
        ^^^^^^^^^^^^^^^^^
    ...<3 lines>...
        fail_silently=False,
        ^^^^^^^^^^^^^^^^^^^^
    )
    ^
  File "C:\Users\ADMIN\placement_portal\.venv\Lib\site-packages\django\core\mail\__init__.py", line 88, in send_mail
    return mail.send()
           ~~~~~~~~~^^
  File "C:\Users\ADMIN\placement_portal\.venv\Lib\site-packages\django\core\mail\message.py", line 301, in send
    return self.get_connection(fail_silently).send_messages([self])
           ~~~~~~~~~~~~~~~~~~~~~~~~~~~~~~~~~~~~~~~~~~~~~~~~^^^^^^^^
  File "C:\Users\ADMIN\placement_portal\.venv\Lib\site-packages\django\core\mail\backends\smtp.py", line 128, in send_messages
    new_conn_created = self.open()
  File "C:\Users\ADMIN\placement_portal\.venv\Lib\site-packages\django\core\mail\backends\smtp.py", line 95, in open
    self.connection.login(self.username, self.password)
    ~~~~~~~~~~~~~~~~~~~~~^^^^^^^^^^^^^^^^^^^^^^^^^^^^^^
  File "C:\Users\ADMIN\AppData\Local\Programs\Python\Python313\Lib\smtplib.py", line 750, in login
    raise last_exception
  File "C:\Users\ADMIN\AppData\Local\Programs\Python\Python313\Lib\smtplib.py", line 739, in login
    (code, resp) = self.auth(
                   ~~~~~~~~~^
        authmethod, getattr(self, method_name),
        ^^^^^^^^^^^^^^^^^^^^^^^^^^^^^^^^^^^^^^^
        initial_response_ok=initial_response_ok)
        ^^^^^^^^^^^^^^^^^^^^^^^^^^^^^^^^^^^^^^^^
  File "C:\Users\ADMIN\AppData\Local\Programs\Python\Python313\Lib\smtplib.py", line 662, in auth
    raise SMTPAuthenticationError(code, resp)
smtplib.SMTPAuthenticationError: (535, b'5.7.8 Username and Password not accepted. For more information, go to\n5.7.8  https://support.google.com/mail/?p=BadCredentials d2e1a72fcca58-7254f689085sm8723700b3a.131 - gsmtp')
"POST /admin/portal/job/add/ HTTP/1.1" 500 180912
Watching for file changes with StatReloader
"GET /admin/portal/job/add/ HTTP/1.1" 200 14647
Internal Server Error: /admin/portal/job/add/
Traceback (most recent call last):
  File "C:\Users\ADMIN\placement_portal\.venv\Lib\site-packages\django\core\handlers\exception.py", line 55, in inner
    response = get_response(request)
  File "C:\Users\ADMIN\placement_portal\.venv\Lib\site-packages\django\core\handlers\base.py", line 197, in _get_response
    response = wrapped_callback(request, *callback_args, **callback_kwargs)
  File "C:\Users\ADMIN\placement_portal\.venv\Lib\site-packages\django\contrib\admin\options.py", line 718, in wrapper
    return self.admin_site.admin_view(view)(*args, **kwargs)
           ~~~~~~~~~~~~~~~~~~~~~~~~~~~~~~~~^^^^^^^^^^^^^^^^^
  File "C:\Users\ADMIN\placement_portal\.venv\Lib\site-packages\django\utils\decorators.py", line 188, in _view_wrapper
    result = _process_exception(request, e)
  File "C:\Users\ADMIN\placement_portal\.venv\Lib\site-packages\django\utils\decorators.py", line 186, in _view_wrapper
    response = view_func(request, *args, **kwargs)
  File "C:\Users\ADMIN\placement_portal\.venv\Lib\site-packages\django\views\decorators\cache.py", line 80, in _view_wrapper
    response = view_func(request, *args, **kwargs)
  File "C:\Users\ADMIN\placement_portal\.venv\Lib\site-packages\django\contrib\admin\sites.py", line 241, in inner
    return view(request, *args, **kwargs)
  File "C:\Users\ADMIN\placement_portal\.venv\Lib\site-packages\django\contrib\admin\options.py", line 1961, in add_view
    return self.changeform_view(request, None, form_url, extra_context)
           ~~~~~~~~~~~~~~~~~~~~^^^^^^^^^^^^^^^^^^^^^^^^^^^^^^^^^^^^^^^^
  File "C:\Users\ADMIN\placement_portal\.venv\Lib\site-packages\django\utils\decorators.py", line 48, in _wrapper
    return bound_method(*args, **kwargs)
  File "C:\Users\ADMIN\placement_portal\.venv\Lib\site-packages\django\utils\decorators.py", line 188, in _view_wrapper
    result = _process_exception(request, e)
  File "C:\Users\ADMIN\placement_portal\.venv\Lib\site-packages\django\utils\decorators.py", line 186, in _view_wrapper
    response = view_func(request, *args, **kwargs)
  File "C:\Users\ADMIN\placement_portal\.venv\Lib\site-packages\django\contrib\admin\options.py", line 1820, in changeform_view
    return self._changeform_view(request, object_id, form_url, extra_context)
           ~~~~~~~~~~~~~~~~~~~~~^^^^^^^^^^^^^^^^^^^^^^^^^^^^^^^^^^^^^^^^^^^^^
  File "C:\Users\ADMIN\placement_portal\.venv\Lib\site-packages\django\contrib\admin\options.py", line 1871, in _changeform_view
    self.save_model(request, new_object, form, not add)
    ~~~~~~~~~~~~~~~^^^^^^^^^^^^^^^^^^^^^^^^^^^^^^^^^^^^
  File "C:\Users\ADMIN\placement_portal\.venv\Lib\site-packages\django\contrib\admin\options.py", line 1294, in save_model
    obj.save()
    ~~~~~~~~^^
  File "C:\Users\ADMIN\placement_portal\.venv\Lib\site-packages\django\db\models\base.py", line 891, in save
    self.save_base(
    ~~~~~~~~~~~~~~^
        using=using,
        ^^^^^^^^^^^^
    ...<2 lines>...
        update_fields=update_fields,
        ^^^^^^^^^^^^^^^^^^^^^^^^^^^^
    )
    ^
  File "C:\Users\ADMIN\placement_portal\.venv\Lib\site-packages\django\db\models\base.py", line 1012, in save_base
    post_save.send(
    ~~~~~~~~~~~~~~^
        sender=origin,
        ^^^^^^^^^^^^^^
    ...<4 lines>...
        using=using,
        ^^^^^^^^^^^^
    )
    ^
  File "C:\Users\ADMIN\placement_portal\.venv\Lib\site-packages\django\dispatch\dispatcher.py", line 189, in send
    response = receiver(signal=self, sender=sender, **named)
  File "C:\Users\ADMIN\placement_portal\portal\views.py", line 243, in notify_students
    send_mail(
    ~~~~~~~~~^
        'New Job Posted',
        ^^^^^^^^^^^^^^^^^
    ...<3 lines>...
        fail_silently=False,
        ^^^^^^^^^^^^^^^^^^^^
    )
    ^
  File "C:\Users\ADMIN\placement_portal\.venv\Lib\site-packages\django\core\mail\__init__.py", line 88, in send_mail
    return mail.send()
           ~~~~~~~~~^^
  File "C:\Users\ADMIN\placement_portal\.venv\Lib\site-packages\django\core\mail\message.py", line 301, in send
    return self.get_connection(fail_silently).send_messages([self])
           ~~~~~~~~~~~~~~~~~~~~~~~~~~~~~~~~~~~~~~~~~~~~~~~~^^^^^^^^
  File "C:\Users\ADMIN\placement_portal\.venv\Lib\site-packages\django\core\mail\backends\smtp.py", line 128, in send_messages
    new_conn_created = self.open()
  File "C:\Users\ADMIN\placement_portal\.venv\Lib\site-packages\django\core\mail\backends\smtp.py", line 95, in open
    self.connection.login(self.username, self.password)
    ~~~~~~~~~~~~~~~~~~~~~^^^^^^^^^^^^^^^^^^^^^^^^^^^^^^
  File "C:\Users\ADMIN\AppData\Local\Programs\Python\Python313\Lib\smtplib.py", line 750, in login
    raise last_exception
  File "C:\Users\ADMIN\AppData\Local\Programs\Python\Python313\Lib\smtplib.py", line 739, in login
    (code, resp) = self.auth(
                   ~~~~~~~~~^
        authmethod, getattr(self, method_name),
        ^^^^^^^^^^^^^^^^^^^^^^^^^^^^^^^^^^^^^^^
        initial_response_ok=initial_response_ok)
        ^^^^^^^^^^^^^^^^^^^^^^^^^^^^^^^^^^^^^^^^
  File "C:\Users\ADMIN\AppData\Local\Programs\Python\Python313\Lib\smtplib.py", line 662, in auth
    raise SMTPAuthenticationError(code, resp)
smtplib.SMTPAuthenticationError: (535, b'5.7.8 Username and Password not accepted. For more information, go to\n5.7.8  https://support.google.com/mail/?p=BadCredentials d9443c01a7336-215218f1da4sm98245125ad.12 - gsmtp')
"POST /admin/portal/job/add/ HTTP/1.1" 500 180957
"GET /admin/portal/job/add/ HTTP/1.1" 200 14647
"GET /admin/portal/job/add/ HTTP/1.1" 200 14647
Internal Server Error: /admin/portal/job/add/
Traceback (most recent call last):
  File "C:\Users\ADMIN\placement_portal\.venv\Lib\site-packages\django\core\handlers\exception.py", line 55, in inner
    response = get_response(request)
  File "C:\Users\ADMIN\placement_portal\.venv\Lib\site-packages\django\core\handlers\base.py", line 197, in _get_response
    response = wrapped_callback(request, *callback_args, **callback_kwargs)
  File "C:\Users\ADMIN\placement_portal\.venv\Lib\site-packages\django\contrib\admin\options.py", line 718, in wrapper
    return self.admin_site.admin_view(view)(*args, **kwargs)
           ~~~~~~~~~~~~~~~~~~~~~~~~~~~~~~~~^^^^^^^^^^^^^^^^^
  File "C:\Users\ADMIN\placement_portal\.venv\Lib\site-packages\django\utils\decorators.py", line 188, in _view_wrapper
    result = _process_exception(request, e)
  File "C:\Users\ADMIN\placement_portal\.venv\Lib\site-packages\django\utils\decorators.py", line 186, in _view_wrapper
    response = view_func(request, *args, **kwargs)
  File "C:\Users\ADMIN\placement_portal\.venv\Lib\site-packages\django\views\decorators\cache.py", line 80, in _view_wrapper
    response = view_func(request, *args, **kwargs)
  File "C:\Users\ADMIN\placement_portal\.venv\Lib\site-packages\django\contrib\admin\sites.py", line 241, in inner
    return view(request, *args, **kwargs)
  File "C:\Users\ADMIN\placement_portal\.venv\Lib\site-packages\django\contrib\admin\options.py", line 1961, in add_view
    return self.changeform_view(request, None, form_url, extra_context)
           ~~~~~~~~~~~~~~~~~~~~^^^^^^^^^^^^^^^^^^^^^^^^^^^^^^^^^^^^^^^^
  File "C:\Users\ADMIN\placement_portal\.venv\Lib\site-packages\django\utils\decorators.py", line 48, in _wrapper
    return bound_method(*args, **kwargs)
  File "C:\Users\ADMIN\placement_portal\.venv\Lib\site-packages\django\utils\decorators.py", line 188, in _view_wrapper
    result = _process_exception(request, e)
  File "C:\Users\ADMIN\placement_portal\.venv\Lib\site-packages\django\utils\decorators.py", line 186, in _view_wrapper
    response = view_func(request, *args, **kwargs)
  File "C:\Users\ADMIN\placement_portal\.venv\Lib\site-packages\django\contrib\admin\options.py", line 1820, in changeform_view
    return self._changeform_view(request, object_id, form_url, extra_context)
           ~~~~~~~~~~~~~~~~~~~~~^^^^^^^^^^^^^^^^^^^^^^^^^^^^^^^^^^^^^^^^^^^^^
  File "C:\Users\ADMIN\placement_portal\.venv\Lib\site-packages\django\contrib\admin\options.py", line 1871, in _changeform_view
    self.save_model(request, new_object, form, not add)
    ~~~~~~~~~~~~~~~^^^^^^^^^^^^^^^^^^^^^^^^^^^^^^^^^^^^
  File "C:\Users\ADMIN\placement_portal\.venv\Lib\site-packages\django\contrib\admin\options.py", line 1294, in save_model
    obj.save()
    ~~~~~~~~^^
  File "C:\Users\ADMIN\placement_portal\.venv\Lib\site-packages\django\db\models\base.py", line 891, in save
    self.save_base(
    ~~~~~~~~~~~~~~^
        using=using,
        ^^^^^^^^^^^^
    ...<2 lines>...
        update_fields=update_fields,
        ^^^^^^^^^^^^^^^^^^^^^^^^^^^^
    )
    ^
  File "C:\Users\ADMIN\placement_portal\.venv\Lib\site-packages\django\db\models\base.py", line 1012, in save_base
    post_save.send(
    ~~~~~~~~~~~~~~^
        sender=origin,
        ^^^^^^^^^^^^^^
    ...<4 lines>...
        using=using,
        ^^^^^^^^^^^^
    )
    ^
  File "C:\Users\ADMIN\placement_portal\.venv\Lib\site-packages\django\dispatch\dispatcher.py", line 189, in send
    response = receiver(signal=self, sender=sender, **named)
  File "C:\Users\ADMIN\placement_portal\portal\views.py", line 243, in notify_students
    send_mail(
    ~~~~~~~~~^
        'New Job Posted',
        ^^^^^^^^^^^^^^^^^
    ...<3 lines>...
        fail_silently=False,
        ^^^^^^^^^^^^^^^^^^^^
    )
    ^
  File "C:\Users\ADMIN\placement_portal\.venv\Lib\site-packages\django\core\mail\__init__.py", line 88, in send_mail
    return mail.send()
           ~~~~~~~~~^^
  File "C:\Users\ADMIN\placement_portal\.venv\Lib\site-packages\django\core\mail\message.py", line 301, in send
    return self.get_connection(fail_silently).send_messages([self])
           ~~~~~~~~~~~~~~~~~~~~~~~~~~~~~~~~~~~~~~~~~~~~~~~~^^^^^^^^
  File "C:\Users\ADMIN\placement_portal\.venv\Lib\site-packages\django\core\mail\backends\smtp.py", line 128, in send_messages
    new_conn_created = self.open()
  File "C:\Users\ADMIN\placement_portal\.venv\Lib\site-packages\django\core\mail\backends\smtp.py", line 95, in open
    self.connection.login(self.username, self.password)
    ~~~~~~~~~~~~~~~~~~~~~^^^^^^^^^^^^^^^^^^^^^^^^^^^^^^
  File "C:\Users\ADMIN\AppData\Local\Programs\Python\Python313\Lib\smtplib.py", line 750, in login
    raise last_exception
  File "C:\Users\ADMIN\AppData\Local\Programs\Python\Python313\Lib\smtplib.py", line 739, in login
    (code, resp) = self.auth(
                   ~~~~~~~~~^
        authmethod, getattr(self, method_name),
        ^^^^^^^^^^^^^^^^^^^^^^^^^^^^^^^^^^^^^^^
        initial_response_ok=initial_response_ok)
        ^^^^^^^^^^^^^^^^^^^^^^^^^^^^^^^^^^^^^^^^
  File "C:\Users\ADMIN\AppData\Local\Programs\Python\Python313\Lib\smtplib.py", line 662, in auth
    raise SMTPAuthenticationError(code, resp)
smtplib.SMTPAuthenticationError: (535, b'5.7.8 Username and Password not accepted. For more information, go to\n5.7.8  https://support.google.com/mail/?p=BadCredentials d2e1a72fcca58-725417612cbsm11154969b3a.25 - gsmtp')
"POST /admin/portal/job/add/ HTTP/1.1" 500 180964
"GET /admin/portal/job/add/ HTTP/1.1" 200 14647
"GET /admin/portal/feedback/ HTTP/1.1" 200 9528
"GET /admin/jsi18n/ HTTP/1.1" 200 5754
"GET /admin/portal/feedback/add/ HTTP/1.1" 200 13704
"GET /admin/jsi18n/ HTTP/1.1" 200 5754
"GET /admin/portal/application/ HTTP/1.1" 200 9549
"GET /admin/jsi18n/ HTTP/1.1" 200 5754
"GET /admin/portal/application/add/ HTTP/1.1" 200 13726
"GET /admin/jsi18n/ HTTP/1.1" 200 5754
"POST /admin/portal/application/add/ HTTP/1.1" 200 13889
"GET /admin/jsi18n/ HTTP/1.1" 200 5754
"GET /admin/portal/student/ HTTP/1.1" 200 11110
"GET /admin/jsi18n/ HTTP/1.1" 200 5754
"GET /admin/portal/recruiter/ HTTP/1.1" 200 10847
"GET /admin/jsi18n/ HTTP/1.1" 200 5754
"GET /admin/portal/student/ HTTP/1.1" 200 11110
"GET /admin/jsi18n/ HTTP/1.1" 200 5754
"GET /admin/portal/student/2/change/ HTTP/1.1" 200 14208
"GET /admin/jsi18n/ HTTP/1.1" 200 5754
"GET /admin/portal/student/ HTTP/1.1" 200 11110
"GET /admin/jsi18n/ HTTP/1.1" 200 5754
"GET /admin/portal/student/1/change/ HTTP/1.1" 200 14221
"GET /admin/jsi18n/ HTTP/1.1" 200 5754
"GET /admin/portal/student/ HTTP/1.1" 200 11110
"GET /admin/jsi18n/ HTTP/1.1" 200 5754
"GET /admin/portal/student/2/change/ HTTP/1.1" 200 14208
"GET /admin/jsi18n/ HTTP/1.1" 200 5754
"POST /admin/portal/student/2/change/ HTTP/1.1" 200 14386
"GET /admin/jsi18n/ HTTP/1.1" 200 5754
"POST /admin/logout/ HTTP/1.1" 200 3555
"GET /admin/ HTTP/1.1" 302 0
"GET /admin/login/?next=/admin/ HTTP/1.1" 200 4160
"POST /admin/login/?next=/admin/ HTTP/1.1" 200 4326
"POST /admin/login/?next=/admin/ HTTP/1.1" 200 4322
"POST /admin/login/?next=/admin/ HTTP/1.1" 200 4322
"POST /admin/login/?next=/admin/ HTTP/1.1" 200 4322
"POST /admin/login/?next=/admin/ HTTP/1.1" 302 0
"GET /admin/ HTTP/1.1" 200 11951
"GET / HTTP/1.1" 302 0
"GET /admin/ HTTP/1.1" 200 11951
"POST /admin/logout/ HTTP/1.1" 200 3555
"GET /admin/ HTTP/1.1" 302 0
"GET /admin/login/?next=/admin/ HTTP/1.1" 200 4160
"POST /admin/login/?next=/admin/ HTTP/1.1" 200 4322
"GET /login/ HTTP/1.1" 200 1084
"GET /static/css/style.css HTTP/1.1" 200 701
"POST /login/ HTTP/1.1" 200 1084
"GET /student/dashboard/ HTTP/1.1" 302 0
Not Found: /accounts/login/
"GET /accounts/login/?next=/student/dashboard/ HTTP/1.1" 404 5723
"GET /student/dashboard/ HTTP/1.1" 302 0
Not Found: /accounts/login/
"GET /accounts/login/?next=/student/dashboard/ HTTP/1.1" 404 5723
Watching for file changes with StatReloader
Not Found: /accounts/login/
"GET /accounts/login/?next=/student/dashboard/ HTTP/1.1" 404 5723
"GET /student/dashboard/ HTTP/1.1" 302 0
Not Found: /accounts/login/
"GET /accounts/login/?next=/student/dashboard/ HTTP/1.1" 404 5723
"GET /student/dashboard/ HTTP/1.1" 302 0
Not Found: /accounts/login/
"GET /accounts/login/?next=/student/dashboard/ HTTP/1.1" 404 5723
C:\Users\ADMIN\placement_portal\portal\views.py changed, reloading.
Watching for file changes with StatReloader
Not Found: /accounts/login/
"GET /accounts/login/?next=/student/dashboard/ HTTP/1.1" 404 5723
Internal Server Error: /student/dashboard/
Traceback (most recent call last):
  File "C:\Users\ADMIN\placement_portal\.venv\Lib\site-packages\django\core\handlers\exception.py", line 55, in inner
    response = get_response(request)
  File "C:\Users\ADMIN\placement_portal\.venv\Lib\site-packages\django\core\handlers\base.py", line 197, in _get_response
    response = wrapped_callback(request, *callback_args, **callback_kwargs)
  File "C:\Users\ADMIN\placement_portal\portal\views.py", line 171, in student_dashboard
    student = Student.objects.get(university_number=request.user.username)
  File "C:\Users\ADMIN\placement_portal\.venv\Lib\site-packages\django\db\models\manager.py", line 87, in manager_method
    return getattr(self.get_queryset(), name)(*args, **kwargs)
           ~~~~~~~~~~~~~~~~~~~~~~~~~~~~~~~~~~^^^^^^^^^^^^^^^^^
  File "C:\Users\ADMIN\placement_portal\.venv\Lib\site-packages\django\db\models\query.py", line 649, in get
    raise self.model.DoesNotExist(
        "%s matching query does not exist." % self.model._meta.object_name
    )
portal.models.Student.DoesNotExist: Student matching query does not exist.
"GET /student/dashboard/ HTTP/1.1" 500 75664
Internal Server Error: /student/dashboard/
Traceback (most recent call last):
  File "C:\Users\ADMIN\placement_portal\.venv\Lib\site-packages\django\core\handlers\exception.py", line 55, in inner
    response = get_response(request)
  File "C:\Users\ADMIN\placement_portal\.venv\Lib\site-packages\django\core\handlers\base.py", line 197, in _get_response
    response = wrapped_callback(request, *callback_args, **callback_kwargs)
  File "C:\Users\ADMIN\placement_portal\portal\views.py", line 171, in student_dashboard
    student = Student.objects.get(university_number=request.user.username)
  File "C:\Users\ADMIN\placement_portal\.venv\Lib\site-packages\django\db\models\manager.py", line 87, in manager_method
    return getattr(self.get_queryset(), name)(*args, **kwargs)
           ~~~~~~~~~~~~~~~~~~~~~~~~~~~~~~~~~~^^^^^^^^^^^^^^^^^
  File "C:\Users\ADMIN\placement_portal\.venv\Lib\site-packages\django\db\models\query.py", line 649, in get
    raise self.model.DoesNotExist(
        "%s matching query does not exist." % self.model._meta.object_name
    )
portal.models.Student.DoesNotExist: Student matching query does not exist.
"GET /student/dashboard/ HTTP/1.1" 500 75390
C:\Users\ADMIN\placement_portal\portal\views.py changed, reloading.
Watching for file changes with StatReloader
"POST /login/ HTTP/1.1" 200 1084
"GET /register/ HTTP/1.1" 200 509
Watching for file changes with StatReloader
"GET / HTTP/1.1" 302 0
"GET /admin/ HTTP/1.1" 302 0
"GET /admin/login/?next=/admin/ HTTP/1.1" 200 4160
"GET /static/admin/css/base.css HTTP/1.1" 304 0
"GET /static/admin/css/dark_mode.css HTTP/1.1" 304 0
"GET /static/admin/css/nav_sidebar.css HTTP/1.1" 304 0
"GET /static/admin/css/login.css HTTP/1.1" 304 0
"GET /static/admin/css/responsive.css HTTP/1.1" 304 0
"GET /static/admin/js/theme.js HTTP/1.1" 304 0
"GET /static/admin/js/nav_sidebar.js HTTP/1.1" 304 0
"GET /admin/ HTTP/1.1" 302 0
"GET /admin/login/?next=/admin/ HTTP/1.1" 200 4160
"GET /login/ HTTP/1.1" 200 1084
"GET /static/css/style.css HTTP/1.1" 304 0
"POST /login/ HTTP/1.1" 200 1084
"GET / HTTP/1.1" 302 0
"GET /admin/ HTTP/1.1" 302 0
"GET /admin/login/?next=/admin/ HTTP/1.1" 200 4160
"POST /admin/login/?next=/admin/ HTTP/1.1" 302 0
"GET /admin/ HTTP/1.1" 200 11951
"GET /static/admin/css/dashboard.css HTTP/1.1" 304 0
"GET /static/admin/img/icon-addlink.svg HTTP/1.1" 304 0
"GET /static/admin/img/icon-changelink.svg HTTP/1.1" 304 0
"GET /admin/portal/recruiter/ HTTP/1.1" 200 10847
"GET /static/admin/css/changelists.css HTTP/1.1" 304 0
"GET /static/admin/js/vendor/jquery/jquery.js HTTP/1.1" 304 0
"GET /static/admin/js/core.js HTTP/1.1" 304 0
"GET /static/admin/js/jquery.init.js HTTP/1.1" 304 0
"GET /static/admin/js/actions.js HTTP/1.1" 304 0
"GET /static/admin/js/urlify.js HTTP/1.1" 304 0
"GET /static/admin/js/admin/RelatedObjectLookups.js HTTP/1.1" 304 0
"GET /static/admin/js/prepopulate.js HTTP/1.1" 304 0
"GET /static/admin/js/vendor/xregexp/xregexp.js HTTP/1.1" 304 0
"GET /admin/jsi18n/ HTTP/1.1" 200 5754
"GET /static/admin/js/filters.js HTTP/1.1" 304 0
"GET /static/admin/img/tooltag-add.svg HTTP/1.1" 304 0
"GET /admin/portal/recruiter/1/change/ HTTP/1.1" 200 12896
"GET /static/admin/css/forms.css HTTP/1.1" 304 0
"GET /admin/jsi18n/ HTTP/1.1" 200 5754
"GET /static/admin/js/prepopulate_init.js HTTP/1.1" 304 0
"GET /static/admin/css/widgets.css HTTP/1.1" 304 0
"GET /static/admin/img/icon-viewlink.svg HTTP/1.1" 304 0
"GET /static/admin/js/change_form.js HTTP/1.1" 304 0
"GET /admin/portal/student/ HTTP/1.1" 200 11110
"GET /admin/jsi18n/ HTTP/1.1" 200 5754
"GET /admin/portal/job/ HTTP/1.1" 200 10382
"GET /static/admin/img/search.svg HTTP/1.1" 304 0
"GET /admin/jsi18n/ HTTP/1.1" 200 5754
"GET /admin/portal/job/add/ HTTP/1.1" 200 14647
"GET /admin/jsi18n/ HTTP/1.1" 200 5754
Internal Server Error: /admin/portal/job/add/
Traceback (most recent call last):
  File "C:\Users\ADMIN\placement_portal\.venv\Lib\site-packages\django\core\handlers\exception.py", line 55, in inner
    response = get_response(request)
  File "C:\Users\ADMIN\placement_portal\.venv\Lib\site-packages\django\core\handlers\base.py", line 197, in _get_response
    response = wrapped_callback(request, *callback_args, **callback_kwargs)
  File "C:\Users\ADMIN\placement_portal\.venv\Lib\site-packages\django\contrib\admin\options.py", line 718, in wrapper
    return self.admin_site.admin_view(view)(*args, **kwargs)
           ~~~~~~~~~~~~~~~~~~~~~~~~~~~~~~~~^^^^^^^^^^^^^^^^^
  File "C:\Users\ADMIN\placement_portal\.venv\Lib\site-packages\django\utils\decorators.py", line 188, in _view_wrapper
    result = _process_exception(request, e)
  File "C:\Users\ADMIN\placement_portal\.venv\Lib\site-packages\django\utils\decorators.py", line 186, in _view_wrapper
    response = view_func(request, *args, **kwargs)
  File "C:\Users\ADMIN\placement_portal\.venv\Lib\site-packages\django\views\decorators\cache.py", line 80, in _view_wrapper
    response = view_func(request, *args, **kwargs)
  File "C:\Users\ADMIN\placement_portal\.venv\Lib\site-packages\django\contrib\admin\sites.py", line 241, in inner
    return view(request, *args, **kwargs)
  File "C:\Users\ADMIN\placement_portal\.venv\Lib\site-packages\django\contrib\admin\options.py", line 1961, in add_view
    return self.changeform_view(request, None, form_url, extra_context)
           ~~~~~~~~~~~~~~~~~~~~^^^^^^^^^^^^^^^^^^^^^^^^^^^^^^^^^^^^^^^^
  File "C:\Users\ADMIN\placement_portal\.venv\Lib\site-packages\django\utils\decorators.py", line 48, in _wrapper
    return bound_method(*args, **kwargs)
  File "C:\Users\ADMIN\placement_portal\.venv\Lib\site-packages\django\utils\decorators.py", line 188, in _view_wrapper
    result = _process_exception(request, e)
  File "C:\Users\ADMIN\placement_portal\.venv\Lib\site-packages\django\utils\decorators.py", line 186, in _view_wrapper
    response = view_func(request, *args, **kwargs)
  File "C:\Users\ADMIN\placement_portal\.venv\Lib\site-packages\django\contrib\admin\options.py", line 1820, in changeform_view
    return self._changeform_view(request, object_id, form_url, extra_context)
           ~~~~~~~~~~~~~~~~~~~~~^^^^^^^^^^^^^^^^^^^^^^^^^^^^^^^^^^^^^^^^^^^^^
  File "C:\Users\ADMIN\placement_portal\.venv\Lib\site-packages\django\contrib\admin\options.py", line 1871, in _changeform_view
    self.save_model(request, new_object, form, not add)
    ~~~~~~~~~~~~~~~^^^^^^^^^^^^^^^^^^^^^^^^^^^^^^^^^^^^
  File "C:\Users\ADMIN\placement_portal\.venv\Lib\site-packages\django\contrib\admin\options.py", line 1294, in save_model
    obj.save()
    ~~~~~~~~^^
  File "C:\Users\ADMIN\placement_portal\.venv\Lib\site-packages\django\db\models\base.py", line 891, in save
    self.save_base(
    ~~~~~~~~~~~~~~^
        using=using,
        ^^^^^^^^^^^^
    ...<2 lines>...
        update_fields=update_fields,
        ^^^^^^^^^^^^^^^^^^^^^^^^^^^^
    )
    ^
  File "C:\Users\ADMIN\placement_portal\.venv\Lib\site-packages\django\db\models\base.py", line 1012, in save_base
    post_save.send(
    ~~~~~~~~~~~~~~^
        sender=origin,
        ^^^^^^^^^^^^^^
    ...<4 lines>...
        using=using,
        ^^^^^^^^^^^^
    )
    ^
  File "C:\Users\ADMIN\placement_portal\.venv\Lib\site-packages\django\dispatch\dispatcher.py", line 189, in send
    response = receiver(signal=self, sender=sender, **named)
  File "C:\Users\ADMIN\placement_portal\portal\views.py", line 243, in notify_students
    send_mail(
    ~~~~~~~~~^
        'New Job Posted',
        ^^^^^^^^^^^^^^^^^
    ...<3 lines>...
        fail_silently=False,
        ^^^^^^^^^^^^^^^^^^^^
    )
    ^
  File "C:\Users\ADMIN\placement_portal\.venv\Lib\site-packages\django\core\mail\__init__.py", line 88, in send_mail
    return mail.send()
           ~~~~~~~~~^^
  File "C:\Users\ADMIN\placement_portal\.venv\Lib\site-packages\django\core\mail\message.py", line 301, in send
    return self.get_connection(fail_silently).send_messages([self])
           ~~~~~~~~~~~~~~~~~~~~~~~~~~~~~~~~~~~~~~~~~~~~~~~~^^^^^^^^
  File "C:\Users\ADMIN\placement_portal\.venv\Lib\site-packages\django\core\mail\backends\smtp.py", line 128, in send_messages
    new_conn_created = self.open()
  File "C:\Users\ADMIN\placement_portal\.venv\Lib\site-packages\django\core\mail\backends\smtp.py", line 86, in open
    self.connection = self.connection_class(
                      ~~~~~~~~~~~~~~~~~~~~~^
        self.host, self.port, **connection_params
        ^^^^^^^^^^^^^^^^^^^^^^^^^^^^^^^^^^^^^^^^^
    )
    ^
  File "C:\Users\ADMIN\AppData\Local\Programs\Python\Python313\Lib\smtplib.py", line 255, in __init__
    (code, msg) = self.connect(host, port)
                  ~~~~~~~~~~~~^^^^^^^^^^^^
  File "C:\Users\ADMIN\AppData\Local\Programs\Python\Python313\Lib\smtplib.py", line 341, in connect
    self.sock = self._get_socket(host, port, self.timeout)
                ~~~~~~~~~~~~~~~~^^^^^^^^^^^^^^^^^^^^^^^^^^
  File "C:\Users\ADMIN\AppData\Local\Programs\Python\Python313\Lib\smtplib.py", line 312, in _get_socket
    return socket.create_connection((host, port), timeout,
           ~~~~~~~~~~~~~~~~~~~~~~~~^^^^^^^^^^^^^^^^^^^^^^^
                                    self.source_address)
                                    ^^^^^^^^^^^^^^^^^^^^
  File "C:\Users\ADMIN\AppData\Local\Programs\Python\Python313\Lib\socket.py", line 840, in create_connection
    for res in getaddrinfo(host, port, 0, SOCK_STREAM):
               ~~~~~~~~~~~^^^^^^^^^^^^^^^^^^^^^^^^^^^^
  File "C:\Users\ADMIN\AppData\Local\Programs\Python\Python313\Lib\socket.py", line 975, in getaddrinfo
    for res in _socket.getaddrinfo(host, port, family, type, proto, flags):
               ~~~~~~~~~~~~~~~~~~~^^^^^^^^^^^^^^^^^^^^^^^^^^^^^^^^^^^^^^^^
socket.gaierror: [Errno 11001] getaddrinfo failed
"POST /admin/portal/job/add/ HTTP/1.1" 500 186072
Watching for file changes with StatReloader
"GET /admin/portal/job/add/ HTTP/1.1" 200 14647
Internal Server Error: /admin/portal/job/add/
Traceback (most recent call last):
  File "C:\Users\ADMIN\placement_portal\.venv\Lib\site-packages\django\core\handlers\exception.py", line 55, in inner
    response = get_response(request)
  File "C:\Users\ADMIN\placement_portal\.venv\Lib\site-packages\django\core\handlers\base.py", line 197, in _get_response
    response = wrapped_callback(request, *callback_args, **callback_kwargs)
  File "C:\Users\ADMIN\placement_portal\.venv\Lib\site-packages\django\contrib\admin\options.py", line 718, in wrapper
    return self.admin_site.admin_view(view)(*args, **kwargs)
           ~~~~~~~~~~~~~~~~~~~~~~~~~~~~~~~~^^^^^^^^^^^^^^^^^
  File "C:\Users\ADMIN\placement_portal\.venv\Lib\site-packages\django\utils\decorators.py", line 188, in _view_wrapper
    result = _process_exception(request, e)
  File "C:\Users\ADMIN\placement_portal\.venv\Lib\site-packages\django\utils\decorators.py", line 186, in _view_wrapper
    response = view_func(request, *args, **kwargs)
  File "C:\Users\ADMIN\placement_portal\.venv\Lib\site-packages\django\views\decorators\cache.py", line 80, in _view_wrapper
    response = view_func(request, *args, **kwargs)
  File "C:\Users\ADMIN\placement_portal\.venv\Lib\site-packages\django\contrib\admin\sites.py", line 241, in inner
    return view(request, *args, **kwargs)
  File "C:\Users\ADMIN\placement_portal\.venv\Lib\site-packages\django\contrib\admin\options.py", line 1961, in add_view
    return self.changeform_view(request, None, form_url, extra_context)
           ~~~~~~~~~~~~~~~~~~~~^^^^^^^^^^^^^^^^^^^^^^^^^^^^^^^^^^^^^^^^
  File "C:\Users\ADMIN\placement_portal\.venv\Lib\site-packages\django\utils\decorators.py", line 48, in _wrapper
    return bound_method(*args, **kwargs)
  File "C:\Users\ADMIN\placement_portal\.venv\Lib\site-packages\django\utils\decorators.py", line 188, in _view_wrapper
    result = _process_exception(request, e)
  File "C:\Users\ADMIN\placement_portal\.venv\Lib\site-packages\django\utils\decorators.py", line 186, in _view_wrapper
    response = view_func(request, *args, **kwargs)
  File "C:\Users\ADMIN\placement_portal\.venv\Lib\site-packages\django\contrib\admin\options.py", line 1820, in changeform_view
    return self._changeform_view(request, object_id, form_url, extra_context)
           ~~~~~~~~~~~~~~~~~~~~~^^^^^^^^^^^^^^^^^^^^^^^^^^^^^^^^^^^^^^^^^^^^^
  File "C:\Users\ADMIN\placement_portal\.venv\Lib\site-packages\django\contrib\admin\options.py", line 1871, in _changeform_view
    self.save_model(request, new_object, form, not add)
    ~~~~~~~~~~~~~~~^^^^^^^^^^^^^^^^^^^^^^^^^^^^^^^^^^^^
  File "C:\Users\ADMIN\placement_portal\.venv\Lib\site-packages\django\contrib\admin\options.py", line 1294, in save_model
    obj.save()
    ~~~~~~~~^^
  File "C:\Users\ADMIN\placement_portal\.venv\Lib\site-packages\django\db\models\base.py", line 891, in save
    self.save_base(
    ~~~~~~~~~~~~~~^
        using=using,
        ^^^^^^^^^^^^
    ...<2 lines>...
        update_fields=update_fields,
        ^^^^^^^^^^^^^^^^^^^^^^^^^^^^
    )
    ^
  File "C:\Users\ADMIN\placement_portal\.venv\Lib\site-packages\django\db\models\base.py", line 1012, in save_base
    post_save.send(
    ~~~~~~~~~~~~~~^
        sender=origin,
        ^^^^^^^^^^^^^^
    ...<4 lines>...
        using=using,
        ^^^^^^^^^^^^
    )
    ^
  File "C:\Users\ADMIN\placement_portal\.venv\Lib\site-packages\django\dispatch\dispatcher.py", line 189, in send
    response = receiver(signal=self, sender=sender, **named)
  File "C:\Users\ADMIN\placement_portal\portal\views.py", line 243, in notify_students
    send_mail(
    ~~~~~~~~~^
        'New Job Posted',
        ^^^^^^^^^^^^^^^^^
    ...<3 lines>...
        fail_silently=False,
        ^^^^^^^^^^^^^^^^^^^^
    )
    ^
  File "C:\Users\ADMIN\placement_portal\.venv\Lib\site-packages\django\core\mail\__init__.py", line 88, in send_mail
    return mail.send()
           ~~~~~~~~~^^
  File "C:\Users\ADMIN\placement_portal\.venv\Lib\site-packages\django\core\mail\message.py", line 301, in send
    return self.get_connection(fail_silently).send_messages([self])
           ~~~~~~~~~~~~~~~~~~~~~~~~~~~~~~~~~~~~~~~~~~~~~~~~^^^^^^^^
  File "C:\Users\ADMIN\placement_portal\.venv\Lib\site-packages\django\core\mail\backends\smtp.py", line 128, in send_messages
    new_conn_created = self.open()
  File "C:\Users\ADMIN\placement_portal\.venv\Lib\site-packages\django\core\mail\backends\smtp.py", line 95, in open
    self.connection.login(self.username, self.password)
    ~~~~~~~~~~~~~~~~~~~~~^^^^^^^^^^^^^^^^^^^^^^^^^^^^^^
  File "C:\Users\ADMIN\AppData\Local\Programs\Python\Python313\Lib\smtplib.py", line 750, in login
    raise last_exception
  File "C:\Users\ADMIN\AppData\Local\Programs\Python\Python313\Lib\smtplib.py", line 739, in login
    (code, resp) = self.auth(
                   ~~~~~~~~~^
        authmethod, getattr(self, method_name),
        ^^^^^^^^^^^^^^^^^^^^^^^^^^^^^^^^^^^^^^^
        initial_response_ok=initial_response_ok)
        ^^^^^^^^^^^^^^^^^^^^^^^^^^^^^^^^^^^^^^^^
  File "C:\Users\ADMIN\AppData\Local\Programs\Python\Python313\Lib\smtplib.py", line 662, in auth
    raise SMTPAuthenticationError(code, resp)
smtplib.SMTPAuthenticationError: (535, b'5.7.8 Username and Password not accepted. For more information, go to\n5.7.8  https://support.google.com/mail/?p=BadCredentials d2e1a72fcca58-72541814987sm11602558b3a.152 - gsmtp')
"POST /admin/portal/job/add/ HTTP/1.1" 500 180936
C:\Users\ADMIN\placement_portal\placement_portal\settings.py changed, reloading.
Watching for file changes with StatReloader
"GET /admin/portal/job/add/ HTTP/1.1" 200 14647
Internal Server Error: /admin/portal/job/add/
Traceback (most recent call last):
  File "C:\Users\ADMIN\placement_portal\.venv\Lib\site-packages\django\core\handlers\exception.py", line 55, in inner
    response = get_response(request)
  File "C:\Users\ADMIN\placement_portal\.venv\Lib\site-packages\django\core\handlers\base.py", line 197, in _get_response
    response = wrapped_callback(request, *callback_args, **callback_kwargs)
  File "C:\Users\ADMIN\placement_portal\.venv\Lib\site-packages\django\contrib\admin\options.py", line 718, in wrapper
    return self.admin_site.admin_view(view)(*args, **kwargs)
           ~~~~~~~~~~~~~~~~~~~~~~~~~~~~~~~~^^^^^^^^^^^^^^^^^
  File "C:\Users\ADMIN\placement_portal\.venv\Lib\site-packages\django\utils\decorators.py", line 188, in _view_wrapper
    result = _process_exception(request, e)
  File "C:\Users\ADMIN\placement_portal\.venv\Lib\site-packages\django\utils\decorators.py", line 186, in _view_wrapper
    response = view_func(request, *args, **kwargs)
  File "C:\Users\ADMIN\placement_portal\.venv\Lib\site-packages\django\views\decorators\cache.py", line 80, in _view_wrapper
    response = view_func(request, *args, **kwargs)
  File "C:\Users\ADMIN\placement_portal\.venv\Lib\site-packages\django\contrib\admin\sites.py", line 241, in inner
    return view(request, *args, **kwargs)
  File "C:\Users\ADMIN\placement_portal\.venv\Lib\site-packages\django\contrib\admin\options.py", line 1961, in add_view
    return self.changeform_view(request, None, form_url, extra_context)
           ~~~~~~~~~~~~~~~~~~~~^^^^^^^^^^^^^^^^^^^^^^^^^^^^^^^^^^^^^^^^
  File "C:\Users\ADMIN\placement_portal\.venv\Lib\site-packages\django\utils\decorators.py", line 48, in _wrapper
    return bound_method(*args, **kwargs)
  File "C:\Users\ADMIN\placement_portal\.venv\Lib\site-packages\django\utils\decorators.py", line 188, in _view_wrapper
    result = _process_exception(request, e)
  File "C:\Users\ADMIN\placement_portal\.venv\Lib\site-packages\django\utils\decorators.py", line 186, in _view_wrapper
    response = view_func(request, *args, **kwargs)
  File "C:\Users\ADMIN\placement_portal\.venv\Lib\site-packages\django\contrib\admin\options.py", line 1820, in changeform_view
    return self._changeform_view(request, object_id, form_url, extra_context)
           ~~~~~~~~~~~~~~~~~~~~~^^^^^^^^^^^^^^^^^^^^^^^^^^^^^^^^^^^^^^^^^^^^^
  File "C:\Users\ADMIN\placement_portal\.venv\Lib\site-packages\django\contrib\admin\options.py", line 1871, in _changeform_view
    self.save_model(request, new_object, form, not add)
    ~~~~~~~~~~~~~~~^^^^^^^^^^^^^^^^^^^^^^^^^^^^^^^^^^^^
  File "C:\Users\ADMIN\placement_portal\.venv\Lib\site-packages\django\contrib\admin\options.py", line 1294, in save_model
    obj.save()
    ~~~~~~~~^^
  File "C:\Users\ADMIN\placement_portal\.venv\Lib\site-packages\django\db\models\base.py", line 891, in save
    self.save_base(
    ~~~~~~~~~~~~~~^
        using=using,
        ^^^^^^^^^^^^
    ...<2 lines>...
        update_fields=update_fields,
        ^^^^^^^^^^^^^^^^^^^^^^^^^^^^
    )
    ^
  File "C:\Users\ADMIN\placement_portal\.venv\Lib\site-packages\django\db\models\base.py", line 1012, in save_base
    post_save.send(
    ~~~~~~~~~~~~~~^
        sender=origin,
        ^^^^^^^^^^^^^^
    ...<4 lines>...
        using=using,
        ^^^^^^^^^^^^
    )
    ^
  File "C:\Users\ADMIN\placement_portal\.venv\Lib\site-packages\django\dispatch\dispatcher.py", line 189, in send
    response = receiver(signal=self, sender=sender, **named)
  File "C:\Users\ADMIN\placement_portal\portal\views.py", line 243, in notify_students
    send_mail(
    ~~~~~~~~~^
        'New Job Posted',
        ^^^^^^^^^^^^^^^^^
    ...<3 lines>...
        fail_silently=False,
        ^^^^^^^^^^^^^^^^^^^^
    )
    ^
  File "C:\Users\ADMIN\placement_portal\.venv\Lib\site-packages\django\core\mail\__init__.py", line 88, in send_mail
    return mail.send()
           ~~~~~~~~~^^
  File "C:\Users\ADMIN\placement_portal\.venv\Lib\site-packages\django\core\mail\message.py", line 301, in send
    return self.get_connection(fail_silently).send_messages([self])
           ~~~~~~~~~~~~~~~~~~~~~~~~~~~~~~~~~~~~~~~~~~~~~~~~^^^^^^^^
  File "C:\Users\ADMIN\placement_portal\.venv\Lib\site-packages\django\core\mail\backends\smtp.py", line 128, in send_messages
    new_conn_created = self.open()
  File "C:\Users\ADMIN\placement_portal\.venv\Lib\site-packages\django\core\mail\backends\smtp.py", line 93, in open
    self.connection.starttls(context=self.ssl_context)
    ~~~~~~~~~~~~~~~~~~~~~~~~^^^^^^^^^^^^^^^^^^^^^^^^^^
  File "C:\Users\ADMIN\AppData\Local\Programs\Python\Python313\Lib\smtplib.py", line 779, in starttls
    self.sock = context.wrap_socket(self.sock,
                ~~~~~~~~~~~~~~~~~~~^^^^^^^^^^^
                                    server_hostname=self._host)
                                    ^^^^^^^^^^^^^^^^^^^^^^^^^^^
  File "C:\Users\ADMIN\AppData\Local\Programs\Python\Python313\Lib\ssl.py", line 455, in wrap_socket
    return self.sslsocket_class._create(
           ~~~~~~~~~~~~~~~~~~~~~~~~~~~~^
        sock=sock,
        ^^^^^^^^^^
    ...<5 lines>...
        session=session
        ^^^^^^^^^^^^^^^
    )
    ^
  File "C:\Users\ADMIN\AppData\Local\Programs\Python\Python313\Lib\ssl.py", line 1076, in _create
    self.do_handshake()
    ~~~~~~~~~~~~~~~~~^^
  File "C:\Users\ADMIN\AppData\Local\Programs\Python\Python313\Lib\ssl.py", line 1372, in do_handshake
    self._sslobj.do_handshake()
    ~~~~~~~~~~~~~~~~~~~~~~~~~^^
ssl.SSLCertVerificationError: [SSL: CERTIFICATE_VERIFY_FAILED] certificate verify failed: IP address mismatch, certificate is not valid for '74.125.68.109'. (_ssl.c:1020)
"POST /admin/portal/job/add/ HTTP/1.1" 500 183136
Watching for file changes with StatReloader
"GET /admin/portal/job/add/ HTTP/1.1" 200 14647
"POST /admin/portal/job/add/ HTTP/1.1" 302 0
"GET /admin/portal/job/ HTTP/1.1" 200 12532
"GET /admin/jsi18n/ HTTP/1.1" 200 5754
"GET /static/admin/img/icon-yes.svg HTTP/1.1" 304 0
"GET /admin/portal/job/1/change/ HTTP/1.1" 200 14932
"GET /admin/jsi18n/ HTTP/1.1" 200 5754
"GET /admin/portal/feedback/ HTTP/1.1" 200 9528
"GET /admin/jsi18n/ HTTP/1.1" 200 5754
"GET /admin/portal/feedback/add/ HTTP/1.1" 200 13749
"GET /admin/jsi18n/ HTTP/1.1" 200 5754
"POST /admin/portal/feedback/add/ HTTP/1.1" 302 0
"GET /admin/portal/feedback/ HTTP/1.1" 200 11050
"GET /admin/jsi18n/ HTTP/1.1" 200 5754
"GET /admin/portal/job/ HTTP/1.1" 200 12332
"GET /admin/jsi18n/ HTTP/1.1" 200 5754
"GET /admin/portal/job/add/ HTTP/1.1" 200 14647
"GET /admin/jsi18n/ HTTP/1.1" 200 5754
Internal Server Error: /admin/portal/job/add/
Traceback (most recent call last):
  File "C:\Users\ADMIN\placement_portal\.venv\Lib\site-packages\django\db\backends\utils.py", line 105, in _execute
    return self.cursor.execute(sql, params)
           ~~~~~~~~~~~~~~~~~~~^^^^^^^^^^^^^
  File "C:\Users\ADMIN\placement_portal\.venv\Lib\site-packages\django\db\backends\sqlite3\base.py", line 354, in execute
    return super().execute(query, params)
           ~~~~~~~~~~~~~~~^^^^^^^^^^^^^^^
sqlite3.OperationalError: database is locked

The above exception was the direct cause of the following exception:

Traceback (most recent call last):
  File "C:\Users\ADMIN\placement_portal\.venv\Lib\site-packages\django\core\handlers\exception.py", line 55, in inner
    response = get_response(request)
  File "C:\Users\ADMIN\placement_portal\.venv\Lib\site-packages\django\core\handlers\base.py", line 197, in _get_response
    response = wrapped_callback(request, *callback_args, **callback_kwargs)
  File "C:\Users\ADMIN\placement_portal\.venv\Lib\site-packages\django\contrib\admin\options.py", line 718, in wrapper
    return self.admin_site.admin_view(view)(*args, **kwargs)
           ~~~~~~~~~~~~~~~~~~~~~~~~~~~~~~~~^^^^^^^^^^^^^^^^^
  File "C:\Users\ADMIN\placement_portal\.venv\Lib\site-packages\django\utils\decorators.py", line 188, in _view_wrapper
    result = _process_exception(request, e)
  File "C:\Users\ADMIN\placement_portal\.venv\Lib\site-packages\django\utils\decorators.py", line 186, in _view_wrapper
    response = view_func(request, *args, **kwargs)
  File "C:\Users\ADMIN\placement_portal\.venv\Lib\site-packages\django\views\decorators\cache.py", line 80, in _view_wrapper
    response = view_func(request, *args, **kwargs)
  File "C:\Users\ADMIN\placement_portal\.venv\Lib\site-packages\django\contrib\admin\sites.py", line 241, in inner
    return view(request, *args, **kwargs)
  File "C:\Users\ADMIN\placement_portal\.venv\Lib\site-packages\django\contrib\admin\options.py", line 1961, in add_view
    return self.changeform_view(request, None, form_url, extra_context)
           ~~~~~~~~~~~~~~~~~~~~^^^^^^^^^^^^^^^^^^^^^^^^^^^^^^^^^^^^^^^^
  File "C:\Users\ADMIN\placement_portal\.venv\Lib\site-packages\django\utils\decorators.py", line 48, in _wrapper
    return bound_method(*args, **kwargs)
  File "C:\Users\ADMIN\placement_portal\.venv\Lib\site-packages\django\utils\decorators.py", line 188, in _view_wrapper
    result = _process_exception(request, e)
  File "C:\Users\ADMIN\placement_portal\.venv\Lib\site-packages\django\utils\decorators.py", line 186, in _view_wrapper
    response = view_func(request, *args, **kwargs)
  File "C:\Users\ADMIN\placement_portal\.venv\Lib\site-packages\django\contrib\admin\options.py", line 1820, in changeform_view
    return self._changeform_view(request, object_id, form_url, extra_context)
           ~~~~~~~~~~~~~~~~~~~~~^^^^^^^^^^^^^^^^^^^^^^^^^^^^^^^^^^^^^^^^^^^^^
  File "C:\Users\ADMIN\placement_portal\.venv\Lib\site-packages\django\contrib\admin\options.py", line 1871, in _changeform_view
    self.save_model(request, new_object, form, not add)
    ~~~~~~~~~~~~~~~^^^^^^^^^^^^^^^^^^^^^^^^^^^^^^^^^^^^
  File "C:\Users\ADMIN\placement_portal\.venv\Lib\site-packages\django\contrib\admin\options.py", line 1294, in save_model
    obj.save()
    ~~~~~~~~^^
  File "C:\Users\ADMIN\placement_portal\.venv\Lib\site-packages\django\db\models\base.py", line 891, in save
    self.save_base(
    ~~~~~~~~~~~~~~^
        using=using,
        ^^^^^^^^^^^^
    ...<2 lines>...
        update_fields=update_fields,
        ^^^^^^^^^^^^^^^^^^^^^^^^^^^^
    )
    ^
  File "C:\Users\ADMIN\placement_portal\.venv\Lib\site-packages\django\db\models\base.py", line 997, in save_base
    updated = self._save_table(
        raw,
    ...<4 lines>...
        update_fields,
    )
  File "C:\Users\ADMIN\placement_portal\.venv\Lib\site-packages\django\db\models\base.py", line 1160, in _save_table
    results = self._do_insert(
        cls._base_manager, using, fields, returning_fields, raw
    )
  File "C:\Users\ADMIN\placement_portal\.venv\Lib\site-packages\django\db\models\base.py", line 1201, in _do_insert
    return manager._insert(
           ~~~~~~~~~~~~~~~^
        [self],
        ^^^^^^^
    ...<3 lines>...
        raw=raw,
        ^^^^^^^^
    )
    ^
  File "C:\Users\ADMIN\placement_portal\.venv\Lib\site-packages\django\db\models\manager.py", line 87, in manager_method
    return getattr(self.get_queryset(), name)(*args, **kwargs)
           ~~~~~~~~~~~~~~~~~~~~~~~~~~~~~~~~~~^^^^^^^^^^^^^^^^^
  File "C:\Users\ADMIN\placement_portal\.venv\Lib\site-packages\django\db\models\query.py", line 1847, in _insert
    return query.get_compiler(using=using).execute_sql(returning_fields)
           ~~~~~~~~~~~~~~~~~~~~~~~~~~~~~~~~~~~~~~~~~~~^^^^^^^^^^^^^^^^^^
  File "C:\Users\ADMIN\placement_portal\.venv\Lib\site-packages\django\db\models\sql\compiler.py", line 1836, in execute_sql
    cursor.execute(sql, params)
    ~~~~~~~~~~~~~~^^^^^^^^^^^^^
  File "C:\Users\ADMIN\placement_portal\.venv\Lib\site-packages\django\db\backends\utils.py", line 122, in execute
    return super().execute(sql, params)
           ~~~~~~~~~~~~~~~^^^^^^^^^^^^^
  File "C:\Users\ADMIN\placement_portal\.venv\Lib\site-packages\django\db\backends\utils.py", line 79, in execute
    return self._execute_with_wrappers(
           ~~~~~~~~~~~~~~~~~~~~~~~~~~~^
        sql, params, many=False, executor=self._execute
        ^^^^^^^^^^^^^^^^^^^^^^^^^^^^^^^^^^^^^^^^^^^^^^^
    )
    ^
  File "C:\Users\ADMIN\placement_portal\.venv\Lib\site-packages\django\db\backends\utils.py", line 92, in _execute_with_wrappers
    return executor(sql, params, many, context)
  File "C:\Users\ADMIN\placement_portal\.venv\Lib\site-packages\django\db\backends\utils.py", line 100, in _execute
    with self.db.wrap_database_errors:
         ^^^^^^^^^^^^^^^^^^^^^^^^^^^^
  File "C:\Users\ADMIN\placement_portal\.venv\Lib\site-packages\django\db\utils.py", line 91, in __exit__
    raise dj_exc_value.with_traceback(traceback) from exc_value
  File "C:\Users\ADMIN\placement_portal\.venv\Lib\site-packages\django\db\backends\utils.py", line 105, in _execute
    return self.cursor.execute(sql, params)
           ~~~~~~~~~~~~~~~~~~~^^^^^^^^^^^^^
  File "C:\Users\ADMIN\placement_portal\.venv\Lib\site-packages\django\db\backends\sqlite3\base.py", line 354, in execute
    return super().execute(query, params)
           ~~~~~~~~~~~~~~~^^^^^^^^^^^^^^^
django.db.utils.OperationalError: database is locked
"POST /admin/portal/job/add/ HTTP/1.1" 500 209743
- Broken pipe from ('127.0.0.1', 53750)
C:\Users\ADMIN\placement_portal\placement_portal\settings.py changed, reloading.
Watching for file changes with StatReloader
"GET /admin/portal/job/add/ HTTP/1.1" 200 14647
"POST /admin/portal/job/add/ HTTP/1.1" 302 0
"GET /admin/portal/job/ HTTP/1.1" 200 13409
"GET /admin/jsi18n/ HTTP/1.1" 200 5754
C:\Users\ADMIN\placement_portal\placement_portal\settings.py changed, reloading.
Watching for file changes with StatReloader
"GET /admin/portal/job/ HTTP/1.1" 500 59
"GET /admin/portal/job/add/ HTTP/1.1" 500 59
"GET / HTTP/1.1" 302 0
"GET /admin/ HTTP/1.1" 500 59
C:\Users\ADMIN\placement_portal\placement_portal\settings.py changed, reloading.
Watching for file changes with StatReloader
"GET /admin/ HTTP/1.1" 200 12669
"GET /admin/portal/job/ HTTP/1.1" 200 13209
"GET /admin/jsi18n/ HTTP/1.1" 200 5754
"GET /admin/portal/recruiter/ HTTP/1.1" 200 10847
"GET /admin/jsi18n/ HTTP/1.1" 200 5754
"GET /admin/portal/student/ HTTP/1.1" 200 11110
"GET /admin/jsi18n/ HTTP/1.1" 200 5754
"GET /admin/portal/feedback/ HTTP/1.1" 200 10835
"GET /admin/jsi18n/ HTTP/1.1" 200 5754
"GET /admin/portal/application/ HTTP/1.1" 200 9549
"GET /admin/jsi18n/ HTTP/1.1" 200 5754
"GET /admin/portal/application/add/ HTTP/1.1" 200 13861
"GET /admin/jsi18n/ HTTP/1.1" 200 5754
"POST /admin/portal/application/add/ HTTP/1.1" 302 0
"GET /admin/portal/application/ HTTP/1.1" 200 11095
"GET /admin/jsi18n/ HTTP/1.1" 200 5754
"GET /login/ HTTP/1.1" 200 1084
"POST /login/ HTTP/1.1" 200 1084
Watching for file changes with StatReloader
"GET /login/ HTTP/1.1" 200 1084
"GET /admin/portal/application/ HTTP/1.1" 200 10875
"GET /admin/portal/recruiter/ HTTP/1.1" 200 10851
"GET /admin/jsi18n/ HTTP/1.1" 200 5754
"GET /admin/portal/recruiter/1/change/ HTTP/1.1" 200 12900
"GET /admin/jsi18n/ HTTP/1.1" 200 5754
"GET /admin/portal/job/ HTTP/1.1" 200 13213
"GET /admin/jsi18n/ HTTP/1.1" 200 5754
"GET /admin/portal/application/ HTTP/1.1" 200 10875
"GET /admin/jsi18n/ HTTP/1.1" 200 5754
"GET /admin/portal/application/1/change/ HTTP/1.1" 200 14118
"GET /admin/jsi18n/ HTTP/1.1" 200 5754
"GET /admin/portal/application/ HTTP/1.1" 200 10875
"GET /admin/jsi18n/ HTTP/1.1" 200 5754
"GET /login/ HTTP/1.1" 200 1084
"POST /login/ HTTP/1.1" 200 1084
"GET /register/ HTTP/1.1" 200 509
Watching for file changes with StatReloader
Internal Server Error: /register/student/
Traceback (most recent call last):
  File "C:\Users\ADMIN\placement_portal\.venv\Lib\site-packages\django\template\base.py", line 510, in parse
    compile_func = self.tags[command]
                   ~~~~~~~~~^^^^^^^^^
KeyError: 'static'

During handling of the above exception, another exception occurred:

Traceback (most recent call last):
  File "C:\Users\ADMIN\placement_portal\.venv\Lib\site-packages\django\core\handlers\exception.py", line 55, in inner
    response = get_response(request)
  File "C:\Users\ADMIN\placement_portal\.venv\Lib\site-packages\django\core\handlers\base.py", line 197, in _get_response
    response = wrapped_callback(request, *callback_args, **callback_kwargs)
  File "C:\Users\ADMIN\placement_portal\portal\views.py", line 113, in register_student
    return render(request, 'register_student.html')
  File "C:\Users\ADMIN\placement_portal\.venv\Lib\site-packages\django\shortcuts.py", line 25, in render
    content = loader.render_to_string(template_name, context, request, using=using)
  File "C:\Users\ADMIN\placement_portal\.venv\Lib\site-packages\django\template\loader.py", line 61, in render_to_string
    template = get_template(template_name, using=using)
  File "C:\Users\ADMIN\placement_portal\.venv\Lib\site-packages\django\template\loader.py", line 15, in get_template
    return engine.get_template(template_name)
           ~~~~~~~~~~~~~~~~~~~^^^^^^^^^^^^^^^
  File "C:\Users\ADMIN\placement_portal\.venv\Lib\site-packages\django\template\backends\django.py", line 79, in get_template
    return Template(self.engine.get_template(template_name), self)
                    ~~~~~~~~~~~~~~~~~~~~~~~~^^^^^^^^^^^^^^^
  File "C:\Users\ADMIN\placement_portal\.venv\Lib\site-packages\django\template\engine.py", line 177, in get_template
    template, origin = self.find_template(template_name)
                       ~~~~~~~~~~~~~~~~~~^^^^^^^^^^^^^^^
  File "C:\Users\ADMIN\placement_portal\.venv\Lib\site-packages\django\template\engine.py", line 159, in find_template
    template = loader.get_template(name, skip=skip)
  File "C:\Users\ADMIN\placement_portal\.venv\Lib\site-packages\django\template\loaders\cached.py", line 57, in get_template
    template = super().get_template(template_name, skip)
  File "C:\Users\ADMIN\placement_portal\.venv\Lib\site-packages\django\template\loaders\base.py", line 28, in get_template
    return Template(
        contents,
    ...<2 lines>...
        self.engine,
    )
  File "C:\Users\ADMIN\placement_portal\.venv\Lib\site-packages\django\template\base.py", line 154, in __init__
    self.nodelist = self.compile_nodelist()
                    ~~~~~~~~~~~~~~~~~~~~~^^
  File "C:\Users\ADMIN\placement_portal\.venv\Lib\site-packages\django\template\base.py", line 196, in compile_nodelist
    nodelist = parser.parse()
  File "C:\Users\ADMIN\placement_portal\.venv\Lib\site-packages\django\template\base.py", line 512, in parse
    self.invalid_block_tag(token, command, parse_until)
    ~~~~~~~~~~~~~~~~~~~~~~^^^^^^^^^^^^^^^^^^^^^^^^^^^^^
  File "C:\Users\ADMIN\placement_portal\.venv\Lib\site-packages\django\template\base.py", line 573, in invalid_block_tag
    raise self.error(
    ...<3 lines>...
    )
django.template.exceptions.TemplateSyntaxError: Invalid block tag on line 7: 'static'. Did you forget to register or load this tag?
"GET /register/student/ HTTP/1.1" 500 137440
C:\Users\ADMIN\placement_portal\placement_portal\settings.py changed, reloading.
Watching for file changes with StatReloader
Watching for file changes with StatReloader
Watching for file changes with StatReloader
"POST /login/ HTTP/1.1" 200 1084
Watching for file changes with StatReloader
"POST /login/ HTTP/1.1" 200 1084
"POST /login/ HTTP/1.1" 200 1084
Watching for file changes with StatReloader
"GET /admin/ HTTP/1.1" 200 12685
"GET /admin/portal/student/ HTTP/1.1" 200 11114
"GET /admin/jsi18n/ HTTP/1.1" 200 5754
"GET /admin/portal/student/1/change/ HTTP/1.1" 200 14225
"GET /admin/jsi18n/ HTTP/1.1" 200 5754
"POST /admin/portal/student/1/change/ HTTP/1.1" 302 0
"GET /admin/portal/student/ HTTP/1.1" 200 11328
"GET /admin/jsi18n/ HTTP/1.1" 200 5754
"POST /admin/logout/ HTTP/1.1" 200 3559
"GET /admin/ HTTP/1.1" 302 0
"GET /admin/login/?next=/admin/ HTTP/1.1" 200 4164
"GET /login/ HTTP/1.1" 200 1084
"POST /login/ HTTP/1.1" 200 1084
Watching for file changes with StatReloader
"POST /login/ HTTP/1.1" 200 1084
"POST /login/ HTTP/1.1" 200 1084
"GET /admin/ HTTP/1.1" 302 0
"GET /admin/login/?next=/admin/ HTTP/1.1" 200 4164
"POST /admin/login/?next=/admin/ HTTP/1.1" 200 4330
"POST /admin/login/?next=/admin/ HTTP/1.1" 200 4326
"POST /admin/login/?next=/admin/ HTTP/1.1" 302 0
"GET /admin/ HTTP/1.1" 200 12685
C:\Users\ADMIN\placement_portal\portal\admin.py changed, reloading.
Watching for file changes with StatReloader
Watching for file changes with StatReloader
"GET /admin/ HTTP/1.1" 200 12685
"GET /static/admin/css/dark_mode.css HTTP/1.1" 304 0
"GET /static/admin/js/theme.js HTTP/1.1" 304 0
"GET /static/admin/css/base.css HTTP/1.1" 304 0
"GET /static/admin/css/nav_sidebar.css HTTP/1.1" 304 0
"GET /static/admin/css/responsive.css HTTP/1.1" 304 0
"GET /static/admin/css/dashboard.css HTTP/1.1" 304 0
"GET /static/admin/js/nav_sidebar.js HTTP/1.1" 304 0
"GET /static/admin/img/icon-addlink.svg HTTP/1.1" 304 0
"GET /static/admin/img/icon-changelink.svg HTTP/1.1" 304 0
Watching for file changes with StatReloader
"GET /admin/ HTTP/1.1" 200 12685
"GET /static/admin/css/dark_mode.css HTTP/1.1" 304 0
"GET /static/admin/css/nav_sidebar.css HTTP/1.1" 304 0
"GET /static/admin/css/responsive.css HTTP/1.1" 304 0
"GET /static/admin/css/dashboard.css HTTP/1.1" 304 0
"GET /static/admin/js/theme.js HTTP/1.1" 304 0
"GET /static/admin/css/base.css HTTP/1.1" 304 0
"GET /static/admin/js/nav_sidebar.js HTTP/1.1" 304 0
"GET /static/admin/img/icon-changelink.svg HTTP/1.1" 304 0
"GET /static/admin/img/icon-addlink.svg HTTP/1.1" 304 0
"GET /admin/portal/student/ HTTP/1.1" 200 11114
"GET /static/admin/css/changelists.css HTTP/1.1" 304 0
"GET /static/admin/js/jquery.init.js HTTP/1.1" 304 0
"GET /static/admin/js/vendor/jquery/jquery.js HTTP/1.1" 304 0
"GET /static/admin/js/actions.js HTTP/1.1" 304 0
"GET /static/admin/js/core.js HTTP/1.1" 304 0
"GET /static/admin/js/urlify.js HTTP/1.1" 304 0
"GET /static/admin/js/admin/RelatedObjectLookups.js HTTP/1.1" 304 0
"GET /static/admin/js/vendor/xregexp/xregexp.js HTTP/1.1" 304 0
"GET /static/admin/js/prepopulate.js HTTP/1.1" 304 0
"GET /admin/jsi18n/ HTTP/1.1" 200 5754
"GET /static/admin/js/filters.js HTTP/1.1" 304 0
"GET /static/admin/img/tooltag-add.svg HTTP/1.1" 304 0
"POST /admin/logout/ HTTP/1.1" 200 3559
"GET /admin/ HTTP/1.1" 302 0
"GET /admin/login/?next=/admin/ HTTP/1.1" 200 4164
"GET /static/admin/css/login.css HTTP/1.1" 304 0
"GET /login/ HTTP/1.1" 200 1121
"GET /static/css/style.css HTTP/1.1" 304 0
"POST /login/ HTTP/1.1" 200 1121
"POST /login/ HTTP/1.1" 200 1084
"GET /register/ HTTP/1.1" 200 509
"GET /register/ HTTP/1.1" 200 509
"POST /login/ HTTP/1.1" 200 1130
"GET /register/ HTTP/1.1" 200 509
C:\Users\ADMIN\placement_portal\portal\urls.py changed, reloading.
Watching for file changes with StatReloader
Watching for file changes with StatReloader
"POST /login/ HTTP/1.1" 200 1130
"GET /login/admin/ HTTP/1.1" 200 0
"GET /login/admin/ HTTP/1.1" 200 0
"GET /login/student/ HTTP/1.1" 200 0
"GET /login/ HTTP/1.1" 200 1130
"GET /register/ HTTP/1.1" 200 509
"GET /admin/login/?next=/admin/ HTTP/1.1" 200 4164
"POST /admin/login/?next=/admin/ HTTP/1.1" 302 0
"GET /admin/ HTTP/1.1" 200 12685
"GET /admin/portal/job/add/ HTTP/1.1" 200 14651
"GET /static/admin/css/forms.css HTTP/1.1" 304 0
"GET /admin/jsi18n/ HTTP/1.1" 200 5754
"GET /static/admin/js/prepopulate_init.js HTTP/1.1" 304 0
"GET /static/admin/css/widgets.css HTTP/1.1" 304 0
"GET /static/admin/img/icon-viewlink.svg HTTP/1.1" 304 0
"GET /static/admin/js/change_form.js HTTP/1.1" 304 0
"POST /admin/portal/job/add/ HTTP/1.1" 302 0
"GET /admin/portal/job/ HTTP/1.1" 200 13845
"GET /static/admin/img/search.svg HTTP/1.1" 304 0
"GET /admin/jsi18n/ HTTP/1.1" 200 5754
"GET /static/admin/img/icon-yes.svg HTTP/1.1" 304 0
"GET / HTTP/1.1" 302 0
"GET /admin/ HTTP/1.1" 200 12673
"GET /admin/portal/job/ HTTP/1.1" 200 13645
"GET /admin/jsi18n/ HTTP/1.1" 200 5754
"GET /admin/auth/user/ HTTP/1.1" 200 13913
"GET /admin/jsi18n/ HTTP/1.1" 200 5754
"GET /static/admin/img/icon-no.svg HTTP/1.1" 304 0
"GET /static/admin/img/sorting-icons.svg HTTP/1.1" 304 0
"POST /admin/auth/user/ HTTP/1.1" 200 10447
"GET /static/admin/js/cancel.js HTTP/1.1" 200 884
"POST /admin/auth/user/ HTTP/1.1" 302 0
"GET /admin/auth/user/ HTTP/1.1" 200 13576
"GET /admin/jsi18n/ HTTP/1.1" 200 5754
"GET /admin/portal/job/ HTTP/1.1" 200 10386
"GET /admin/jsi18n/ HTTP/1.1" 200 5754
"GET /admin/portal/recruiter/ HTTP/1.1" 200 9539
"GET /admin/jsi18n/ HTTP/1.1" 200 5754
"GET /admin/portal/student/ HTTP/1.1" 200 10827
"GET /admin/jsi18n/ HTTP/1.1" 200 5754
"GET /admin/portal/recruiter/ HTTP/1.1" 200 9539
"GET /admin/jsi18n/ HTTP/1.1" 200 5754
"GET /admin/portal/recruiter/add/ HTTP/1.1" 200 12561
"GET /admin/jsi18n/ HTTP/1.1" 200 5754
"POST /admin/portal/recruiter/add/ HTTP/1.1" 302 0
"GET /admin/portal/recruiter/ HTTP/1.1" 200 11069
"GET /admin/jsi18n/ HTTP/1.1" 200 5754
"GET /admin/portal/job/ HTTP/1.1" 200 10386
"GET /admin/jsi18n/ HTTP/1.1" 200 5754
"GET /admin/portal/job/add/ HTTP/1.1" 200 14651
"GET /admin/jsi18n/ HTTP/1.1" 200 5754
"GET /admin/portal/recruiter/add/?_to_field=id&_popup=1 HTTP/1.1" 200 6635
"GET /admin/jsi18n/ HTTP/1.1" 200 5754
"GET /admin/portal/recruiter/2/change/?_to_field=id HTTP/1.1" 200 12903
"GET /admin/jsi18n/ HTTP/1.1" 200 5754
"GET /admin/portal/job/ HTTP/1.1" 200 10386
"GET /admin/jsi18n/ HTTP/1.1" 200 5754
"GET /admin/portal/job/add/ HTTP/1.1" 200 14651
"GET /admin/jsi18n/ HTTP/1.1" 200 5754
"POST /admin/portal/job/add/ HTTP/1.1" 302 0
"GET /admin/portal/job/ HTTP/1.1" 200 12527
"GET /admin/jsi18n/ HTTP/1.1" 200 5754
"GET /admin/portal/job/? HTTP/1.1" 200 12327
"GET /admin/jsi18n/ HTTP/1.1" 200 5754
"GET /admin/portal/job/?_facets=True HTTP/1.1" 200 12558
"GET /admin/jsi18n/ HTTP/1.1" 200 5754
"GET /static/admin/img/icon-hidelink.svg HTTP/1.1" 200 784
"GET /admin/portal/job/? HTTP/1.1" 200 12327
"GET /admin/jsi18n/ HTTP/1.1" 200 5754
"GET /admin/portal/feedback/ HTTP/1.1" 200 9532
"GET /admin/jsi18n/ HTTP/1.1" 200 5754
"GET /admin/portal/application/ HTTP/1.1" 200 9553
"GET /admin/jsi18n/ HTTP/1.1" 200 5754
"GET /admin/portal/application/add/ HTTP/1.1" 200 13726
"GET /admin/jsi18n/ HTTP/1.1" 200 5754
"POST /admin/portal/application/add/ HTTP/1.1" 302 0
"GET /admin/portal/application/ HTTP/1.1" 200 11099
"GET /admin/jsi18n/ HTTP/1.1" 200 5754
"GET /admin/portal/application/2/change/ HTTP/1.1" 200 13979
"GET /admin/jsi18n/ HTTP/1.1" 200 5754
"POST /admin/portal/application/2/change/ HTTP/1.1" 302 0
"GET /admin/portal/application/ HTTP/1.1" 200 11101
"GET /admin/jsi18n/ HTTP/1.1" 200 5754
"GET /admin/auth/ HTTP/1.1" 200 5876
"GET /admin/auth/ HTTP/1.1" 200 5876
"GET /admin/auth/group/ HTTP/1.1" 200 9856
"GET /admin/jsi18n/ HTTP/1.1" 200 5754
"GET /admin/auth/group/add/ HTTP/1.1" 200 15367
"GET /static/admin/js/SelectFilter2.js HTTP/1.1" 304 0
"GET /static/admin/js/SelectBox.js HTTP/1.1" 304 0
"GET /admin/jsi18n/ HTTP/1.1" 200 5754
"GET /static/admin/img/selector-icons.svg HTTP/1.1" 304 0
"GET /static/admin/img/icon-unknown.svg HTTP/1.1" 200 655
"GET /static/admin/img/icon-unknown-alt.svg HTTP/1.1" 200 655
"POST /admin/auth/group/add/ HTTP/1.1" 200 15548
"GET /admin/jsi18n/ HTTP/1.1" 200 5754
"POST /admin/auth/group/add/ HTTP/1.1" 302 0
"GET /admin/auth/group/ HTTP/1.1" 200 11326
"GET /admin/jsi18n/ HTTP/1.1" 200 5754
"GET /admin/auth/group/1/change/ HTTP/1.1" 200 15609
"GET /admin/jsi18n/ HTTP/1.1" 200 5754
"GET /admin/auth/group/1/delete/ HTTP/1.1" 200 9684
"POST /admin/auth/group/1/delete/ HTTP/1.1" 302 0
"GET /admin/auth/group/ HTTP/1.1" 200 10012
"GET /admin/jsi18n/ HTTP/1.1" 200 5754
"POST /admin/logout/ HTTP/1.1" 200 3559
"GET /admin/ HTTP/1.1" 302 0
"GET /admin/login/?next=/admin/ HTTP/1.1" 200 4164
Watching for file changes with StatReloader
Watching for file changes with StatReloader
"GET / HTTP/1.1" 302 0
"GET /admin/ HTTP/1.1" 302 0
"GET /admin/login/?next=/admin/ HTTP/1.1" 200 4164
"GET /static/admin/css/base.css HTTP/1.1" 304 0
"GET /static/admin/css/dark_mode.css HTTP/1.1" 304 0
"GET /static/admin/js/theme.js HTTP/1.1" 304 0
"GET /static/admin/css/nav_sidebar.css HTTP/1.1" 304 0
"GET /static/admin/css/login.css HTTP/1.1" 304 0
"GET /static/admin/css/responsive.css HTTP/1.1" 304 0
"GET /static/admin/js/nav_sidebar.js HTTP/1.1" 304 0
"POST /admin/login/?next=/admin/ HTTP/1.1" 302 0
"GET /admin/ HTTP/1.1" 200 12609
"GET /static/admin/css/dashboard.css HTTP/1.1" 304 0
"GET /static/admin/img/icon-changelink.svg HTTP/1.1" 304 0
"GET /static/admin/img/icon-addlink.svg HTTP/1.1" 304 0
"GET /static/admin/img/icon-deletelink.svg HTTP/1.1" 200 392
"GET /admin/portal/student/ HTTP/1.1" 200 10827
"GET /static/admin/css/changelists.css HTTP/1.1" 304 0
"GET /static/admin/js/vendor/jquery/jquery.js HTTP/1.1" 304 0
"GET /static/admin/js/core.js HTTP/1.1" 304 0
"GET /static/admin/js/actions.js HTTP/1.1" 304 0
"GET /static/admin/js/jquery.init.js HTTP/1.1" 304 0
"GET /static/admin/js/urlify.js HTTP/1.1" 304 0
"GET /static/admin/js/admin/RelatedObjectLookups.js HTTP/1.1" 304 0
"GET /static/admin/js/prepopulate.js HTTP/1.1" 304 0
"GET /static/admin/js/vendor/xregexp/xregexp.js HTTP/1.1" 304 0
"GET /admin/jsi18n/ HTTP/1.1" 200 5754
"GET /static/admin/js/filters.js HTTP/1.1" 304 0
"GET /static/admin/img/tooltag-add.svg HTTP/1.1" 304 0
"GET /admin/portal/student/1/change/ HTTP/1.1" 200 14188
"GET /static/admin/css/forms.css HTTP/1.1" 304 0
"GET /static/admin/js/prepopulate_init.js HTTP/1.1" 304 0
"GET /admin/jsi18n/ HTTP/1.1" 200 5754
"GET /static/admin/css/widgets.css HTTP/1.1" 304 0
"GET /static/admin/js/change_form.js HTTP/1.1" 304 0
"GET /static/admin/img/icon-viewlink.svg HTTP/1.1" 304 0
"GET /admin/portal/recruiter/ HTTP/1.1" 200 10851
"GET /admin/jsi18n/ HTTP/1.1" 200 5754
"GET /admin/portal/recruiter/2/change/ HTTP/1.1" 200 12854
"GET /admin/jsi18n/ HTTP/1.1" 200 5754
"GET /admin/portal/job/ HTTP/1.1" 200 12327
"GET /static/admin/img/search.svg HTTP/1.1" 304 0
"GET /admin/jsi18n/ HTTP/1.1" 200 5754
"GET /admin/portal/job/add/ HTTP/1.1" 200 14651
"GET /admin/jsi18n/ HTTP/1.1" 200 5754
"POST /admin/portal/job/add/ HTTP/1.1" 302 0
"GET /admin/portal/job/ HTTP/1.1" 200 12968
"GET /admin/jsi18n/ HTTP/1.1" 200 5754
"GET /static/admin/img/icon-yes.svg HTTP/1.1" 304 0
"POST /admin/logout/ HTTP/1.1" 200 3559
"GET /login/ HTTP/1.1" 200 1130
"GET /static/css/style.css HTTP/1.1" 304 0
"GET /register/ HTTP/1.1" 200 509
"GET /login/ HTTP/1.1" 200 1088
"POST /login/ HTTP/1.1" 200 1088
"POST /login/ HTTP/1.1" 200 1088
"POST /login/ HTTP/1.1" 200 1088
"POST /login/ HTTP/1.1" 200 1101
"POST /login/ HTTP/1.1" 200 1101
"POST /login/ HTTP/1.1" 200 1101
"POST /login/ HTTP/1.1" 200 1083
"POST /login/ HTTP/1.1" 200 1083
"GET /register HTTP/1.1" 301 0
"GET /register/ HTTP/1.1" 200 509
"POST /login/ HTTP/1.1" 200 1151
"POST /login/ HTTP/1.1" 200 1151
Watching for file changes with StatReloader
Watching for file changes with StatReloader
"GET / HTTP/1.1" 302 0
"GET /admin/ HTTP/1.1" 302 0
"GET /admin/login/?next=/admin/ HTTP/1.1" 200 4164
"POST /admin/login/?next=/admin/ HTTP/1.1" 302 0
"GET /admin/ HTTP/1.1" 200 12585
"GET /admin/portal/student/ HTTP/1.1" 200 10827
"GET /admin/jsi18n/ HTTP/1.1" 200 5754
"GET /admin/portal/student/1/change/ HTTP/1.1" 200 14188
"GET /admin/jsi18n/ HTTP/1.1" 200 5754
"GET /admin/portal/recruiter/ HTTP/1.1" 200 10851
"GET /admin/jsi18n/ HTTP/1.1" 200 5754
"GET /admin/portal/student/ HTTP/1.1" 200 10827
"GET /admin/jsi18n/ HTTP/1.1" 200 5754
"GET /admin/portal/student/1/change/ HTTP/1.1" 200 14188
"GET /admin/jsi18n/ HTTP/1.1" 200 5754
Forbidden (CSRF token from POST incorrect.): /login/
"POST /login/ HTTP/1.1" 403 2503
Forbidden (CSRF token from POST incorrect.): /login/
"POST /login/ HTTP/1.1" 403 2503
Watching for file changes with StatReloader
Watching for file changes with StatReloader
Watching for file changes with StatReloader
Watching for file changes with StatReloader
C:\Users\ADMIN\placement_portal\portal\models.py changed, reloading.
Watching for file changes with StatReloader
Watching for file changes with StatReloader
C:\Users\ADMIN\placement_portal\portal\models.py changed, reloading.
Watching for file changes with StatReloader
Watching for file changes with StatReloader
Watching for file changes with StatReloader
Watching for file changes with StatReloader
Watching for file changes with StatReloader
"GET / HTTP/1.1" 302 0
"GET /admin/ HTTP/1.1" 200 12585
"GET /static/admin/css/base.css HTTP/1.1" 304 0
"GET /static/admin/css/nav_sidebar.css HTTP/1.1" 304 0
"GET /static/admin/css/dashboard.css HTTP/1.1" 304 0
"GET /static/admin/css/dark_mode.css HTTP/1.1" 304 0
"GET /static/admin/css/responsive.css HTTP/1.1" 304 0
"GET /static/admin/js/theme.js HTTP/1.1" 304 0
"GET /static/admin/js/nav_sidebar.js HTTP/1.1" 304 0
"GET /static/admin/img/icon-changelink.svg HTTP/1.1" 304 0
"GET /static/admin/img/icon-deletelink.svg HTTP/1.1" 304 0
"GET /static/admin/img/icon-addlink.svg HTTP/1.1" 304 0
"GET /admin/auth/user/ HTTP/1.1" 200 13442
"GET /static/admin/js/jquery.init.js HTTP/1.1" 304 0
"GET /static/admin/css/changelists.css HTTP/1.1" 304 0
"GET /static/admin/js/core.js HTTP/1.1" 304 0
"GET /static/admin/js/vendor/jquery/jquery.js HTTP/1.1" 304 0
"GET /static/admin/js/admin/RelatedObjectLookups.js HTTP/1.1" 304 0
"GET /static/admin/js/actions.js HTTP/1.1" 304 0
"GET /static/admin/js/urlify.js HTTP/1.1" 304 0
"GET /static/admin/js/prepopulate.js HTTP/1.1" 304 0
"GET /static/admin/js/vendor/xregexp/xregexp.js HTTP/1.1" 304 0
"GET /static/admin/img/search.svg HTTP/1.1" 304 0
"GET /static/admin/img/icon-yes.svg HTTP/1.1" 304 0
"GET /admin/jsi18n/ HTTP/1.1" 200 5754
"GET /static/admin/js/filters.js HTTP/1.1" 304 0
"GET /static/admin/img/icon-viewlink.svg HTTP/1.1" 304 0
"GET /static/admin/img/tooltag-add.svg HTTP/1.1" 304 0
"GET /static/admin/img/sorting-icons.svg HTTP/1.1" 200 1097
"GET /admin/portal/feedback/ HTTP/1.1" 200 9532
"GET /admin/jsi18n/ HTTP/1.1" 200 5754
"GET /admin/portal/recruiter/ HTTP/1.1" 200 10851
"GET /admin/jsi18n/ HTTP/1.1" 200 5754
"GET /admin/portal/student/ HTTP/1.1" 200 11333
"GET /admin/jsi18n/ HTTP/1.1" 200 5754
"GET /admin/portal/job/ HTTP/1.1" 200 12768
"GET /admin/jsi18n/ HTTP/1.1" 200 5754
"GET /admin/portal/job/6/change/ HTTP/1.1" 200 14934
"GET /static/admin/css/forms.css HTTP/1.1" 304 0
"GET /static/admin/js/prepopulate_init.js HTTP/1.1" 304 0
"GET /admin/jsi18n/ HTTP/1.1" 200 5754
"GET /static/admin/css/widgets.css HTTP/1.1" 304 0
"GET /static/admin/js/change_form.js HTTP/1.1" 304 0
"GET /admin/portal/student/ HTTP/1.1" 200 11333
"GET /admin/jsi18n/ HTTP/1.1" 200 5754
"GET /admin/portal/recruiter/ HTTP/1.1" 200 10851
"GET /admin/jsi18n/ HTTP/1.1" 200 5754
"GET /admin/portal/student/ HTTP/1.1" 200 11333
"GET /admin/jsi18n/ HTTP/1.1" 200 5754
"GET /admin/portal/student/1/change/ HTTP/1.1" 200 14188
"GET /admin/jsi18n/ HTTP/1.1" 200 5754
"GET /admin/portal/student/ HTTP/1.1" 200 11333
"GET /admin/jsi18n/ HTTP/1.1" 200 5754
"GET /admin/portal/student/1/change/ HTTP/1.1" 200 14188
"GET /admin/jsi18n/ HTTP/1.1" 200 5754
"GET /admin/portal/student/ HTTP/1.1" 200 11333
"GET /admin/jsi18n/ HTTP/1.1" 200 5754
"GET /admin/portal/recruiter/ HTTP/1.1" 200 10851
"GET /admin/jsi18n/ HTTP/1.1" 200 5754
"GET /admin/portal/job/ HTTP/1.1" 200 12768
"GET /admin/jsi18n/ HTTP/1.1" 200 5754
"GET /admin/portal/feedback/ HTTP/1.1" 200 9532
"GET /admin/jsi18n/ HTTP/1.1" 200 5754
"GET /admin/portal/application/ HTTP/1.1" 200 10875
"GET /admin/jsi18n/ HTTP/1.1" 200 5754
"GET /admin/portal/application/2/change/ HTTP/1.1" 200 14025
"GET /admin/jsi18n/ HTTP/1.1" 200 5754
"GET /admin/portal/application/2/delete/ HTTP/1.1" 200 9549
"GET /static/admin/js/cancel.js HTTP/1.1" 200 884
"POST /admin/portal/application/2/delete/ HTTP/1.1" 302 0
"GET /admin/portal/application/ HTTP/1.1" 200 9729
"GET /admin/jsi18n/ HTTP/1.1" 200 5754
"GET /admin/portal/application/add/ HTTP/1.1" 200 13771
"GET /admin/jsi18n/ HTTP/1.1" 200 5754
"GET /admin/portal/student/ HTTP/1.1" 200 11333
"GET /admin/jsi18n/ HTTP/1.1" 200 5754
"GET /admin/auth/user/ HTTP/1.1" 200 13442
"GET /admin/jsi18n/ HTTP/1.1" 200 5754
"GET /admin/auth/group/ HTTP/1.1" 200 9856
"GET /admin/jsi18n/ HTTP/1.1" 200 5754
"GET /admin/ HTTP/1.1" 200 12547
"GET /login/ HTTP/1.1" 200 1151
"GET /static/css/style.css HTTP/1.1" 304 0
"POST /login/ HTTP/1.1" 200 1151
C:\Users\ADMIN\placement_portal\portal\views.py changed, reloading.
Watching for file changes with StatReloader
"POST /login/ HTTP/1.1" 200 1151
"POST /login/ HTTP/1.1" 200 1151
"GET / HTTP/1.1" 302 0
"GET /admin/ HTTP/1.1" 200 12547
"GET /login/ HTTP/1.1" 200 1206
"POST /login/ HTTP/1.1" 200 1206
"POST /login/ HTTP/1.1" 200 1206
"POST /login/ HTTP/1.1" 200 1206
"POST /login/ HTTP/1.1" 200 1210
"POST /login/ HTTP/1.1" 200 1210
"POST /login/ HTTP/1.1" 200 1206
"POST /login/ HTTP/1.1" 200 1206
"POST /login/ HTTP/1.1" 200 1215
"POST /login/ HTTP/1.1" 200 1215
Watching for file changes with StatReloader
"GET / HTTP/1.1" 302 0
"GET /admin/ HTTP/1.1" 200 12547
"GET /static/admin/css/dashboard.css HTTP/1.1" 304 0
"GET /static/admin/css/dark_mode.css HTTP/1.1" 304 0
"GET /static/admin/css/nav_sidebar.css HTTP/1.1" 304 0
"GET /static/admin/css/base.css HTTP/1.1" 304 0
"GET /static/admin/css/responsive.css HTTP/1.1" 304 0
"GET /static/admin/js/theme.js HTTP/1.1" 304 0
"GET /static/admin/js/nav_sidebar.js HTTP/1.1" 304 0
"GET /static/admin/img/icon-deletelink.svg HTTP/1.1" 304 0
"GET /static/admin/img/icon-changelink.svg HTTP/1.1" 304 0
"GET /static/admin/img/icon-addlink.svg HTTP/1.1" 304 0
"GET /admin/portal/recruiter/2/change/ HTTP/1.1" 200 12854
"GET /static/admin/js/admin/RelatedObjectLookups.js HTTP/1.1" 304 0
"GET /static/admin/css/forms.css HTTP/1.1" 304 0
"GET /static/admin/js/vendor/jquery/jquery.js HTTP/1.1" 304 0
"GET /static/admin/js/jquery.init.js HTTP/1.1" 304 0
"GET /static/admin/js/core.js HTTP/1.1" 304 0
"GET /static/admin/js/urlify.js HTTP/1.1" 304 0
"GET /static/admin/js/actions.js HTTP/1.1" 304 0
"GET /static/admin/js/prepopulate.js HTTP/1.1" 304 0
"GET /static/admin/js/vendor/xregexp/xregexp.js HTTP/1.1" 304 0
"GET /static/admin/css/widgets.css HTTP/1.1" 304 0
"GET /static/admin/js/prepopulate_init.js HTTP/1.1" 304 0
"GET /admin/jsi18n/ HTTP/1.1" 200 5754
"GET /static/admin/img/icon-viewlink.svg HTTP/1.1" 304 0
"GET /static/admin/js/change_form.js HTTP/1.1" 304 0
"GET /admin/portal/student/ HTTP/1.1" 200 11333
"GET /static/admin/img/search.svg HTTP/1.1" 304 0
"GET /static/admin/css/changelists.css HTTP/1.1" 304 0
"GET /admin/jsi18n/ HTTP/1.1" 200 5754
"GET /static/admin/js/filters.js HTTP/1.1" 304 0
"GET /static/admin/img/tooltag-add.svg HTTP/1.1" 304 0
"GET /admin/portal/student/1/change/ HTTP/1.1" 200 14188
"GET /admin/jsi18n/ HTTP/1.1" 200 5754
"POST /admin/portal/student/1/change/ HTTP/1.1" 302 0
"GET /admin/portal/student/ HTTP/1.1" 200 11547
"GET /admin/jsi18n/ HTTP/1.1" 200 5754
"GET /static/admin/img/icon-yes.svg HTTP/1.1" 304 0
"GET /admin/portal/recruiter/ HTTP/1.1" 200 10851
"GET /admin/jsi18n/ HTTP/1.1" 200 5754
"GET /admin/portal/student/ HTTP/1.1" 200 11333
"GET /admin/jsi18n/ HTTP/1.1" 200 5754
"GET /admin/portal/student/1/change/ HTTP/1.1" 200 14188
"GET /admin/jsi18n/ HTTP/1.1" 200 5754
"GET /admin/portal/student/1/history/ HTTP/1.1" 200 9279
"GET /admin/ HTTP/1.1" 200 12564
"POST /admin/logout/ HTTP/1.1" 200 3559
"GET /admin/ HTTP/1.1" 302 0
"GET /admin/login/?next=/admin/ HTTP/1.1" 200 4164
"GET /static/admin/css/login.css HTTP/1.1" 304 0
"POST /admin/login/?next=/admin/ HTTP/1.1" 200 4342
"POST /admin/login/?next=/admin/ HTTP/1.1" 200 4330
"POST /admin/login/?next=/admin/ HTTP/1.1" 302 0
"GET /admin/ HTTP/1.1" 200 12564
"GET /admin/ HTTP/1.1" 200 12564
"GET /login/ HTTP/1.1" 200 1151
"GET /static/css/style.css HTTP/1.1" 304 0
"POST /login/ HTTP/1.1" 200 1151
"POST /login/ HTTP/1.1" 200 1151
"POST /login/ HTTP/1.1" 200 1151
C:\Users\ADMIN\placement_portal\portal\urls.py changed, reloading.
Watching for file changes with StatReloader
"GET / HTTP/1.1" 302 0
"GET /admin/ HTTP/1.1" 200 12564
"GET /home/ HTTP/1.1" 200 1151
"POST /home/ HTTP/1.1" 200 1151
"GET /login/ HTTP/1.1" 200 1151
"GET /home/ HTTP/1.1" 200 1151
"POST /home/ HTTP/1.1" 200 1151
Watching for file changes with StatReloader
"GET / HTTP/1.1" 302 0
"GET /admin/ HTTP/1.1" 200 12564
"POST /admin/logout/ HTTP/1.1" 200 3559
"GET /admin/ HTTP/1.1" 302 0
"GET /admin/login/?next=/admin/ HTTP/1.1" 200 4164
"POST /admin/login/?next=/admin/ HTTP/1.1" 302 0
"GET /admin/ HTTP/1.1" 200 12564
"GET /admin/portal/student/ HTTP/1.1" 200 11333
"GET /admin/jsi18n/ HTTP/1.1" 200 5754
"GET /admin/portal/student/1/change/ HTTP/1.1" 200 14188
"GET /admin/jsi18n/ HTTP/1.1" 200 5754
"POST /admin/portal/student/1/change/ HTTP/1.1" 302 0
"GET /admin/portal/student/ HTTP/1.1" 200 11547
"GET /admin/jsi18n/ HTTP/1.1" 200 5754
"GET /admin/portal/recruiter/ HTTP/1.1" 200 10851
"GET /admin/jsi18n/ HTTP/1.1" 200 5754
"GET /admin/portal/recruiter/2/change/ HTTP/1.1" 200 12854
"GET /admin/jsi18n/ HTTP/1.1" 200 5754
"GET /admin/portal/job/ HTTP/1.1" 200 12768
"GET /admin/jsi18n/ HTTP/1.1" 200 5754
"GET /admin/portal/feedback/ HTTP/1.1" 200 9532
"GET /admin/jsi18n/ HTTP/1.1" 200 5754
"GET /admin/portal/application/ HTTP/1.1" 200 9553
"GET /admin/jsi18n/ HTTP/1.1" 200 5754
"GET /login/ HTTP/1.1" 200 1151
"POST /login/ HTTP/1.1" 200 1151
"GET / HTTP/1.1" 302 0
"GET /admin/ HTTP/1.1" 200 12625
"POST /admin/logout/ HTTP/1.1" 200 3559
"GET /admin/ HTTP/1.1" 302 0
"GET /admin/login/?next=/admin/ HTTP/1.1" 200 4164
"POST /admin/login/?next=/admin/ HTTP/1.1" 302 0
"GET /admin/ HTTP/1.1" 200 12625
"GET /admin/portal/student/ HTTP/1.1" 200 11333
"GET /admin/jsi18n/ HTTP/1.1" 200 5754
"GET /admin/portal/student/1/change/ HTTP/1.1" 200 14188
"GET /admin/jsi18n/ HTTP/1.1" 200 5754
"POST /admin/portal/student/1/change/ HTTP/1.1" 302 0
"GET /admin/portal/student/ HTTP/1.1" 200 11547
"GET /admin/jsi18n/ HTTP/1.1" 200 5754
"GET /admin/portal/recruiter/ HTTP/1.1" 200 10851
"GET /admin/jsi18n/ HTTP/1.1" 200 5754
"GET /admin/portal/recruiter/2/change/ HTTP/1.1" 200 12854
"GET /admin/jsi18n/ HTTP/1.1" 200 5754
"GET /admin/portal/job/ HTTP/1.1" 200 12768
"GET /admin/jsi18n/ HTTP/1.1" 200 5754
"GET /admin/portal/job/6/change/ HTTP/1.1" 200 14934
"GET /admin/jsi18n/ HTTP/1.1" 200 5754
"POST /admin/portal/job/6/change/ HTTP/1.1" 302 0
"GET /admin/portal/job/ HTTP/1.1" 200 12970
"GET /admin/jsi18n/ HTTP/1.1" 200 5754
"GET /admin/portal/job/add/ HTTP/1.1" 200 14651
"GET /admin/jsi18n/ HTTP/1.1" 200 5754
"POST /admin/portal/job/add/ HTTP/1.1" 302 0
"GET /admin/portal/job/ HTTP/1.1" 200 13392
"GET /admin/jsi18n/ HTTP/1.1" 200 5754
"GET /admin/portal/feedback/ HTTP/1.1" 200 9532
"GET /admin/jsi18n/ HTTP/1.1" 200 5754
"GET /admin/portal/feedback/add/ HTTP/1.1" 200 13794
"GET /admin/jsi18n/ HTTP/1.1" 200 5754
Watching for file changes with StatReloader
Watching for file changes with StatReloader
"GET / HTTP/1.1" 302 0
"GET /admin/ HTTP/1.1" 200 12605
"GET /static/admin/css/base.css HTTP/1.1" 304 0
"GET /static/admin/css/dark_mode.css HTTP/1.1" 304 0
"GET /static/admin/js/theme.js HTTP/1.1" 304 0
"GET /static/admin/css/nav_sidebar.css HTTP/1.1" 304 0
"GET /static/admin/css/dashboard.css HTTP/1.1" 304 0
"GET /static/admin/css/responsive.css HTTP/1.1" 304 0
"GET /static/admin/js/nav_sidebar.js HTTP/1.1" 304 0
"GET /static/admin/img/icon-addlink.svg HTTP/1.1" 304 0
"GET /static/admin/img/icon-changelink.svg HTTP/1.1" 304 0
"GET /static/admin/img/icon-deletelink.svg HTTP/1.1" 304 0
"GET / HTTP/1.1" 302 0
"GET /admin/ HTTP/1.1" 200 12605
"GET / HTTP/1.1" 302 0
"GET /admin/ HTTP/1.1" 200 12605
"POST /admin/logout/ HTTP/1.1" 200 3559
"GET /admin/ HTTP/1.1" 302 0
"GET /admin/login/?next=/admin/ HTTP/1.1" 200 4164
"GET /static/admin/css/login.css HTTP/1.1" 304 0
"GET /admin/ HTTP/1.1" 302 0
"GET /admin/login/?next=/admin/ HTTP/1.1" 200 4164
"GET / HTTP/1.1" 302 0
"GET /admin/ HTTP/1.1" 302 0
"GET /admin/login/?next=/admin/ HTTP/1.1" 200 4164
"GET /admin/ HTTP/1.1" 302 0
"GET /admin/login/?next=/admin/ HTTP/1.1" 200 4164
"GET /login/ HTTP/1.1" 200 1151
"GET /static/css/style.css HTTP/1.1" 304 0
C:\Users\ADMIN\placement_portal\portal\urls.py changed, reloading.
Watching for file changes with StatReloader
Not Found: /
"GET / HTTP/1.1" 404 6209
"GET /admin/ HTTP/1.1" 302 0
"GET /admin/login/?next=/admin/ HTTP/1.1" 200 4164
"GET /login/ HTTP/1.1" 200 1151
"GET /register HTTP/1.1" 301 0
"GET /register/ HTTP/1.1" 200 524
C:\Users\ADMIN\placement_portal\portal\urls.py changed, reloading.
Watching for file changes with StatReloader
Not Found: /
"GET / HTTP/1.1" 404 6217
Internal Server Error: /student/login/
Traceback (most recent call last):
  File "C:\Users\ADMIN\placement_portal\.venv\Lib\site-packages\django\core\handlers\exception.py", line 55, in inner
    response = get_response(request)
  File "C:\Users\ADMIN\placement_portal\.venv\Lib\site-packages\django\core\handlers\base.py", line 197, in _get_response
    response = wrapped_callback(request, *callback_args, **callback_kwargs)
  File "C:\Users\ADMIN\placement_portal\portal\views.py", line 113, in login_student
    return render(request, 'login_student.html')
  File "C:\Users\ADMIN\placement_portal\.venv\Lib\site-packages\django\shortcuts.py", line 25, in render
    content = loader.render_to_string(template_name, context, request, using=using)
  File "C:\Users\ADMIN\placement_portal\.venv\Lib\site-packages\django\template\loader.py", line 61, in render_to_string
    template = get_template(template_name, using=using)
  File "C:\Users\ADMIN\placement_portal\.venv\Lib\site-packages\django\template\loader.py", line 19, in get_template
    raise TemplateDoesNotExist(template_name, chain=chain)
django.template.exceptions.TemplateDoesNotExist: login_student.html
"GET /student/login/ HTTP/1.1" 500 82813
"GET /register/student/ HTTP/1.1" 200 834
"GET /jobs/ HTTP/1.1" 200 448
Internal Server Error: /error/
Traceback (most recent call last):
  File "C:\Users\ADMIN\placement_portal\.venv\Lib\site-packages\django\core\handlers\exception.py", line 55, in inner
    response = get_response(request)
  File "C:\Users\ADMIN\placement_portal\.venv\Lib\site-packages\django\core\handlers\base.py", line 197, in _get_response
    response = wrapped_callback(request, *callback_args, **callback_kwargs)
  File "C:\Users\ADMIN\placement_portal\portal\views.py", line 258, in recruiter_error
    return render(request, 'recruiter_error.html')
  File "C:\Users\ADMIN\placement_portal\.venv\Lib\site-packages\django\shortcuts.py", line 25, in render
    content = loader.render_to_string(template_name, context, request, using=using)
  File "C:\Users\ADMIN\placement_portal\.venv\Lib\site-packages\django\template\loader.py", line 62, in render_to_string
    return template.render(context, request)
           ~~~~~~~~~~~~~~~^^^^^^^^^^^^^^^^^^
  File "C:\Users\ADMIN\placement_portal\.venv\Lib\site-packages\django\template\backends\django.py", line 107, in render
    return self.template.render(context)
           ~~~~~~~~~~~~~~~~~~~~^^^^^^^^^
  File "C:\Users\ADMIN\placement_portal\.venv\Lib\site-packages\django\template\base.py", line 171, in render
    return self._render(context)
           ~~~~~~~~~~~~^^^^^^^^^
  File "C:\Users\ADMIN\placement_portal\.venv\Lib\site-packages\django\template\base.py", line 163, in _render
    return self.nodelist.render(context)
           ~~~~~~~~~~~~~~~~~~~~^^^^^^^^^
  File "C:\Users\ADMIN\placement_portal\.venv\Lib\site-packages\django\template\base.py", line 1008, in render
    return SafeString("".join([node.render_annotated(context) for node in self]))
                               ~~~~~~~~~~~~~~~~~~~~~^^^^^^^^^
  File "C:\Users\ADMIN\placement_portal\.venv\Lib\site-packages\django\template\base.py", line 969, in render_annotated
    return self.render(context)
           ~~~~~~~~~~~^^^^^^^^^
  File "C:\Users\ADMIN\placement_portal\.venv\Lib\site-packages\django\template\defaulttags.py", line 480, in render
    url = reverse(view_name, args=args, kwargs=kwargs, current_app=current_app)
  File "C:\Users\ADMIN\placement_portal\.venv\Lib\site-packages\django\urls\base.py", line 88, in reverse
    return resolver._reverse_with_prefix(view, prefix, *args, **kwargs)
           ~~~~~~~~~~~~~~~~~~~~~~~~~~~~~^^^^^^^^^^^^^^^^^^^^^^^^^^^^^^^
  File "C:\Users\ADMIN\placement_portal\.venv\Lib\site-packages\django\urls\resolvers.py", line 831, in _reverse_with_prefix
    raise NoReverseMatch(msg)
django.urls.exceptions.NoReverseMatch: Reverse for 'home' not found. 'home' is not a valid view function or pattern name.
"GET /error/ HTTP/1.1" 500 114880
"GET /api/ HTTP/1.1" 200 5261
"GET /static/rest_framework/js/ajax-form.js HTTP/1.1" 200 3796
"GET /static/rest_framework/js/csrf.js HTTP/1.1" 200 1793
"GET /static/rest_framework/css/bootstrap-tweaks.css HTTP/1.1" 200 3426
"GET /static/rest_framework/js/bootstrap.min.js HTTP/1.1" 200 39680
"GET /static/rest_framework/js/prettify-min.js HTTP/1.1" 200 13632
"GET /static/rest_framework/css/prettify.css HTTP/1.1" 200 817
"GET /static/rest_framework/js/default.js HTTP/1.1" 200 1268
"GET /static/rest_framework/css/default.css HTTP/1.1" 200 1152
"GET /static/rest_framework/js/load-ajax-form.js HTTP/1.1" 200 59
"GET /static/rest_framework/css/bootstrap.min.css HTTP/1.1" 200 121457
"GET /static/rest_framework/js/jquery-3.7.1.min.js HTTP/1.1" 200 87533
"GET /static/rest_framework/img/grid.png HTTP/1.1" 200 1458
"GET /api/portal/ HTTP/1.1" 200 6488
Not Found: /
"GET / HTTP/1.1" 404 6217
"GET /register/ HTTP/1.1" 200 524
Not Found: /job/
"GET /job/ HTTP/1.1" 404 6247
"GET /jobs/ HTTP/1.1" 200 448
"GET /register/student/ HTTP/1.1" 200 834
Internal Server Error: /recruiter/post_job/
Traceback (most recent call last):
  File "C:\Users\ADMIN\placement_portal\.venv\Lib\site-packages\django\core\handlers\exception.py", line 55, in inner
    response = get_response(request)
  File "C:\Users\ADMIN\placement_portal\.venv\Lib\site-packages\django\core\handlers\base.py", line 204, in _get_response
    self.check_response(response, callback)
    ~~~~~~~~~~~~~~~~~~~^^^^^^^^^^^^^^^^^^^^
  File "C:\Users\ADMIN\placement_portal\.venv\Lib\site-packages\django\core\handlers\base.py", line 332, in check_response
    raise ValueError(
    ...<2 lines>...
    )
ValueError: The view portal.views.post_job didn't return an HttpResponse object. It returned None instead.
"GET /recruiter/post_job/ HTTP/1.1" 500 68098
"GET /recruiter/dashboard/ HTTP/1.1" 302 0
Not Found: /accounts/login/
"GET /accounts/login/?next=/recruiter/dashboard/ HTTP/1.1" 404 6307
"GET /recruiter/dashboard/ HTTP/1.1" 302 0
Not Found: /accounts/login/
"GET /accounts/login/?next=/recruiter/dashboard/ HTTP/1.1" 404 6307
Not Found: /
"GET / HTTP/1.1" 404 6217
"GET /admin/ HTTP/1.1" 302 0
"GET /admin/login/?next=/admin/ HTTP/1.1" 200 4164
C:\Users\ADMIN\placement_portal\portal\views.py changed, reloading.
Watching for file changes with StatReloader
C:\Users\ADMIN\placement_portal\portal\views.py changed, reloading.
Watching for file changes with StatReloader
C:\Users\ADMIN\placement_portal\portal\views.py changed, reloading.
Watching for file changes with StatReloader
Watching for file changes with StatReloader
Watching for file changes with StatReloader
C:\Users\ADMIN\placement_portal\portal\views.py changed, reloading.
Watching for file changes with StatReloader
C:\Users\ADMIN\placement_portal\portal\views.py changed, reloading.
Watching for file changes with StatReloader
Watching for file changes with StatReloader
Not Found: /
"GET / HTTP/1.1" 404 6217
Watching for file changes with StatReloader
"GET /admin/ HTTP/1.1" 302 0
"GET /admin/login/?next=/admin/ HTTP/1.1" 200 4164
Not Found: /
"GET / HTTP/1.1" 404 6217
Not Found: /login/
"GET /login/ HTTP/1.1" 404 6253
Not Found: /login/
"GET /login/ HTTP/1.1" 404 6253
Not Found: /login/
"GET /login/ HTTP/1.1" 404 6253
Internal Server Error: /student/login/
Traceback (most recent call last):
  File "C:\Users\ADMIN\placement_portal\.venv\Lib\site-packages\django\core\handlers\exception.py", line 55, in inner
    response = get_response(request)
  File "C:\Users\ADMIN\placement_portal\.venv\Lib\site-packages\django\core\handlers\base.py", line 197, in _get_response
    response = wrapped_callback(request, *callback_args, **callback_kwargs)
  File "C:\Users\ADMIN\placement_portal\portal\views.py", line 113, in login_student
    return render(request, 'login_student.html')
  File "C:\Users\ADMIN\placement_portal\.venv\Lib\site-packages\django\shortcuts.py", line 25, in render
    content = loader.render_to_string(template_name, context, request, using=using)
  File "C:\Users\ADMIN\placement_portal\.venv\Lib\site-packages\django\template\loader.py", line 61, in render_to_string
    template = get_template(template_name, using=using)
  File "C:\Users\ADMIN\placement_portal\.venv\Lib\site-packages\django\template\loader.py", line 19, in get_template
    raise TemplateDoesNotExist(template_name, chain=chain)
django.template.exceptions.TemplateDoesNotExist: login_student.html
"GET /student/login/ HTTP/1.1" 500 82961
Watching for file changes with StatReloader
Internal Server Error: /student/login/
Traceback (most recent call last):
  File "C:\Users\ADMIN\placement_portal\.venv\Lib\site-packages\django\core\handlers\exception.py", line 55, in inner
    response = get_response(request)
  File "C:\Users\ADMIN\placement_portal\.venv\Lib\site-packages\django\core\handlers\base.py", line 197, in _get_response
    response = wrapped_callback(request, *callback_args, **callback_kwargs)
  File "C:\Users\ADMIN\placement_portal\portal\views.py", line 113, in login_student
    return render(request, 'login_student.html')
  File "C:\Users\ADMIN\placement_portal\.venv\Lib\site-packages\django\shortcuts.py", line 25, in render
    content = loader.render_to_string(template_name, context, request, using=using)
  File "C:\Users\ADMIN\placement_portal\.venv\Lib\site-packages\django\template\loader.py", line 61, in render_to_string
    template = get_template(template_name, using=using)
  File "C:\Users\ADMIN\placement_portal\.venv\Lib\site-packages\django\template\loader.py", line 19, in get_template
    raise TemplateDoesNotExist(template_name, chain=chain)
django.template.exceptions.TemplateDoesNotExist: login_student.html
"GET /student/login/ HTTP/1.1" 500 82745
Internal Server Error: /student/login/
Traceback (most recent call last):
  File "C:\Users\ADMIN\placement_portal\.venv\Lib\site-packages\django\core\handlers\exception.py", line 55, in inner
    response = get_response(request)
  File "C:\Users\ADMIN\placement_portal\.venv\Lib\site-packages\django\core\handlers\base.py", line 197, in _get_response
    response = wrapped_callback(request, *callback_args, **callback_kwargs)
  File "C:\Users\ADMIN\placement_portal\portal\views.py", line 113, in login_student
    return render(request, 'login_student.html')
  File "C:\Users\ADMIN\placement_portal\.venv\Lib\site-packages\django\shortcuts.py", line 25, in render
    content = loader.render_to_string(template_name, context, request, using=using)
  File "C:\Users\ADMIN\placement_portal\.venv\Lib\site-packages\django\template\loader.py", line 61, in render_to_string
    template = get_template(template_name, using=using)
  File "C:\Users\ADMIN\placement_portal\.venv\Lib\site-packages\django\template\loader.py", line 19, in get_template
    raise TemplateDoesNotExist(template_name, chain=chain)
django.template.exceptions.TemplateDoesNotExist: login_student.html
"GET /student/login/ HTTP/1.1" 500 82745
Not Found: /login/
"GET /login/ HTTP/1.1" 404 6253
Not Found: /login.html
"GET /login.html HTTP/1.1" 404 6265
Not Found: /student/login.html
"GET /student/login.html HTTP/1.1" 404 6289
"GET /student/login HTTP/1.1" 301 0
Internal Server Error: /student/login/
Traceback (most recent call last):
  File "C:\Users\ADMIN\placement_portal\.venv\Lib\site-packages\django\core\handlers\exception.py", line 55, in inner
    response = get_response(request)
  File "C:\Users\ADMIN\placement_portal\.venv\Lib\site-packages\django\core\handlers\base.py", line 197, in _get_response
    response = wrapped_callback(request, *callback_args, **callback_kwargs)
  File "C:\Users\ADMIN\placement_portal\portal\views.py", line 113, in login_student
    return render(request, 'login_student.html')
  File "C:\Users\ADMIN\placement_portal\.venv\Lib\site-packages\django\shortcuts.py", line 25, in render
    content = loader.render_to_string(template_name, context, request, using=using)
  File "C:\Users\ADMIN\placement_portal\.venv\Lib\site-packages\django\template\loader.py", line 61, in render_to_string
    template = get_template(template_name, using=using)
  File "C:\Users\ADMIN\placement_portal\.venv\Lib\site-packages\django\template\loader.py", line 19, in get_template
    raise TemplateDoesNotExist(template_name, chain=chain)
django.template.exceptions.TemplateDoesNotExist: login_student.html
"GET /student/login/ HTTP/1.1" 500 82608
C:\Users\ADMIN\placement_portal\portal\views.py changed, reloading.
Watching for file changes with StatReloader
Watching for file changes with StatReloader
C:\Users\ADMIN\placement_portal\portal\views.py changed, reloading.
Watching for file changes with StatReloader
Internal Server Error: /student/login/
Traceback (most recent call last):
  File "C:\Users\ADMIN\placement_portal\.venv\Lib\site-packages\django\core\handlers\exception.py", line 55, in inner
    response = get_response(request)
  File "C:\Users\ADMIN\placement_portal\.venv\Lib\site-packages\django\core\handlers\base.py", line 197, in _get_response
    response = wrapped_callback(request, *callback_args, **callback_kwargs)
  File "C:\Users\ADMIN\placement_portal\portal\views.py", line 113, in login_student
    return render(request, 'login_student.html')
  File "C:\Users\ADMIN\placement_portal\.venv\Lib\site-packages\django\shortcuts.py", line 25, in render
    content = loader.render_to_string(template_name, context, request, using=using)
  File "C:\Users\ADMIN\placement_portal\.venv\Lib\site-packages\django\template\loader.py", line 61, in render_to_string
    template = get_template(template_name, using=using)
  File "C:\Users\ADMIN\placement_portal\.venv\Lib\site-packages\django\template\loader.py", line 19, in get_template
    raise TemplateDoesNotExist(template_name, chain=chain)
django.template.exceptions.TemplateDoesNotExist: login_student.html
"GET /student/login/ HTTP/1.1" 500 83098
Internal Server Error: /student/login/
Traceback (most recent call last):
  File "C:\Users\ADMIN\placement_portal\.venv\Lib\site-packages\django\core\handlers\exception.py", line 55, in inner
    response = get_response(request)
  File "C:\Users\ADMIN\placement_portal\.venv\Lib\site-packages\django\core\handlers\base.py", line 197, in _get_response
    response = wrapped_callback(request, *callback_args, **callback_kwargs)
  File "C:\Users\ADMIN\placement_portal\portal\views.py", line 113, in login_student
    return render(request, 'login_student.html')
  File "C:\Users\ADMIN\placement_portal\.venv\Lib\site-packages\django\shortcuts.py", line 25, in render
    content = loader.render_to_string(template_name, context, request, using=using)
  File "C:\Users\ADMIN\placement_portal\.venv\Lib\site-packages\django\template\loader.py", line 61, in render_to_string
    template = get_template(template_name, using=using)
  File "C:\Users\ADMIN\placement_portal\.venv\Lib\site-packages\django\template\loader.py", line 19, in get_template
    raise TemplateDoesNotExist(template_name, chain=chain)
django.template.exceptions.TemplateDoesNotExist: login_student.html
"GET /student/login/ HTTP/1.1" 500 83098
Internal Server Error: /student/login/
Traceback (most recent call last):
  File "C:\Users\ADMIN\placement_portal\.venv\Lib\site-packages\django\core\handlers\exception.py", line 55, in inner
    response = get_response(request)
  File "C:\Users\ADMIN\placement_portal\.venv\Lib\site-packages\django\core\handlers\base.py", line 197, in _get_response
    response = wrapped_callback(request, *callback_args, **callback_kwargs)
  File "C:\Users\ADMIN\placement_portal\portal\views.py", line 113, in login_student
    return render(request, 'login_student.html')
  File "C:\Users\ADMIN\placement_portal\.venv\Lib\site-packages\django\shortcuts.py", line 25, in render
    content = loader.render_to_string(template_name, context, request, using=using)
  File "C:\Users\ADMIN\placement_portal\.venv\Lib\site-packages\django\template\loader.py", line 61, in render_to_string
    template = get_template(template_name, using=using)
  File "C:\Users\ADMIN\placement_portal\.venv\Lib\site-packages\django\template\loader.py", line 19, in get_template
    raise TemplateDoesNotExist(template_name, chain=chain)
django.template.exceptions.TemplateDoesNotExist: login_student.html
"GET /student/login/ HTTP/1.1" 500 83098
Internal Server Error: /student/login/
Traceback (most recent call last):
  File "C:\Users\ADMIN\placement_portal\.venv\Lib\site-packages\django\core\handlers\exception.py", line 55, in inner
    response = get_response(request)
  File "C:\Users\ADMIN\placement_portal\.venv\Lib\site-packages\django\core\handlers\base.py", line 197, in _get_response
    response = wrapped_callback(request, *callback_args, **callback_kwargs)
  File "C:\Users\ADMIN\placement_portal\portal\views.py", line 113, in login_student
    return render(request, 'login_student.html')
  File "C:\Users\ADMIN\placement_portal\.venv\Lib\site-packages\django\shortcuts.py", line 25, in render
    content = loader.render_to_string(template_name, context, request, using=using)
  File "C:\Users\ADMIN\placement_portal\.venv\Lib\site-packages\django\template\loader.py", line 61, in render_to_string
    template = get_template(template_name, using=using)
  File "C:\Users\ADMIN\placement_portal\.venv\Lib\site-packages\django\template\loader.py", line 19, in get_template
    raise TemplateDoesNotExist(template_name, chain=chain)
django.template.exceptions.TemplateDoesNotExist: login_student.html
"GET /student/login/ HTTP/1.1" 500 83098
C:\Users\ADMIN\placement_portal\placement_portal\urls.py changed, reloading.
Watching for file changes with StatReloader
C:\Users\ADMIN\placement_portal\portal\urls.py changed, reloading.
Watching for file changes with StatReloader
C:\Users\ADMIN\placement_portal\placement_portal\settings.py changed, reloading.
Watching for file changes with StatReloader
C:\Users\ADMIN\placement_portal\placement_portal\settings.py changed, reloading.
Watching for file changes with StatReloader
Internal Server Error: /student/login/
Traceback (most recent call last):
  File "C:\Users\ADMIN\placement_portal\.venv\Lib\site-packages\django\core\handlers\exception.py", line 55, in inner
    response = get_response(request)
  File "C:\Users\ADMIN\placement_portal\.venv\Lib\site-packages\django\core\handlers\base.py", line 197, in _get_response
    response = wrapped_callback(request, *callback_args, **callback_kwargs)
  File "C:\Users\ADMIN\placement_portal\portal\views.py", line 113, in login_student
    return render(request, 'login_student.html')
  File "C:\Users\ADMIN\placement_portal\.venv\Lib\site-packages\django\shortcuts.py", line 25, in render
    content = loader.render_to_string(template_name, context, request, using=using)
  File "C:\Users\ADMIN\placement_portal\.venv\Lib\site-packages\django\template\loader.py", line 61, in render_to_string
    template = get_template(template_name, using=using)
  File "C:\Users\ADMIN\placement_portal\.venv\Lib\site-packages\django\template\loader.py", line 19, in get_template
    raise TemplateDoesNotExist(template_name, chain=chain)
django.template.exceptions.TemplateDoesNotExist: login_student.html
"GET /student/login/ HTTP/1.1" 500 83119
Internal Server Error: /student/login/
Traceback (most recent call last):
  File "C:\Users\ADMIN\placement_portal\.venv\Lib\site-packages\django\core\handlers\exception.py", line 55, in inner
    response = get_response(request)
  File "C:\Users\ADMIN\placement_portal\.venv\Lib\site-packages\django\core\handlers\base.py", line 197, in _get_response
    response = wrapped_callback(request, *callback_args, **callback_kwargs)
  File "C:\Users\ADMIN\placement_portal\portal\views.py", line 113, in login_student
    return render(request, 'login_student.html')
  File "C:\Users\ADMIN\placement_portal\.venv\Lib\site-packages\django\shortcuts.py", line 25, in render
    content = loader.render_to_string(template_name, context, request, using=using)
  File "C:\Users\ADMIN\placement_portal\.venv\Lib\site-packages\django\template\loader.py", line 61, in render_to_string
    template = get_template(template_name, using=using)
  File "C:\Users\ADMIN\placement_portal\.venv\Lib\site-packages\django\template\loader.py", line 19, in get_template
    raise TemplateDoesNotExist(template_name, chain=chain)
django.template.exceptions.TemplateDoesNotExist: login_student.html
"GET /student/login/ HTTP/1.1" 500 83119
Not Found: /login/
"GET /login/ HTTP/1.1" 404 6261
Not Found: /login/
"GET /login/ HTTP/1.1" 404 6261
C:\Users\ADMIN\placement_portal\portal\urls.py changed, reloading.
Watching for file changes with StatReloader
Internal Server Error: /login/
Traceback (most recent call last):
  File "C:\Users\ADMIN\placement_portal\.venv\Lib\site-packages\django\core\handlers\exception.py", line 55, in inner
    response = get_response(request)
  File "C:\Users\ADMIN\placement_portal\.venv\Lib\site-packages\django\core\handlers\base.py", line 197, in _get_response
    response = wrapped_callback(request, *callback_args, **callback_kwargs)
  File "C:\Users\ADMIN\placement_portal\portal\views.py", line 113, in login_student
    return render(request, 'login_student.html')
  File "C:\Users\ADMIN\placement_portal\.venv\Lib\site-packages\django\shortcuts.py", line 25, in render
    content = loader.render_to_string(template_name, context, request, using=using)
  File "C:\Users\ADMIN\placement_portal\.venv\Lib\site-packages\django\template\loader.py", line 61, in render_to_string
    template = get_template(template_name, using=using)
  File "C:\Users\ADMIN\placement_portal\.venv\Lib\site-packages\django\template\loader.py", line 19, in get_template
    raise TemplateDoesNotExist(template_name, chain=chain)
django.template.exceptions.TemplateDoesNotExist: login_student.html
"GET /login/ HTTP/1.1" 500 83023
C:\Users\ADMIN\placement_portal\portal\views.py changed, reloading.
Watching for file changes with StatReloader
C:\Users\ADMIN\placement_portal\portal\views.py changed, reloading.
Watching for file changes with StatReloader
Watching for file changes with StatReloader
"GET /login/ HTTP/1.1" 200 1151
"POST /login/ HTTP/1.1" 200 1151
Not Found: /student/login/
"GET /student/login/ HTTP/1.1" 404 6277
"POST /login/ HTTP/1.1" 200 1151
"GET /jobs/ HTTP/1.1" 200 448
"GET /login/ HTTP/1.1" 200 1151
"GET /register/student/ HTTP/1.1" 200 834
"POST /login/ HTTP/1.1" 200 1151
C:\Users\ADMIN\placement_portal\portal\views.py changed, reloading.
Watching for file changes with StatReloader
"POST /login/ HTTP/1.1" 200 415
"POST /login/ HTTP/1.1" 200 415
"GET /login/ HTTP/1.1" 200 415
"POST /login/ HTTP/1.1" 200 415
"GET /login/ HTTP/1.1" 200 415
Not Found: /
"GET / HTTP/1.1" 404 6217
"GET /login/ HTTP/1.1" 200 415
"GET /login/ HTTP/1.1" 200 415
"GET /login HTTP/1.1" 301 0
"GET /login/ HTTP/1.1" 200 415
"GET /login/ HTTP/1.1" 200 415
"GET /login/ HTTP/1.1" 200 415
"GET /login/ HTTP/1.1" 200 415
"GET /static/css/style.css HTTP/1.1" 200 701
"GET /login/ HTTP/1.1" 200 415
"GET /login/ HTTP/1.1" 200 415
"GET /static/css/style.css HTTP/1.1" 200 701
Not Found: /favicon.ico
"GET /favicon.ico HTTP/1.1" 404 6268
C:\Users\ADMIN\placement_portal\portal\views.py changed, reloading.
Watching for file changes with StatReloader
"GET /login/ HTTP/1.1" 200 1151
C:\Users\ADMIN\placement_portal\portal\views.py changed, reloading.
Watching for file changes with StatReloader
"POST /login/ HTTP/1.1" 200 1151
"POST /login/ HTTP/1.1" 200 1151
C:\Users\ADMIN\placement_portal\portal\views.py changed, reloading.
Watching for file changes with StatReloader
"POST /login/ HTTP/1.1" 200 1151
"POST /login/ HTTP/1.1" 200 1151
"POST /login/ HTTP/1.1" 200 1151
C:\Users\ADMIN\placement_portal\portal\views.py changed, reloading.
Watching for file changes with StatReloader
C:\Users\ADMIN\placement_portal\portal\views.py changed, reloading.
Watching for file changes with StatReloader
Watching for file changes with StatReloader
Watching for file changes with StatReloader
Not Found: /
"GET / HTTP/1.1" 404 6217
"GET /admin/ HTTP/1.1" 302 0
"GET /admin/login/?next=/admin/ HTTP/1.1" 200 5097
"GET /static/admin/img/icon-no.svg HTTP/1.1" 200 560
"GET /admin/login/?next=/admin/ HTTP/1.1" 200 4164
"POST /admin/login/?next=/admin/ HTTP/1.1" 302 0
"GET /admin/ HTTP/1.1" 200 12605
"GET /admin/portal/student/ HTTP/1.1" 200 11333
"GET /static/admin/css/changelists.css HTTP/1.1" 304 0
"GET /static/admin/js/jquery.init.js HTTP/1.1" 304 0
"GET /static/admin/js/vendor/jquery/jquery.js HTTP/1.1" 304 0
"GET /static/admin/js/core.js HTTP/1.1" 304 0
"GET /static/admin/js/actions.js HTTP/1.1" 304 0
"GET /admin/jsi18n/ HTTP/1.1" 200 5754
"GET /static/admin/js/urlify.js HTTP/1.1" 304 0
"GET /static/admin/js/prepopulate.js HTTP/1.1" 304 0
"GET /static/admin/js/admin/RelatedObjectLookups.js HTTP/1.1" 304 0
"GET /static/admin/js/vendor/xregexp/xregexp.js HTTP/1.1" 304 0
"GET /static/admin/img/search.svg HTTP/1.1" 304 0
"GET /static/admin/js/filters.js HTTP/1.1" 304 0
"GET /static/admin/img/tooltag-add.svg HTTP/1.1" 304 0
"GET /admin/portal/recruiter/ HTTP/1.1" 200 10851
"GET /admin/jsi18n/ HTTP/1.1" 200 5754
"GET /admin/portal/job/ HTTP/1.1" 200 13192
"GET /admin/jsi18n/ HTTP/1.1" 200 5754
"GET /static/admin/img/icon-viewlink.svg HTTP/1.1" 304 0
"POST /admin/portal/job/ HTTP/1.1" 200 9562
"GET /static/admin/js/cancel.js HTTP/1.1" 200 884
"POST /admin/portal/job/ HTTP/1.1" 302 0
"GET /admin/portal/job/ HTTP/1.1" 200 12901
"GET /admin/jsi18n/ HTTP/1.1" 200 5754
"GET /static/admin/img/icon-yes.svg HTTP/1.1" 304 0
"GET /admin/portal/feedback/ HTTP/1.1" 200 9532
"GET /admin/jsi18n/ HTTP/1.1" 200 5754
"GET /admin/portal/application/ HTTP/1.1" 200 9553
"GET /admin/jsi18n/ HTTP/1.1" 200 5754
"GET /admin/portal/student/ HTTP/1.1" 200 11333
"GET /admin/jsi18n/ HTTP/1.1" 200 5754
"GET /admin/ HTTP/1.1" 200 12539
"GET /login/ HTTP/1.1" 200 1151
"POST /login/ HTTP/1.1" 200 1151
Forbidden (CSRF token from POST incorrect.): /admin/login/
"POST /admin/login/?next=/admin/ HTTP/1.1" 403 2503
"GET /admin/login/?next=/admin/ HTTP/1.1" 302 0
"GET /admin/ HTTP/1.1" 200 12672
"GET /admin/auth/group/add/ HTTP/1.1" 200 15367
"GET /static/admin/css/forms.css HTTP/1.1" 304 0
"GET /static/admin/js/prepopulate_init.js HTTP/1.1" 304 0
"GET /static/admin/css/widgets.css HTTP/1.1" 304 0
"GET /admin/jsi18n/ HTTP/1.1" 200 5754
"GET /static/admin/js/SelectBox.js HTTP/1.1" 200 4530
"GET /static/admin/js/SelectFilter2.js HTTP/1.1" 200 15502
"GET /static/admin/js/change_form.js HTTP/1.1" 304 0
"GET /static/admin/img/icon-unknown.svg HTTP/1.1" 200 655
"GET /static/admin/img/selector-icons.svg HTTP/1.1" 200 3291
"GET /static/admin/img/icon-unknown-alt.svg HTTP/1.1" 200 655
"GET /admin/ HTTP/1.1" 200 12539
"GET /admin/auth/group/add/ HTTP/1.1" 200 15367
"GET /admin/jsi18n/ HTTP/1.1" 200 5754
"GET /admin/ HTTP/1.1" 200 12539
"POST /login/ HTTP/1.1" 200 1151
"POST /admin/logout/ HTTP/1.1" 200 3692
"GET /admin/ HTTP/1.1" 302 0
"GET /admin/login/?next=/admin/ HTTP/1.1" 200 4164
"POST /admin/login/?next=/admin/ HTTP/1.1" 302 0
"GET /admin/ HTTP/1.1" 200 12539
"GET /admin/portal/student/ HTTP/1.1" 200 11333
"GET /admin/jsi18n/ HTTP/1.1" 200 5754
"GET /admin/portal/student/add/ HTTP/1.1" 200 13845
"GET /admin/jsi18n/ HTTP/1.1" 200 5754
"GET /admin/portal/recruiter/ HTTP/1.1" 200 10851
"GET /admin/jsi18n/ HTTP/1.1" 200 5754
"GET /admin/portal/recruiter/add/ HTTP/1.1" 200 12561
"GET /admin/jsi18n/ HTTP/1.1" 200 5754
"GET /admin/portal/job/ HTTP/1.1" 200 12768
"GET /admin/jsi18n/ HTTP/1.1" 200 5754
"GET /admin/portal/job/add/ HTTP/1.1" 200 14576
"GET /admin/jsi18n/ HTTP/1.1" 200 5754
"POST /admin/portal/job/add/ HTTP/1.1" 200 14766
"GET /admin/jsi18n/ HTTP/1.1" 200 5754
"POST /admin/portal/job/add/ HTTP/1.1" 302 0
"GET /admin/portal/job/ HTTP/1.1" 200 13392
"GET /admin/jsi18n/ HTTP/1.1" 200 5754
"GET /admin/portal/feedback/ HTTP/1.1" 200 9532
"GET /admin/jsi18n/ HTTP/1.1" 200 5754
"GET /admin/portal/job/ HTTP/1.1" 200 13192
"GET /admin/jsi18n/ HTTP/1.1" 200 5754
"POST /admin/portal/job/ HTTP/1.1" 200 9562
"POST /admin/portal/job/ HTTP/1.1" 302 0
"GET /admin/portal/job/ HTTP/1.1" 200 12901
"GET /admin/jsi18n/ HTTP/1.1" 200 5754
Forbidden (CSRF token from POST incorrect.): /login/
"POST /login/ HTTP/1.1" 403 2503
"GET /login/ HTTP/1.1" 200 1151
"GET /login/ HTTP/1.1" 200 1141
"GET /login/ HTTP/1.1" 200 1141
"GET /register/student HTTP/1.1" 301 0
"GET /register/student/ HTTP/1.1" 200 834
"GET /register/student/ HTTP/1.1" 200 834
"GET /login/ HTTP/1.1" 200 1141
"GET /register/student/ HTTP/1.1" 200 772
"GET /login/ HTTP/1.1" 200 1141
"GET /register/student/ HTTP/1.1" 200 919
Internal Server Error: /register/student/
Traceback (most recent call last):
  File "C:\Users\ADMIN\placement_portal\.venv\Lib\site-packages\django\db\utils.py", line 98, in inner
    return func(*args, **kwargs)
sqlite3.IntegrityError: FOREIGN KEY constraint failed

The above exception was the direct cause of the following exception:

Traceback (most recent call last):
  File "C:\Users\ADMIN\placement_portal\.venv\Lib\site-packages\django\core\handlers\exception.py", line 55, in inner
    response = get_response(request)
  File "C:\Users\ADMIN\placement_portal\.venv\Lib\site-packages\django\core\handlers\base.py", line 197, in _get_response
    response = wrapped_callback(request, *callback_args, **callback_kwargs)
  File "C:\Users\ADMIN\placement_portal\portal\views.py", line 160, in register_student
    student = Student.objects.create(
        university_number=university_number,
    ...<2 lines>...
        password=password
    )
  File "C:\Users\ADMIN\placement_portal\.venv\Lib\site-packages\django\db\models\manager.py", line 87, in manager_method
    return getattr(self.get_queryset(), name)(*args, **kwargs)
           ~~~~~~~~~~~~~~~~~~~~~~~~~~~~~~~~~~^^^^^^^^^^^^^^^^^
  File "C:\Users\ADMIN\placement_portal\.venv\Lib\site-packages\django\db\models\query.py", line 679, in create
    obj.save(force_insert=True, using=self.db)
    ~~~~~~~~^^^^^^^^^^^^^^^^^^^^^^^^^^^^^^^^^^
  File "C:\Users\ADMIN\placement_portal\.venv\Lib\site-packages\django\db\models\base.py", line 891, in save
    self.save_base(
    ~~~~~~~~~~~~~~^
        using=using,
        ^^^^^^^^^^^^
    ...<2 lines>...
        update_fields=update_fields,
        ^^^^^^^^^^^^^^^^^^^^^^^^^^^^
    )
    ^
  File "C:\Users\ADMIN\placement_portal\.venv\Lib\site-packages\django\db\models\base.py", line 997, in save_base
    updated = self._save_table(
        raw,
    ...<4 lines>...
        update_fields,
    )
  File "C:\Users\ADMIN\placement_portal\.venv\Lib\site-packages\django\db\models\base.py", line 1160, in _save_table
    results = self._do_insert(
        cls._base_manager, using, fields, returning_fields, raw
    )
  File "C:\Users\ADMIN\placement_portal\.venv\Lib\site-packages\django\db\models\base.py", line 1201, in _do_insert
    return manager._insert(
           ~~~~~~~~~~~~~~~^
        [self],
        ^^^^^^^
    ...<3 lines>...
        raw=raw,
        ^^^^^^^^
    )
    ^
  File "C:\Users\ADMIN\placement_portal\.venv\Lib\site-packages\django\db\models\manager.py", line 87, in manager_method
    return getattr(self.get_queryset(), name)(*args, **kwargs)
           ~~~~~~~~~~~~~~~~~~~~~~~~~~~~~~~~~~^^^^^^^^^^^^^^^^^
  File "C:\Users\ADMIN\placement_portal\.venv\Lib\site-packages\django\db\models\query.py", line 1847, in _insert
    return query.get_compiler(using=using).execute_sql(returning_fields)
           ~~~~~~~~~~~~~~~~~~~~~~~~~~~~~~~~~~~~~~~~~~~^^^^^^^^^^^^^^^^^^
  File "C:\Users\ADMIN\placement_portal\.venv\Lib\site-packages\django\db\models\sql\compiler.py", line 1848, in execute_sql
    self.connection.ops.fetch_returned_insert_columns(
    ~~~~~~~~~~~~~~~~~~~~~~~~~~~~~~~~~~~~~~~~~~~~~~~~~^
        cursor,
        ^^^^^^^
        self.returning_params,
        ^^^^^^^^^^^^^^^^^^^^^^
    )
    ^
  File "C:\Users\ADMIN\placement_portal\.venv\Lib\site-packages\django\db\backends\base\operations.py", line 216, in fetch_returned_insert_columns
    return cursor.fetchone()
           ~~~~~~~~~~~~~~~^^
  File "C:\Users\ADMIN\placement_portal\.venv\Lib\site-packages\django\db\utils.py", line 97, in inner
    with self:
         ^^^^
  File "C:\Users\ADMIN\placement_portal\.venv\Lib\site-packages\django\db\utils.py", line 91, in __exit__
    raise dj_exc_value.with_traceback(traceback) from exc_value
  File "C:\Users\ADMIN\placement_portal\.venv\Lib\site-packages\django\db\utils.py", line 98, in inner
    return func(*args, **kwargs)
django.db.utils.IntegrityError: FOREIGN KEY constraint failed
"POST /register/student/ HTTP/1.1" 500 138147
"GET /admin/portal/job/ HTTP/1.1" 200 12768
"GET /admin/jsi18n/ HTTP/1.1" 200 5754
"GET /admin/portal/student/ HTTP/1.1" 200 11333
"GET /admin/jsi18n/ HTTP/1.1" 200 5754
"POST /admin/logout/ HTTP/1.1" 200 3559
"GET /admin/ HTTP/1.1" 302 0
"GET /admin/login/?next=/admin/ HTTP/1.1" 200 4164
Watching for file changes with StatReloader
Not Found: /
"GET / HTTP/1.1" 404 6217
"GET /admin/ HTTP/1.1" 302 0
"GET /admin/login/?next=/admin/ HTTP/1.1" 200 4164
"GET /login/ HTTP/1.1" 200 1141
"POST /login/ HTTP/1.1" 200 1141
"POST /login/ HTTP/1.1" 200 1136
"POST /login/ HTTP/1.1" 200 1136
Watching for file changes with StatReloader
"GET /admin/login/?next=/admin/ HTTP/1.1" 200 4457
"POST /login/ HTTP/1.1" 200 1136
"GET /admin/ HTTP/1.1" 302 0
"GET /admin/login/?next=/admin/ HTTP/1.1" 200 4297
"GET /admin/login/?next=/admin/ HTTP/1.1" 200 4164
"POST /admin/login/?next=/admin/ HTTP/1.1" 302 0
"GET /admin/ HTTP/1.1" 200 12547
"GET /admin/portal/student/ HTTP/1.1" 200 11333
"GET /admin/jsi18n/ HTTP/1.1" 200 5754
Forbidden (CSRF token from POST incorrect.): /login/
"POST /login/ HTTP/1.1" 403 2503
"GET /login/ HTTP/1.1" 200 1136
"POST /admin/logout/ HTTP/1.1" 200 3559
"GET /admin/ HTTP/1.1" 302 0
"GET /admin/login/?next=/admin/ HTTP/1.1" 200 4164
Watching for file changes with StatReloader
"POST /login/ HTTP/1.1" 200 1136
"POST /login/ HTTP/1.1" 200 1136
"POST /login/ HTTP/1.1" 200 1136
"POST /login/ HTTP/1.1" 200 1136
"POST /login/ HTTP/1.1" 200 1136
"POST /login/ HTTP/1.1" 200 1136
"POST /login/ HTTP/1.1" 200 1136
"GET /register/student/ HTTP/1.1" 200 919
"POST /login/ HTTP/1.1" 200 1136
"POST /login/ HTTP/1.1" 200 1136
"GET /login/ HTTP/1.1" 200 1136
C:\Users\ADMIN\placement_portal\portal\views.py changed, reloading.
Watching for file changes with StatReloader
"POST /login/ HTTP/1.1" 200 1136
C:\Users\ADMIN\placement_portal\portal\views.py changed, reloading.
Watching for file changes with StatReloader
"POST /login/ HTTP/1.1" 200 1136
"POST /login/ HTTP/1.1" 200 1136
Not Found: /student/login/
"GET /student/login/ HTTP/1.1" 404 6277
Watching for file changes with StatReloader
Not Found: /student/login/
"GET /student/login/ HTTP/1.1" 404 6277
"GET /login/ HTTP/1.1" 200 1136
"POST /login/ HTTP/1.1" 200 1136
"POST /admin/login/?next=/admin/ HTTP/1.1" 302 0
"GET /admin/ HTTP/1.1" 200 13640
"GET /admin/ HTTP/1.1" 200 12547
"GET /admin/portal/student/ HTTP/1.1" 200 11333
"GET /admin/jsi18n/ HTTP/1.1" 200 5754
"GET /admin/portal/student/1/change/ HTTP/1.1" 200 14229
"GET /admin/jsi18n/ HTTP/1.1" 200 5754
Forbidden (CSRF token from POST incorrect.): /login/
"POST /login/ HTTP/1.1" 403 2503
"GET /login/ HTTP/1.1" 200 1136
"POST /login/ HTTP/1.1" 200 1136
Watching for file changes with StatReloader
"GET /admin/ HTTP/1.1" 200 12698
"GET /admin/auth/user/ HTTP/1.1" 200 13893
"GET /admin/jsi18n/ HTTP/1.1" 200 5754
"GET /static/admin/img/sorting-icons.svg HTTP/1.1" 200 1097
"GET /admin/auth/user/5/change/ HTTP/1.1" 200 25367
"GET /static/admin/js/calendar.js HTTP/1.1" 200 9141
"GET /admin/jsi18n/ HTTP/1.1" 200 5754
"GET /static/admin/js/admin/DateTimeShortcuts.js HTTP/1.1" 200 19319
"GET /static/admin/img/icon-clock.svg HTTP/1.1" 200 677
"GET /static/admin/img/icon-calendar.svg HTTP/1.1" 200 1086
"GET /admin/auth/user/5/password/ HTTP/1.1" 200 11028
"GET /static/admin/css/unusable_password_field.css HTTP/1.1" 200 663
"GET /static/admin/js/unusable_password_field.js HTTP/1.1" 200 1480
"POST /admin/auth/user/5/password/ HTTP/1.1" 200 11265
"POST /admin/auth/user/5/password/ HTTP/1.1" 302 0
"GET /admin/auth/user/5/change/ HTTP/1.1" 200 25503
"GET /admin/jsi18n/ HTTP/1.1" 200 5754
Forbidden (CSRF token from POST incorrect.): /login/
"POST /login/ HTTP/1.1" 403 2503
C:\Users\ADMIN\placement_portal\portal\views.py changed, reloading.
Watching for file changes with StatReloader
C:\Users\ADMIN\placement_portal\portal\views.py changed, reloading.
Watching for file changes with StatReloader
C:\Users\ADMIN\placement_portal\portal\urls.py changed, reloading.
Watching for file changes with StatReloader
Not Found: /login/
"GET /login/ HTTP/1.1" 404 6253
Not Found: /login/
"GET /login/ HTTP/1.1" 404 6253
Not Found: /login/
"GET /login/ HTTP/1.1" 404 6253
Not Found: /login/
"GET /login/ HTTP/1.1" 404 6253
Not Found: /login/
"GET /login/ HTTP/1.1" 404 6253
"GET /student/login/ HTTP/1.1" 200 1136
"POST /student/login/ HTTP/1.1" 302 0
Not Found: /student/login/student_dashboard.html
"GET /student/login/student_dashboard.html HTTP/1.1" 404 6343
C:\Users\ADMIN\placement_portal\portal\views.py changed, reloading.
Watching for file changes with StatReloader
Not Found: /student/login/student_dashboard.html
"GET /student/login/student_dashboard.html HTTP/1.1" 404 6343
Not Found: /student/login/student_dashboard.html
"GET /student/login/student_dashboard.html HTTP/1.1" 404 6343
"POST /student/login/ HTTP/1.1" 302 0
Internal Server Error: /student/dashboard/
Traceback (most recent call last):
  File "C:\Users\ADMIN\placement_portal\.venv\Lib\site-packages\django\core\handlers\exception.py", line 55, in inner
    response = get_response(request)
  File "C:\Users\ADMIN\placement_portal\.venv\Lib\site-packages\django\core\handlers\base.py", line 197, in _get_response
    response = wrapped_callback(request, *callback_args, **callback_kwargs)
  File "C:\Users\ADMIN\placement_portal\.venv\Lib\site-packages\django\contrib\auth\decorators.py", line 60, in _view_wrapper
    return view_func(request, *args, **kwargs)
  File "C:\Users\ADMIN\placement_portal\.venv\Lib\site-packages\django\contrib\auth\decorators.py", line 60, in _view_wrapper
    return view_func(request, *args, **kwargs)
  File "C:\Users\ADMIN\placement_portal\portal\views.py", line 234, in student_dashboard
    student = Student.objects.get(university_number=request.user.username)
  File "C:\Users\ADMIN\placement_portal\.venv\Lib\site-packages\django\db\models\manager.py", line 87, in manager_method
    return getattr(self.get_queryset(), name)(*args, **kwargs)
           ~~~~~~~~~~~~~~~~~~~~~~~~~~~~~~~~~~^^^^^^^^^^^^^^^^^
  File "C:\Users\ADMIN\placement_portal\.venv\Lib\site-packages\django\db\models\query.py", line 649, in get
    raise self.model.DoesNotExist(
        "%s matching query does not exist." % self.model._meta.object_name
    )
portal.models.Student.DoesNotExist: Student matching query does not exist.
"GET /student/dashboard/ HTTP/1.1" 500 86814
C:\Users\ADMIN\placement_portal\portal\views.py changed, reloading.
Watching for file changes with StatReloader
Internal Server Error: /student/dashboard/
Traceback (most recent call last):
  File "C:\Users\ADMIN\placement_portal\.venv\Lib\site-packages\django\core\handlers\exception.py", line 55, in inner
    response = get_response(request)
  File "C:\Users\ADMIN\placement_portal\.venv\Lib\site-packages\django\core\handlers\base.py", line 197, in _get_response
    response = wrapped_callback(request, *callback_args, **callback_kwargs)
  File "C:\Users\ADMIN\placement_portal\.venv\Lib\site-packages\django\contrib\auth\decorators.py", line 60, in _view_wrapper
    return view_func(request, *args, **kwargs)
  File "C:\Users\ADMIN\placement_portal\.venv\Lib\site-packages\django\contrib\auth\decorators.py", line 60, in _view_wrapper
    return view_func(request, *args, **kwargs)
  File "C:\Users\ADMIN\placement_portal\portal\views.py", line 236, in student_dashboard
    student = Student.objects.get(university_number=request.user.username)
  File "C:\Users\ADMIN\placement_portal\.venv\Lib\site-packages\django\db\models\manager.py", line 87, in manager_method
    return getattr(self.get_queryset(), name)(*args, **kwargs)
           ~~~~~~~~~~~~~~~~~~~~~~~~~~~~~~~~~~^^^^^^^^^^^^^^^^^
  File "C:\Users\ADMIN\placement_portal\.venv\Lib\site-packages\django\db\models\query.py", line 649, in get
    raise self.model.DoesNotExist(
        "%s matching query does not exist." % self.model._meta.object_name
    )
portal.models.Student.DoesNotExist: Student matching query does not exist.
"GET /student/dashboard/ HTTP/1.1" 500 86875
"GET /admin/auth/user/5/change/?_to_field=id&_popup=1 HTTP/1.1" 200 19207
"GET /admin/jsi18n/ HTTP/1.1" 200 5754
"POST /admin/portal/student/1/change/ HTTP/1.1" 302 0
"GET /admin/portal/student/ HTTP/1.1" 200 11547
"GET /admin/jsi18n/ HTTP/1.1" 200 5754
"GET /admin/portal/student/1/change/ HTTP/1.1" 200 14229
"GET /admin/jsi18n/ HTTP/1.1" 200 5754
"POST /admin/portal/student/1/change/ HTTP/1.1" 302 0
"GET /admin/portal/student/ HTTP/1.1" 200 11547
"GET /admin/jsi18n/ HTTP/1.1" 200 5754
Internal Server Error: /student/dashboard/
Traceback (most recent call last):
  File "C:\Users\ADMIN\placement_portal\.venv\Lib\site-packages\django\core\handlers\exception.py", line 55, in inner
    response = get_response(request)
  File "C:\Users\ADMIN\placement_portal\.venv\Lib\site-packages\django\core\handlers\base.py", line 197, in _get_response
    response = wrapped_callback(request, *callback_args, **callback_kwargs)
  File "C:\Users\ADMIN\placement_portal\.venv\Lib\site-packages\django\contrib\auth\decorators.py", line 60, in _view_wrapper
    return view_func(request, *args, **kwargs)
  File "C:\Users\ADMIN\placement_portal\.venv\Lib\site-packages\django\contrib\auth\decorators.py", line 60, in _view_wrapper
    return view_func(request, *args, **kwargs)
  File "C:\Users\ADMIN\placement_portal\portal\views.py", line 236, in student_dashboard
    student = Student.objects.get(university_number=request.user.username)
  File "C:\Users\ADMIN\placement_portal\.venv\Lib\site-packages\django\db\models\manager.py", line 87, in manager_method
    return getattr(self.get_queryset(), name)(*args, **kwargs)
           ~~~~~~~~~~~~~~~~~~~~~~~~~~~~~~~~~~^^^^^^^^^^^^^^^^^
  File "C:\Users\ADMIN\placement_portal\.venv\Lib\site-packages\django\db\models\query.py", line 649, in get
    raise self.model.DoesNotExist(
        "%s matching query does not exist." % self.model._meta.object_name
    )
portal.models.Student.DoesNotExist: Student matching query does not exist.
"GET /student/dashboard/ HTTP/1.1" 500 86875
"POST /student/login/ HTTP/1.1" 200 1136
"POST /student/login/ HTTP/1.1" 302 0
Internal Server Error: /student/dashboard/
Traceback (most recent call last):
  File "C:\Users\ADMIN\placement_portal\.venv\Lib\site-packages\django\core\handlers\exception.py", line 55, in inner
    response = get_response(request)
  File "C:\Users\ADMIN\placement_portal\.venv\Lib\site-packages\django\core\handlers\base.py", line 197, in _get_response
    response = wrapped_callback(request, *callback_args, **callback_kwargs)
  File "C:\Users\ADMIN\placement_portal\.venv\Lib\site-packages\django\contrib\auth\decorators.py", line 60, in _view_wrapper
    return view_func(request, *args, **kwargs)
  File "C:\Users\ADMIN\placement_portal\.venv\Lib\site-packages\django\contrib\auth\decorators.py", line 60, in _view_wrapper
    return view_func(request, *args, **kwargs)
  File "C:\Users\ADMIN\placement_portal\portal\views.py", line 236, in student_dashboard
    student = Student.objects.get(university_number=request.user.username)
  File "C:\Users\ADMIN\placement_portal\.venv\Lib\site-packages\django\db\models\manager.py", line 87, in manager_method
    return getattr(self.get_queryset(), name)(*args, **kwargs)
           ~~~~~~~~~~~~~~~~~~~~~~~~~~~~~~~~~~^^^^^^^^^^^^^^^^^
  File "C:\Users\ADMIN\placement_portal\.venv\Lib\site-packages\django\db\models\query.py", line 649, in get
    raise self.model.DoesNotExist(
        "%s matching query does not exist." % self.model._meta.object_name
    )
portal.models.Student.DoesNotExist: Student matching query does not exist.
"GET /student/dashboard/ HTTP/1.1" 500 87134
"POST /admin/logout/ HTTP/1.1" 200 3692
"GET /admin/ HTTP/1.1" 302 0
"GET /admin/login/?next=/admin/ HTTP/1.1" 200 4164
"POST /admin/login/?next=/admin/ HTTP/1.1" 200 4330
"POST /admin/login/?next=/admin/ HTTP/1.1" 200 4330
"POST /admin/login/?next=/admin/ HTTP/1.1" 302 0
"GET /admin/ HTTP/1.1" 200 12586
"GET /admin/auth/user/ HTTP/1.1" 200 13893
"GET /admin/jsi18n/ HTTP/1.1" 200 5754
"GET /admin/auth/user/5/change/ HTTP/1.1" 200 25367
"GET /admin/jsi18n/ HTTP/1.1" 200 5754
"POST /admin/auth/user/5/change/ HTTP/1.1" 302 0
"GET /admin/auth/user/ HTTP/1.1" 200 14091
"GET /admin/jsi18n/ HTTP/1.1" 200 5754
"POST /admin/logout/ HTTP/1.1" 200 3559
"GET /admin/ HTTP/1.1" 302 0
"GET /admin/login/?next=/admin/ HTTP/1.1" 200 4164
"POST /admin/login/?next=/admin/ HTTP/1.1" 302 0
"GET /admin/ HTTP/1.1" 200 4515
Not Found: /
"GET / HTTP/1.1" 404 6217
"GET /admin/ HTTP/1.1" 200 4515
Not Found: /
"GET / HTTP/1.1" 404 6217
"GET /admin/ HTTP/1.1" 200 4515
Not Found: /
"GET / HTTP/1.1" 404 6217
"GET /admin/ HTTP/1.1" 200 4515
Not Found: /
"GET / HTTP/1.1" 404 6217
C:\Users\ADMIN\placement_portal\portal\views.py changed, reloading.
Watching for file changes with StatReloader
"GET /admin/ HTTP/1.1" 200 4515
"GET /admin/login/?next=/admin/ HTTP/1.1" 302 0
"GET /admin/ HTTP/1.1" 200 4515
Not Found: /login/
"GET /login/ HTTP/1.1" 404 6253
Not Found: /login/
"GET /login/ HTTP/1.1" 404 6253
"GET /student/login/ HTTP/1.1" 200 1136
"POST /student/login/ HTTP/1.1" 200 1136
Watching for file changes with StatReloader
"POST /student/login/ HTTP/1.1" 200 1136
"POST /student/login/ HTTP/1.1" 200 1136
C:\Users\ADMIN\placement_portal\portal\views.py changed, reloading.
Watching for file changes with StatReloader
C:\Users\ADMIN\placement_portal\portal\views.py changed, reloading.
Watching for file changes with StatReloader
"POST /student/login/ HTTP/1.1" 200 1136
- Broken pipe from ('127.0.0.1', 59875)
"POST /student/login/ HTTP/1.1" 200 1136
"POST /student/login/ HTTP/1.1" 200 1136
C:\Users\ADMIN\placement_portal\portal\views.py changed, reloading.
Watching for file changes with StatReloader
"POST /student/login/ HTTP/1.1" 200 1136
Forbidden (Permission denied): /admin/portal/student/1/change/
Traceback (most recent call last):
  File "C:\Users\ADMIN\placement_portal\.venv\Lib\site-packages\django\core\handlers\exception.py", line 55, in inner
    response = get_response(request)
  File "C:\Users\ADMIN\placement_portal\.venv\Lib\site-packages\django\core\handlers\base.py", line 197, in _get_response
    response = wrapped_callback(request, *callback_args, **callback_kwargs)
  File "C:\Users\ADMIN\placement_portal\.venv\Lib\site-packages\django\contrib\admin\options.py", line 718, in wrapper
    return self.admin_site.admin_view(view)(*args, **kwargs)
           ~~~~~~~~~~~~~~~~~~~~~~~~~~~~~~~~^^^^^^^^^^^^^^^^^
  File "C:\Users\ADMIN\placement_portal\.venv\Lib\site-packages\django\utils\decorators.py", line 188, in _view_wrapper
    result = _process_exception(request, e)
  File "C:\Users\ADMIN\placement_portal\.venv\Lib\site-packages\django\utils\decorators.py", line 186, in _view_wrapper
    response = view_func(request, *args, **kwargs)
  File "C:\Users\ADMIN\placement_portal\.venv\Lib\site-packages\django\views\decorators\cache.py", line 80, in _view_wrapper
    response = view_func(request, *args, **kwargs)
  File "C:\Users\ADMIN\placement_portal\.venv\Lib\site-packages\django\contrib\admin\sites.py", line 241, in inner
    return view(request, *args, **kwargs)
  File "C:\Users\ADMIN\placement_portal\.venv\Lib\site-packages\django\contrib\admin\options.py", line 1964, in change_view
    return self.changeform_view(request, object_id, form_url, extra_context)
           ~~~~~~~~~~~~~~~~~~~~^^^^^^^^^^^^^^^^^^^^^^^^^^^^^^^^^^^^^^^^^^^^^
  File "C:\Users\ADMIN\placement_portal\.venv\Lib\site-packages\django\utils\decorators.py", line 48, in _wrapper
    return bound_method(*args, **kwargs)
  File "C:\Users\ADMIN\placement_portal\.venv\Lib\site-packages\django\utils\decorators.py", line 188, in _view_wrapper
    result = _process_exception(request, e)
  File "C:\Users\ADMIN\placement_portal\.venv\Lib\site-packages\django\utils\decorators.py", line 186, in _view_wrapper
    response = view_func(request, *args, **kwargs)
  File "C:\Users\ADMIN\placement_portal\.venv\Lib\site-packages\django\contrib\admin\options.py", line 1820, in changeform_view
    return self._changeform_view(request, object_id, form_url, extra_context)
           ~~~~~~~~~~~~~~~~~~~~~^^^^^^^^^^^^^^^^^^^^^^^^^^^^^^^^^^^^^^^^^^^^^
  File "C:\Users\ADMIN\placement_portal\.venv\Lib\site-packages\django\contrib\admin\options.py", line 1847, in _changeform_view
    raise PermissionDenied
django.core.exceptions.PermissionDenied
"GET /admin/portal/student/1/change/ HTTP/1.1" 403 135
Forbidden (Permission denied): /admin/portal/student/
Traceback (most recent call last):
  File "C:\Users\ADMIN\placement_portal\.venv\Lib\site-packages\django\core\handlers\exception.py", line 55, in inner
    response = get_response(request)
  File "C:\Users\ADMIN\placement_portal\.venv\Lib\site-packages\django\core\handlers\base.py", line 197, in _get_response
    response = wrapped_callback(request, *callback_args, **callback_kwargs)
  File "C:\Users\ADMIN\placement_portal\.venv\Lib\site-packages\django\contrib\admin\options.py", line 718, in wrapper
    return self.admin_site.admin_view(view)(*args, **kwargs)
           ~~~~~~~~~~~~~~~~~~~~~~~~~~~~~~~~^^^^^^^^^^^^^^^^^
  File "C:\Users\ADMIN\placement_portal\.venv\Lib\site-packages\django\utils\decorators.py", line 188, in _view_wrapper
    result = _process_exception(request, e)
  File "C:\Users\ADMIN\placement_portal\.venv\Lib\site-packages\django\utils\decorators.py", line 186, in _view_wrapper
    response = view_func(request, *args, **kwargs)
  File "C:\Users\ADMIN\placement_portal\.venv\Lib\site-packages\django\views\decorators\cache.py", line 80, in _view_wrapper
    response = view_func(request, *args, **kwargs)
  File "C:\Users\ADMIN\placement_portal\.venv\Lib\site-packages\django\contrib\admin\sites.py", line 241, in inner
    return view(request, *args, **kwargs)
  File "C:\Users\ADMIN\placement_portal\.venv\Lib\site-packages\django\utils\decorators.py", line 48, in _wrapper
    return bound_method(*args, **kwargs)
  File "C:\Users\ADMIN\placement_portal\.venv\Lib\site-packages\django\utils\decorators.py", line 188, in _view_wrapper
    result = _process_exception(request, e)
  File "C:\Users\ADMIN\placement_portal\.venv\Lib\site-packages\django\utils\decorators.py", line 186, in _view_wrapper
    response = view_func(request, *args, **kwargs)
  File "C:\Users\ADMIN\placement_portal\.venv\Lib\site-packages\django\contrib\admin\options.py", line 1998, in changelist_view
    raise PermissionDenied
django.core.exceptions.PermissionDenied
"GET /admin/portal/student/ HTTP/1.1" 403 135
"GET /admin/ HTTP/1.1" 200 5200
"GET /admin/login/?next=/admin/ HTTP/1.1" 302 0
"GET /admin/ HTTP/1.1" 200 4515
Forbidden (Permission denied): /admin/portal/student/
Traceback (most recent call last):
  File "C:\Users\ADMIN\placement_portal\.venv\Lib\site-packages\django\core\handlers\exception.py", line 55, in inner
    response = get_response(request)
  File "C:\Users\ADMIN\placement_portal\.venv\Lib\site-packages\django\core\handlers\base.py", line 197, in _get_response
    response = wrapped_callback(request, *callback_args, **callback_kwargs)
  File "C:\Users\ADMIN\placement_portal\.venv\Lib\site-packages\django\contrib\admin\options.py", line 718, in wrapper
    return self.admin_site.admin_view(view)(*args, **kwargs)
           ~~~~~~~~~~~~~~~~~~~~~~~~~~~~~~~~^^^^^^^^^^^^^^^^^
  File "C:\Users\ADMIN\placement_portal\.venv\Lib\site-packages\django\utils\decorators.py", line 188, in _view_wrapper
    result = _process_exception(request, e)
  File "C:\Users\ADMIN\placement_portal\.venv\Lib\site-packages\django\utils\decorators.py", line 186, in _view_wrapper
    response = view_func(request, *args, **kwargs)
  File "C:\Users\ADMIN\placement_portal\.venv\Lib\site-packages\django\views\decorators\cache.py", line 80, in _view_wrapper
    response = view_func(request, *args, **kwargs)
  File "C:\Users\ADMIN\placement_portal\.venv\Lib\site-packages\django\contrib\admin\sites.py", line 241, in inner
    return view(request, *args, **kwargs)
  File "C:\Users\ADMIN\placement_portal\.venv\Lib\site-packages\django\utils\decorators.py", line 48, in _wrapper
    return bound_method(*args, **kwargs)
  File "C:\Users\ADMIN\placement_portal\.venv\Lib\site-packages\django\utils\decorators.py", line 188, in _view_wrapper
    result = _process_exception(request, e)
  File "C:\Users\ADMIN\placement_portal\.venv\Lib\site-packages\django\utils\decorators.py", line 186, in _view_wrapper
    response = view_func(request, *args, **kwargs)
  File "C:\Users\ADMIN\placement_portal\.venv\Lib\site-packages\django\contrib\admin\options.py", line 1998, in changelist_view
    raise PermissionDenied
django.core.exceptions.PermissionDenied
"GET /admin/portal/student/ HTTP/1.1" 403 135
"GET /admin/ HTTP/1.1" 200 4515
"POST /admin/logout/ HTTP/1.1" 200 3559
"GET /admin/ HTTP/1.1" 302 0
"GET /admin/login/?next=/admin/ HTTP/1.1" 200 4164
"POST /admin/login/?next=/admin/ HTTP/1.1" 302 0
"GET /admin/ HTTP/1.1" 200 12570
"GET /admin/auth/user/ HTTP/1.1" 200 13893
"GET /admin/jsi18n/ HTTP/1.1" 200 5754
"GET /admin/auth/user/5/change/ HTTP/1.1" 200 25411
"GET /admin/jsi18n/ HTTP/1.1" 200 5754
"GET /admin/auth/user/5/password/ HTTP/1.1" 200 11028
"POST /admin/auth/user/5/password/ HTTP/1.1" 302 0
"GET /admin/auth/user/5/change/ HTTP/1.1" 200 25547
"GET /admin/jsi18n/ HTTP/1.1" 200 5754
"POST /admin/auth/user/5/change/ HTTP/1.1" 302 0
"GET /admin/auth/user/ HTTP/1.1" 200 14109
"GET /admin/jsi18n/ HTTP/1.1" 200 5754
Forbidden (CSRF token from POST incorrect.): /student/login/
"POST /student/login/ HTTP/1.1" 403 2503
Forbidden (CSRF token from POST incorrect.): /student/login/
"POST /student/login/ HTTP/1.1" 403 2503
"GET /student/login/ HTTP/1.1" 200 1136
"GET /student/login/ HTTP/1.1" 200 1136
"GET /student/login/ HTTP/1.1" 200 1136
"GET /student/login/ HTTP/1.1" 200 1136
"GET /student/login/ HTTP/1.1" 200 1136
"GET /student/login/ HTTP/1.1" 200 1136
"GET /student/login/ HTTP/1.1" 200 1136
"GET /student/login/ HTTP/1.1" 200 1136
"POST /student/login/ HTTP/1.1" 200 1136
C:\Users\ADMIN\placement_portal\portal\views.py changed, reloading.
Watching for file changes with StatReloader
"POST /student/login/ HTTP/1.1" 200 1136
"POST /student/login/ HTTP/1.1" 200 1136
C:\Users\ADMIN\placement_portal\portal\urls.py changed, reloading.
Watching for file changes with StatReloader
Watching for file changes with StatReloader
Not Found: /
"GET / HTTP/1.1" 404 6209
"GET /login/ HTTP/1.1" 200 1136
"POST /login/ HTTP/1.1" 200 1136
"GET /admin/ HTTP/1.1" 200 12959
"POST /admin/logout/ HTTP/1.1" 200 3559
Watching for file changes with StatReloader
"GET /admin/ HTTP/1.1" 302 0
"GET /admin/login/?next=/admin/ HTTP/1.1" 200 4164
"POST /login/ HTTP/1.1" 200 1136
"POST /login/ HTTP/1.1" 200 1136
"POST /admin/login/?next=/admin/ HTTP/1.1" 200 4538
"POST /admin/login/?next=/admin/ HTTP/1.1" 200 4325
Watching for file changes with StatReloader
"POST /admin/login/?next=/admin/ HTTP/1.1" 200 4325
"POST /admin/login/?next=/admin/ HTTP/1.1" 302 0
"GET /admin/ HTTP/1.1" 200 9094
"GET /admin/portal/student/ HTTP/1.1" 200 11334
"GET /admin/jsi18n/ HTTP/1.1" 200 5754
"GET /admin/portal/student/1/change/ HTTP/1.1" 200 14267
"GET /admin/jsi18n/ HTTP/1.1" 200 5754
"GET /admin/portal/recruiter/ HTTP/1.1" 200 10852
"GET /admin/jsi18n/ HTTP/1.1" 200 5754
"GET /admin/portal/recruiter/2/change/ HTTP/1.1" 200 12933
"GET /admin/jsi18n/ HTTP/1.1" 200 5754
"GET /admin/portal/job/ HTTP/1.1" 200 12769
"GET /admin/jsi18n/ HTTP/1.1" 200 5754
"GET /admin/portal/recruiter/ HTTP/1.1" 200 10852
"GET /admin/jsi18n/ HTTP/1.1" 200 5754
Forbidden (CSRF token from POST incorrect.): /login/
"POST /login/ HTTP/1.1" 403 2503
Forbidden (CSRF token from POST incorrect.): /login/
"POST /login/ HTTP/1.1" 403 2503
"GET /login/ HTTP/1.1" 200 1136
"POST /login/ HTTP/1.1" 200 1136
"GET /admin/portal/job/ HTTP/1.1" 200 12902
"GET /admin/jsi18n/ HTTP/1.1" 200 5754
"GET /admin/portal/job/add/ HTTP/1.1" 200 14577
"GET /admin/jsi18n/ HTTP/1.1" 200 5754
"POST /admin/portal/job/add/ HTTP/1.1" 302 0
"GET /admin/portal/job/ HTTP/1.1" 200 13393
"GET /admin/jsi18n/ HTTP/1.1" 200 5754
